0.6155 1.783 -67.03 35.78 983.8 -702.2 15.2958329767
0.6155 1.783 -67.03 35.78 983.8 -702.2 15.2958329767
1.6155 1.783 -67.03 35.78 983.8 -702.2 50.2950668335
-1.002534 1.783 -67.03 35.78 983.8 -702.2 60.2214615792
0.6155 1.783 -67.03 35.78 983.8 -702.2 15.2958329767
-0.002533974844 1.783 -67.03 35.78 983.8 -702.2 22.6943465881
0.997466 1.783 -67.03 35.78 983.8 -702.2 27.2305930033
0.444983394393 1.783 -67.03 35.78 983.8 -702.2 13.9726903755
0.442242582846 1.783 -67.03 35.78 983.8 -702.2 13.986730203
0.478060443129 1.783 -67.03 35.78 983.8 -702.2 13.9830267988
0.45761770239 1.783 -67.03 35.78 983.8 -702.2 13.9335933141
0.460584401765 1.783 -67.03 35.78 983.8 -702.2 13.9385814313
0.456038879404 1.783 -67.03 35.78 983.8 -702.2 13.9334696811
0.454444268188 1.783 -67.03 35.78 983.8 -702.2 13.9383815229
0.456038879404 1.783 -67.03 35.78 983.8 -702.2 13.9334696811
0.456038879404 2.783 -67.03 35.78 983.8 -702.2 21.7574123293
0.456038879404 0.164966 -67.03 35.78 983.8 -702.2 322726.066589
0.456038879404 1.783 -67.03 35.78 983.8 -702.2 13.9334696811
0.456038879404 1.16496602516 -67.03 35.78 983.8 -702.2 57.5148493052
0.456038879404 2.164966 -67.03 35.78 983.8 -702.2 18.073995132
0.456038879404 1.90736215547 -67.03 35.78 983.8 -702.2 14.9729486089
0.456038879404 1.54693203476 -67.03 35.78 983.8 -702.2 19.1083887592
0.456038879404 1.69283006359 -67.03 35.78 983.8 -702.2 14.3706209492
0.456038879404 1.77729200941 -67.03 35.78 983.8 -702.2 13.9327207115
0.456038879404 1.77903313569 -67.03 35.78 983.8 -702.2 13.9321952593
0.456038879404 1.77954495902 -67.03 35.78 983.8 -702.2 13.9320182148
0.456038879404 1.7808646672 -67.03 35.78 983.8 -702.2 13.9317322522
0.456038879404 1.7817404052 -67.03 35.78 983.8 -702.2 13.9314481989
0.456038879404 1.78222152759 -67.03 35.78 983.8 -702.2 13.9312983956
0.456038879404 1.78251887758 -67.03 35.78 983.8 -702.2 13.9315114357
0.456038879404 1.78209887893 -67.03 35.78 983.8 -702.2 13.93118673
0.456038879404 1.78202664242 -67.03 35.78 983.8 -702.2 13.9313174877
0.456038879404 1.78212759383 -67.03 35.78 983.8 -702.2 13.9312075917
0.456038879404 1.78207128704 -67.03 35.78 983.8 -702.2 13.9313141815
0.456038879404 1.78210984705 -67.03 35.78 983.8 -702.2 13.9311925508
0.456038879404 1.78208833977 -67.03 35.78 983.8 -702.2 13.9312184881
0.456038879404 1.78209887893 -67.03 35.78 983.8 -702.2 13.93118673
0.456038879404 1.78209887893 -66.03 35.78 983.8 -702.2 14.0828619711
0.456038879404 1.78209887893 -68.648034 35.78 983.8 -702.2 14.0928100329
0.456038879404 1.78209887893 -67.03 35.78 983.8 -702.2 13.93118673
0.456038879404 1.78209887893 -67.6480339748 35.78 983.8 -702.2 13.9679992106
0.456038879404 1.78209887893 -66.648034 35.78 983.8 -702.2 13.9754660893
0.456038879404 1.78209887893 -67.169308514 35.78 983.8 -702.2 13.9333863743
0.456038879404 1.78209887893 -67.0133138768 35.78 983.8 -702.2 13.9330552425
0.456038879404 1.78209887893 -67.0900153812 35.78 983.8 -702.2 13.9307846781
0.456038879404 1.78209887893 -67.1203026619 35.78 983.8 -702.2 13.9317019377
0.456038879404 1.78209887893 -67.0681861393 35.78 983.8 -702.2 13.9300621115
0.456038879404 1.78209887893 -67.0632214416 35.78 983.8 -702.2 13.9299474191
0.456038879404 1.78209887893 -67.0505319805 35.78 983.8 -702.2 13.9298618305
0.456038879404 1.78209887893 -67.0532367813 35.78 983.8 -702.2 13.9297682792
0.456038879404 1.78209887893 -67.0560620268 35.78 983.8 -702.2 13.9297838788
0.456038879404 1.78209887893 -67.0542687598 35.78 983.8 -702.2 13.9297835995
0.456038879404 1.78209887893 -67.0522036394 35.78 983.8 -702.2 13.9298456721
0.456038879404 1.78209887893 -67.0528421562 35.78 983.8 -702.2 13.929788582
0.456038879404 1.78209887893 -67.053630962 35.78 983.8 -702.2 13.9297834132
0.456038879404 1.78209887893 -67.0532367813 35.78 983.8 -702.2 13.9297682792
0.456038879404 1.78209887893 -67.0532367813 36.78 983.8 -702.2 13.9605160803
0.456038879404 1.78209887893 -67.0532367813 34.161966 983.8 -702.2 13.9610765036
0.456038879404 1.78209887893 -67.0532367813 35.78 983.8 -702.2 13.9297682792
0.456038879404 1.78209887893 -67.0532367813 35.1619660252 983.8 -702.2 13.937580213
0.456038879404 1.78209887893 -67.0532367813 36.161966 983.8 -702.2 13.9404999558
0.456038879404 1.78209887893 -67.0532367813 35.6261285201 983.8 -702.2 13.9315303881
0.456038879404 1.78209887893 -67.0532367813 35.9258980252 983.8 -702.2 13.9331797138
0.456038879404 1.78209887893 -67.0532367813 35.7523392921 983.8 -702.2 13.9299775939
0.456038879404 1.78209887893 -67.0532367813 35.8357280851 983.8 -702.2 13.9305386692
0.456038879404 1.78209887893 -67.0532367813 35.780919129 983.8 -702.2 13.9297698159
0.456038879404 1.78209887893 -67.0532367813 35.7778736922 983.8 -702.2 13.9297777787
0.456038879404 1.78209887893 -67.0532367813 35.7800449018 983.8 -702.2 13.9297442045
0.456038879404 1.78209887893 -67.0532367813 35.7804582057 983.8 -702.2 13.9297423884
0.456038879404 1.78209887893 -67.0532367813 35.7806342628 983.8 -702.2 13.9297689311
0.456038879404 1.78209887893 -67.0532367813 35.7802534469 983.8 -702.2 13.9297357295
0.456038879404 1.78209887893 -67.0532367813 35.7802639655 983.8 -702.2 13.9297357295
0.456038879404 1.78209887893 -67.0532367813 35.7802666052 983.8 -702.2 13.9297357295
0.456038879404 1.78209887893 -67.0532367813 35.7803397901 983.8 -702.2 13.9297489543
0.456038879404 1.78209887893 -67.0532367813 35.7802945593 983.8 -702.2 13.929731166
0.456038879404 1.78209887893 -67.0532367813 35.7803118359 983.8 -702.2 13.9297355898
0.456038879404 1.78209887893 -67.0532367813 35.7802893871 983.8 -702.2 13.929731166
0.456038879404 1.78209887893 -67.0532367813 35.7802864932 983.8 -702.2 13.929731166
0.456038879404 1.78209887893 -67.0532367813 35.7802788967 983.8 -702.2 13.9297336806
0.456038879404 1.78209887893 -67.0532367813 35.7802835916 983.8 -702.2 13.9297336806
0.456038879404 1.78209887893 -67.0532367813 35.7802864932 983.8 -702.2 13.929731166
0.456038879404 1.78209887893 -67.0532367813 35.7802864932 984.8 -702.2 13.9377630316
0.456038879404 1.78209887893 -67.0532367813 35.7802864932 982.181966 -702.2 13.9367638156
0.456038879404 1.78209887893 -67.0532367813 35.7802864932 983.8 -702.2 13.929731166
0.456038879404 1.78209887893 -67.0532367813 35.7802864932 983.181966025 -702.2 13.9322362375
0.456038879404 1.78209887893 -67.0532367813 35.7802864932 984.181966 -702.2 13.9322269708
0.456038879404 1.78209887893 -67.0532367813 35.7802864932 983.68240364 -702.2 13.9301063027
0.456038879404 1.78209887893 -67.0532367813 35.7802864932 983.823143388 -702.2 13.929838175
0.456038879404 1.78209887893 -67.0532367813 35.7802864932 983.769930891 -702.2 13.9297587797
0.456038879404 1.78209887893 -67.0532367813 35.7802864932 983.789374192 -702.2 13.9297629241
0.456038879404 1.78209887893 -67.0532367813 35.7802864932 983.808839987 -702.2 13.9298070222
0.456038879404 1.78209887893 -67.0532367813 35.7802864932 983.795941303 -702.2 13.9297679998
0.456038879404 1.78209887893 -67.0532367813 35.7802864932 983.803376575 -702.2 13.9297856018
0.456038879404 1.78209887893 -67.0532367813 35.7802864932 983.798449716 -702.2 13.9297745656
0.456038879404 1.78209887893 -67.0532367813 35.7802864932 983.801289737 -702.2 13.9297820628
0.456038879404 1.78209887893 -67.0532367813 35.7802864932 983.799407844 -702.2 13.9297389891
0.456038879404 1.78209887893 -67.0532367813 35.7802864932 983.800492636 -702.2 13.9297579415
0.456038879404 1.78209887893 -67.0532367813 35.7802864932 983.799809982 -702.2 13.929731166
0.456038879404 1.78209887893 -67.0532367813 35.7802864932 983.799904991 -702.2 13.9297357295
0.456038879404 1.78209887893 -67.0532367813 35.7802864932 983.799656379 -702.2 13.9297373127
0.456038879404 1.78209887893 -67.0532367813 35.7802864932 983.799751311 -702.2 13.9297334012
0.456038879404 1.78209887893 -67.0532367813 35.7802864932 983.799846272 -702.2 13.9297320042
0.456038879404 1.78209887893 -67.0532367813 35.7802864932 983.799787572 -702.2 13.929731911
0.456038879404 1.78209887893 -67.0532367813 35.7802864932 983.799823844 -702.2 13.9297315851
0.456038879404 1.78209887893 -67.0532367813 35.7802864932 983.799801422 -702.2 13.929731166
0.456038879404 1.78209887893 -67.0532367813 35.7802864932 983.799796132 -702.2 13.929731166
0.456038879404 1.78209887893 -67.0532367813 35.7802864932 983.799792862 -702.2 13.929731911
0.456038879404 1.78209887893 -67.0532367813 35.7802864932 983.79979817 -702.2 13.929731166
0.456038879404 1.78209887893 -67.0532367813 35.7802864932 983.79979817 -702.2 13.929731166
0.456038879404 1.78209887893 -67.0532367813 35.7802864932 983.79979817 -701.2 13.9316149987
0.456038879404 1.78209887893 -67.0532367813 35.7802864932 983.79979817 -703.818034 13.9319617767
0.456038879404 1.78209887893 -67.0532367813 35.7802864932 983.79979817 -702.2 13.929731166
0.456038879404 1.78209887893 -67.0532367813 35.7802864932 983.79979817 -702.818033975 13.9304590411
0.456038879404 1.78209887893 -67.0532367813 35.7802864932 983.79979817 -701.818034 13.9301115181
0.456038879404 1.78209887893 -67.0532367813 35.7802864932 983.79979817 -702.238088563 13.9297901187
0.456038879404 1.78209887893 -67.0532367813 35.7802864932 983.79979817 -702.09124046 13.9298217837
0.456038879404 1.78209887893 -67.0532367813 35.7802864932 983.79979817 -702.158457554 13.9297898393
0.456038879404 1.78209887893 -67.0532367813 35.7802864932 983.79979817 -702.198225866 13.9297600836
0.456038879404 1.78209887893 -67.0532367813 35.7802864932 983.79979817 -702.214548536 13.9297808055
0.456038879404 1.78209887893 -67.0532367813 35.7802864932 983.79979817 -702.205861571 13.9297667425
0.456038879404 1.78209887893 -67.0532367813 35.7802864932 983.79979817 -702.201894875 13.9297493268
0.456038879404 1.78209887893 -67.0532367813 35.7802864932 983.79979817 -702.200268161 13.9297334012
0.456038879404 1.78209887893 -67.0532367813 35.7802864932 983.79979817 -702.199322341 13.929731166
0.456038879404 1.78209887893 -67.0532367813 35.7802864932 983.79979817 -702.19966117 13.9297357295
0.456038879404 1.78209887893 -67.0532367813 35.7802864932 983.79979817 -702.198903525 13.9297279995
0.456038879404 1.78209887893 -67.0532367813 35.7802864932 983.79979817 -702.198644682 13.9297279995
0.456038879404 1.78209887893 -67.0532367813 35.7802864932 983.79979817 -702.198774103 13.9297279995
0.456038879404 1.78209887893 -67.0532367813 35.7802864932 983.79979817 -702.198823538 13.9297279995
0.456038879404 1.78209887893 -67.0532367813 35.7802864932 983.79979817 -702.19885409 13.9297279995
0.456038879404 1.78209887893 -67.0532367813 35.7802864932 983.79979817 -702.198872972 13.9297279995
0.456038879404 1.78209887893 -67.0532367813 35.7802864932 983.79979817 -702.198884642 13.9297279995
0.296577758808 1.78119775787 -67.0764735627 35.7805729865 983.799596341 -702.197769285 15.3319471981
0.456038879404 1.78209887893 -67.0532367813 35.7802864932 983.79979817 -702.198884642 13.9297279995
1.4560388794 1.78209887893 -67.0532367813 35.7802864932 983.79979817 -702.198884642 44.2529739812
-1.1619951206 1.78209887893 -67.0532367813 35.7802864932 983.79979817 -702.198884642 66.752678901
0.456038879404 1.78209887893 -67.0532367813 35.7802864932 983.79979817 -702.198884642 13.9297279995
-0.16199509544 1.78209887893 -67.0532367813 35.7802864932 983.79979817 -702.198884642 27.9871780425
0.838004879404 1.78209887893 -67.0532367813 35.7802864932 983.79979817 -702.198884642 21.662303526
0.411567773026 1.78209887893 -67.0532367813 35.7802864932 983.79979817 -702.198884642 14.1571398359
0.476801279527 1.78209887893 -67.0532367813 35.7802864932 983.79979817 -702.198884642 13.9763608575
0.456466168974 1.78209887893 -67.0532367813 35.7802864932 983.79979817 -702.198884642 13.9295984991
0.457461391823 1.78209887893 -67.0532367813 35.7802864932 983.79979817 -702.198884642 13.9311237261
0.456369957573 1.78209887893 -67.0532367813 35.7802864932 983.79979817 -702.198884642 13.9295479283
0.456313065825 1.78209887893 -67.0532367813 35.7802864932 983.79979817 -702.198884642 13.9295789413
0.456380484616 1.78209887893 -67.0532367813 35.7802864932 983.79979817 -702.198884642 13.9295625035
0.456351034453 1.78209887893 -67.0532367813 35.7802864932 983.79979817 -702.198884642 13.9295640402
0.45636610316 1.78209887893 -67.0532367813 35.7802864932 983.79979817 -702.198884642 13.9295329805
0.456360347426 1.78209887893 -67.0532367813 35.7802864932 983.79979817 -702.198884642 13.9295923058
0.45636610316 1.78209887893 -67.0532367813 35.7802864932 983.79979817 -702.198884642 13.9295329805
0.45636610316 2.78209887893 -67.0532367813 35.7802864932 983.79979817 -702.198884642 21.7553065158
0.45636610316 0.164064878933 -67.0532367813 35.7802864932 983.79979817 -702.198884642 326298.080444
0.45636610316 1.78209887893 -67.0532367813 35.7802864932 983.79979817 -702.198884642 13.9295329805
0.45636610316 1.16406490409 -67.0532367813 35.7802864932 983.79979817 -702.198884642 57.9344250262
0.45636610316 2.16406487893 -67.0532367813 35.7802864932 983.79979817 -702.198884642 18.0656947196
0.45636610316 1.90707792446 -67.0532367813 35.7802864932 983.79979817 -702.198884642 14.971801592
0.45636610316 1.5460309137 -67.0532367813 35.7802864932 983.79979817 -702.198884642 19.1194114275
0.45636610316 1.69192894252 -67.0532367813 35.7802864932 983.79979817 -702.198884642 14.3728605006
0.45636610316 1.77691232565 -67.0532367813 35.7802864932 983.79979817 -702.198884642 13.9308354817
0.45636610316 1.78179283311 -67.0532367813 35.7802864932 983.79979817 -702.198884642 13.929300569
0.45636610316 1.78011203748 -67.0532367813 35.7802864932 983.79979817 -702.198884642 13.9298880007
0.45636610316 1.78115082633 -67.0532367813 35.7802864932 983.79979817 -702.198884642 13.929691352
0.45636610316 1.78168273307 -67.0532367813 35.7802864932 983.79979817 -702.198884642 13.9295032248
0.45636610316 1.78188508386 -67.0532367813 35.7802864932 983.79979817 -702.198884642 13.9292361215
0.45636610316 1.78190084989 -67.0532367813 35.7802864932 983.79979817 -702.198884642 13.929192815
0.45636610316 1.78197649025 -67.0532367813 35.7802864932 983.79979817 -702.198884642 13.9294442721
0.45636610316 1.78192974194 -67.0532367813 35.7802864932 983.79979817 -702.198884642 13.9293925837
0.45636610316 1.78191188567 -67.0532367813 35.7802864932 983.79979817 -702.198884642 13.9293765184
0.45636610316 1.7818948278 -67.0532367813 35.7802864932 983.79979817 -702.198884642 13.9291884843
0.45636610316 1.78189278728 -67.0532367813 35.7802864932 983.79979817 -702.198884642 13.9291662257
0.45636610316 1.78188984483 -67.0532367813 35.7802864932 983.79979817 -702.198884642 13.9291824307
0.45636610316 1.78189278728 -67.0532367813 35.7802864932 983.79979817 -702.198884642 13.9291662257
0.45636610316 1.78189278728 -66.0532367813 35.7802864932 983.79979817 -702.198884642 14.080605749
0.45636610316 1.78189278728 -68.6712707813 35.7802864932 983.79979817 -702.198884642 14.0926821157
0.45636610316 1.78189278728 -67.0532367813 35.7802864932 983.79979817 -702.198884642 13.9291662257
0.45636610316 1.78189278728 -67.6712707562 35.7802864932 983.79979817 -702.198884642 13.967135828
0.45636610316 1.78189278728 -66.6712707813 35.7802864932 983.79979817 -702.198884642 13.9735518023
0.45636610316 1.78189278728 -67.1893297878 35.7802864932 983.79979817 -702.198884642 13.9320433605
0.45636610316 1.78189278728 -66.9948575923 35.7802864932 983.79979817 -702.198884642 13.9358213171
0.45636610316 1.78189278728 -67.1060717697 35.7802864932 983.79979817 -702.198884642 13.9291386586
0.45636610316 1.78189278728 -67.0806569353 35.7802864932 983.79979817 -702.198884642 13.9282902703
0.45636610316 1.78189278728 -67.0798652681 35.7802864932 983.79979817 -702.198884642 13.9282483142
0.45636610316 1.78189278728 -67.0696940915 35.7802864932 983.79979817 -702.198884642 13.928278815
0.45636610316 1.78189278728 -67.0750732267 35.7802864932 983.79979817 -702.198884642 13.9281924348
0.45636610316 1.78189278728 -67.0753298538 35.7802864932 983.79979817 -702.198884642 13.9282364398
0.45636610316 1.78189278728 -67.0730185799 35.7802864932 983.79979817 -702.198884642 13.9282575808
0.45636610316 1.78189278728 -67.0742884215 35.7802864932 983.79979817 -702.198884642 13.9282106422
0.45636610316 1.78189278728 -67.0747428792 35.7802864932 983.79979817 -702.198884642 13.9282159042
0.45636610316 1.78189278728 -67.0750732267 35.7802864932 983.79979817 -702.198884642 13.9281924348
0.45636610316 1.78189278728 -67.0750732267 36.7802864932 983.79979817 -702.198884642 13.9588015154
0.45636610316 1.78189278728 -67.0750732267 34.1622524932 983.79979817 -702.198884642 13.9600806404
0.45636610316 1.78189278728 -67.0750732267 35.7802864932 983.79979817 -702.198884642 13.9281924348
0.45636610316 1.78189278728 -67.0750732267 35.1622525184 983.79979817 -702.198884642 13.9361937065
0.45636610316 1.78189278728 -67.0750732267 36.1622524932 983.79979817 -702.198884642 13.9389239717
0.45636610316 1.78189278728 -67.0750732267 35.6289905468 983.79979817 -702.198884642 13.9300609939
0.45636610316 1.78189278728 -67.0750732267 35.9261845184 983.79979817 -702.198884642 13.9313177206
0.45636610316 1.78189278728 -67.0750732267 35.7589811496 983.79979817 -702.198884642 13.9283645432
0.45636610316 1.78189278728 -67.0750732267 35.8360145783 983.79979817 -702.198884642 13.9287057798
0.45636610316 1.78189278728 -67.0750732267 35.7876297072 983.79979817 -702.198884642 13.9283035882
0.45636610316 1.78189278728 -67.0750732267 35.7746182628 983.79979817 -702.198884642 13.9282299206
0.45636610316 1.78189278728 -67.0750732267 35.779430491 983.79979817 -702.198884642 13.9281935059
0.45636610316 1.78189278728 -67.0750732267 35.7804199318 983.79979817 -702.198884642 13.9282118063
0.45636610316 1.78189278728 -67.0750732267 35.7798627195 983.79979817 -702.198884642 13.9282185584
0.45636610316 1.78189278728 -67.0750732267 35.7801246261 983.79979817 -702.198884642 13.9281953685
0.45636610316 1.78189278728 -67.0750732267 35.7802246655 983.79979817 -702.198884642 13.9281918295
0.45636610316 1.78189278728 -67.0750732267 35.7801864538 983.79979817 -702.198884642 13.9281979762
0.45636610316 1.78189278728 -67.0750732267 35.7802482816 983.79979817 -702.198884642 13.9281916898
0.45636610316 1.78189278728 -67.0750732267 35.7802436692 983.79979817 -702.198884642 13.9281916898
0.45636610316 1.78189278728 -67.0750732267 35.7802459754 983.79979817 -702.198884642 13.9281916898
0.45636610316 1.78189278728 -67.0750732267 35.7802450945 983.79979817 -702.198884642 13.9281916898
0.45636610316 1.78189278728 -67.0750732267 35.7802445501 983.79979817 -702.198884642 13.9281916898
0.45636610316 1.78189278728 -67.0750732267 35.7802441306 983.79979817 -702.198884642 13.9281916898
0.45636610316 1.78189278728 -67.0750732267 35.7802441306 983.79979817 -702.198884642 13.9281916898
0.45636610316 1.78189278728 -67.0750732267 35.7802441306 984.79979817 -702.198884642 13.9358581044
0.45636610316 1.78189278728 -67.0750732267 35.7802441306 982.18176417 -702.198884642 13.9353751205
0.45636610316 1.78189278728 -67.0750732267 35.7802441306 983.79979817 -702.198884642 13.9281916898
0.45636610316 1.78189278728 -67.0750732267 35.7802441306 983.181764196 -702.198884642 13.9308399986
0.45636610316 1.78189278728 -67.0750732267 35.7802441306 984.18176417 -702.198884642 13.930373732
0.45636610316 1.78189278728 -67.0750732267 35.7802441306 983.705082844 -702.198884642 13.9285223559
0.45636610316 1.78189278728 -67.0750732267 35.7802441306 983.842846977 -702.198884642 13.9282180928
0.45636610316 1.78189278728 -67.0750732267 35.7802441306 983.811029628 -702.198884642 13.9281870797
0.45636610316 1.78189278728 -67.0750732267 35.7802441306 983.811792042 -702.198884642 13.9281910844
0.45636610316 1.78189278728 -67.0750732267 35.7802441306 983.805848554 -702.198884642 13.9282017015
0.45636610316 1.78189278728 -67.0750732267 35.7802441306 983.809050634 -702.198884642 13.9281902462
0.45636610316 1.78189278728 -67.0750732267 35.7802441306 983.81036018 -702.198884642 13.9281685464
0.45636610316 1.78189278728 -67.0750732267 35.7802441306 983.810075907 -702.198884642 13.928161934
0.45636610316 1.78189278728 -67.0750732267 35.7802441306 983.809684288 -702.198884642 13.928192528
0.45636610316 1.78189278728 -67.0750732267 35.7802441306 983.809926322 -702.198884642 13.9281686395
0.45636610316 1.78189278728 -67.0750732267 35.7802441306 983.810178684 -702.198884642 13.9281734824
0.45636610316 1.78189278728 -67.0750732267 35.7802441306 983.810075907 -702.198884642 13.928161934
0.45636610316 1.78189278728 -67.0750732267 35.7802441306 983.810075907 -701.198884642 13.9297686983
0.45636610316 1.78189278728 -67.0750732267 35.7802441306 983.810075907 -703.816918642 13.9304678421
0.45636610316 1.78189278728 -67.0750732267 35.7802441306 983.810075907 -702.198884642 13.928161934
0.45636610316 1.78189278728 -67.0750732267 35.7802441306 983.810075907 -702.816918617 13.9289320912
0.45636610316 1.78189278728 -67.0750732267 35.7802441306 983.810075907 -701.816918642 13.9283879194
0.45636610316 1.78189278728 -67.0750732267 35.7802441306 983.810075907 -702.168867083 13.9281712007
0.45636610316 1.78189278728 -67.0750732267 35.7802441306 983.810075907 -702.375883511 13.9283385128
0.45636610316 1.78189278728 -67.0750732267 35.7802441306 983.810075907 -702.208336528 13.9282010496
0.45636610316 1.78189278728 -67.0750732267 35.7802441306 983.810075907 -702.185245806 13.9281819575
0.45636610316 1.78189278728 -67.0750732267 35.7802441306 983.810075907 -702.19367507 13.9281910844
0.45636610316 1.78189278728 -67.0750732267 35.7802441306 983.810075907 -702.202494941 13.9282030053
0.45636610316 1.78189278728 -67.0750732267 35.7802441306 983.810075907 -702.196894763 13.9281615615
0.45636610316 1.78189278728 -67.0750732267 35.7802441306 983.810075907 -702.19566495 13.928187266
0.45636610316 1.78189278728 -67.0750732267 35.7802441306 983.810075907 -702.197654829 13.9281665906
0.45636610316 1.78189278728 -67.0750732267 35.7802441306 983.810075907 -702.196425016 13.9281946234
0.45636610316 1.78189278728 -67.0750732267 35.7802441306 983.810075907 -702.197185082 13.9281638898
0.45636610316 1.78189278728 -67.0750732267 35.7802441306 983.810075907 -702.196715336 13.9281648211
0.45636610316 1.78189278728 -67.0750732267 35.7802441306 983.810075907 -702.197005655 13.9281615615
0.45636610316 1.78189278728 -67.0750732267 35.7802441306 983.810075907 -702.196950209 13.9281615615
0.45636610316 1.78189278728 -67.0750732267 35.7802441306 983.810075907 -702.196971388 13.9281615615
0.456693326915 1.78168669563 -67.096909672 35.7802017681 983.820353643 -702.195058133 13.9267468825
0.45636610316 1.78189278728 -67.0750732267 35.7802441306 983.810075907 -702.196971388 13.9281615615
0.456693326915 1.78168669563 -67.096909672 35.7802017681 983.820353643 -702.195058133 13.9267468825
0.457222786078 1.78135323232 -67.1322417831 35.7801332239 983.83698337 -702.191962422 13.9243739657
0.458079469004 1.78081367736 -67.18941034 35.7800223172 983.863890834 -702.186953456 13.9207975473
0.467074395522 1.77514850408 -67.7896638912 35.7788578285 984.146411533 -702.134360741 13.883233536
0.481628492455 1.76598206109 -68.7608945457 35.776973646 984.60353963 -702.04926394 13.8322581537
0.535569494112 1.7320090074 -72.3605101442 35.7699904105 986.297766867 -701.733874623 13.964448357
0.481628492455 1.76598206109 -68.7608945457 35.776973646 984.60353963 -702.04926394 13.8322581537
0.502232121094 1.75300550966 -70.1358253174 35.7743062875 985.250676831 -701.928795944 13.8119323645
0.514965864116 1.74498555968 -70.985579282 35.7726577692 985.650629623 -701.854342627 13.8354032766
0.497741448088 1.75583381968 -69.8361516721 35.7748876528 985.109629756 -701.955052599 13.8109600171
0.498536761949 1.7553329161 -69.8892249205 35.774784691 985.134609685 -701.950402454 13.8108922169
0.498958468537 1.75506731739 -69.9173664374 35.7747300966 985.147855023 -701.947936765 13.8107953593
0.50020889251 1.75427977694 -70.000810302 35.7745682159 985.187129457 -701.940625622 13.8108937535
0.499384392191 1.75479906269 -69.9457893695 35.7746749562 985.161232814 -701.945446419 13.8105990365
0.499384392191 1.75479906269 -69.9457893695 35.7746749562 985.161232814 -701.945446419 13.8105990365
1.49938439219 1.75479906269 -69.9457893695 35.7746749562 985.161232814 -701.945446419 38.2463267073
-1.11864960781 1.75479906269 -69.9457893695 35.7746749562 985.161232814 -701.945446419 59.0330794454
0.499384392191 1.75479906269 -69.9457893695 35.7746749562 985.161232814 -701.945446419 13.8105990365
-0.118649582653 1.75479906269 -69.9457893695 35.7746749562 985.161232814 -701.945446419 25.9782136418
0.881350392191 1.75479906269 -69.9457893695 35.7746749562 985.161232814 -701.945446419 19.24077617
0.480710905664 1.75479906269 -69.9457893695 35.7746749562 985.161232814 -701.945446419 13.9173849951
0.547511771583 1.75479906269 -69.9457893695 35.7746749562 985.161232814 -701.945446419 13.7495267671
0.675026774142 1.75479906269 -69.9457893695 35.7746749562 985.161232814 -701.945446419 14.6300366614
0.532973442861 1.75479906269 -69.9457893695 35.7746749562 985.161232814 -701.945446419 13.7146974448
0.529263564663 1.75479906269 -69.9457893695 35.7746749562 985.161232814 -701.945446419 13.7116538826
0.526366785228 1.75479906269 -69.9457893695 35.7746749562 985.161232814 -701.945446419 13.7096514925
0.516060428489 1.75479906269 -69.9457893695 35.7746749562 985.161232814 -701.945446419 13.7292427476
0.52243010737 1.75479906269 -69.9457893695 35.7746749562 985.161232814 -701.945446419 13.7074734084
0.519997106607 1.75479906269 -69.9457893695 35.7746749562 985.161232814 -701.945446419 13.7145501096
0.523933784465 1.75479906269 -69.9457893695 35.7746749562 985.161232814 -701.945446419 13.7082258239
0.521500783801 1.75479906269 -69.9457893695 35.7746749562 985.161232814 -701.945446419 13.7090477627
0.52290455914 1.75479906269 -69.9457893695 35.7746749562 985.161232814 -701.945446419 13.7076932006
0.522075137364 1.75479906269 -69.9457893695 35.7746749562 985.161232814 -701.945446419 13.7075817678
0.522660564532 1.75479906269 -69.9457893695 35.7746749562 985.161232814 -701.945446419 13.7075010221
0.52243010737 1.75479906269 -69.9457893695 35.7746749562 985.161232814 -701.945446419 13.7074734084
0.52243010737 2.75479906269 -69.9457893695 35.7746749562 985.161232814 -701.945446419 21.6746178456
0.52243010737 0.136765062692 -69.9457893695 35.7746749562 985.161232814 -701.945446419 534243.830872
0.52243010737 1.75479906269 -69.9457893695 35.7746749562 985.161232814 -701.945446419 13.7074734084
0.52243010737 1.13676508785 -69.9457893695 35.7746749562 985.161232814 -701.945446419 105.811484903
0.52243010737 2.13676506269 -69.9457893695 35.7746749562 985.161232814 -701.945446419 17.8112772293
0.52243010737 1.91215932692 -69.9457893695 35.7746749562 985.161232814 -701.945446419 15.1021006051
0.52243010737 1.51873109746 -69.9457893695 35.7746749562 985.161232814 -701.945446419 17.4917280674
0.52243010737 1.76344319337 -69.9457893695 35.7746749562 985.161232814 -701.945446419 13.7585233431
0.52243010737 1.66462912628 -69.9457893695 35.7746749562 985.161232814 -701.945446419 13.9469192363
0.52243010737 1.72503901319 -69.9457893695 35.7746749562 985.161232814 -701.945446419 13.7184733059
0.52243010737 1.74105004497 -69.9457893695 35.7746749562 985.161232814 -701.945446419 13.6989548337
0.52243010737 1.74291034993 -69.9457893695 35.7746749562 985.161232814 -701.945446419 13.6975563131
0.52243010737 1.74523888221 -69.9457893695 35.7746749562 985.161232814 -701.945446419 13.696582336
0.52243010737 1.74889054611 -69.9457893695 35.7746749562 985.161232814 -701.945446419 13.7004100718
0.52243010737 1.74670153746 -69.9457893695 35.7746749562 985.161232814 -701.945446419 13.6982021388
0.52243010737 1.74459429741 -69.9457893695 35.7746749562 985.161232814 -701.945446419 13.6963037308
0.52243010737 1.74448870048 -69.9457893695 35.7746749562 985.161232814 -701.945446419 13.6964062694
0.52243010737 1.74480105661 -69.9457893695 35.7746749562 985.161232814 -701.945446419 13.6964686215
0.52243010737 1.74469634508 -69.9457893695 35.7746749562 985.161232814 -701.945446419 13.6963770259
0.52243010737 1.74459429741 -69.9457893695 35.7746749562 985.161232814 -701.945446419 13.6963037308
0.52243010737 1.74459429741 -69.9457893695 35.7746749562 985.161232814 -700.945446419 13.7007336598
0.52243010737 1.74459429741 -69.9457893695 35.7746749562 985.161232814 -703.563480419 13.691719668
0.52243010737 1.74459429741 -69.9457893695 35.7746749562 985.161232814 -705.076941415 13.6877149809
0.52243010737 1.74459429741 -69.9457893695 35.7746749562 985.161232814 -707.525772766 13.6820415035
0.52243010737 1.74459429741 -69.9457893695 35.7746749562 985.161232814 -720.242558771 13.7075899169
0.52243010737 1.74459429741 -69.9457893695 35.7746749562 985.161232814 -707.525772766 13.6820415035
0.52243010737 1.74459429741 -69.9457893695 35.7746749562 985.161232814 -712.383152649 13.6773087084
0.52243010737 1.74459429741 -69.9457893695 35.7746749562 985.161232814 -715.385178568 13.6882975698
0.52243010737 1.74459429741 -69.9457893695 35.7746749562 985.161232814 -710.780579084 13.675449416
0.52243010737 1.74459429741 -69.9457893695 35.7746749562 985.161232814 -710.692227757 13.6756272521
0.52243010737 1.74459429741 -69.9457893695 35.7746749562 985.161232814 -711.27272868 13.6745906435
0.52243010737 1.74459429741 -69.9457893695 35.7746749562 985.161232814 -711.696872881 13.674944127
0.52243010737 1.74459429741 -69.9457893695 35.7746749562 985.161232814 -711.366001502 13.6745731812
0.52243010737 1.74459429741 -69.9457893695 35.7746749562 985.161232814 -711.460207053 13.6745771393
0.52243010737 1.74459429741 -69.9457893695 35.7746749562 985.161232814 -711.366001502 13.6745731812
0.52243010737 1.74459429741 -69.9457893695 36.7746749562 985.161232814 -711.366001502 13.7021142524
0.52243010737 1.74459429741 -69.9457893695 34.1566409562 985.161232814 -711.366001502 13.7494794093
0.52243010737 1.74459429741 -69.9457893695 35.7746749562 985.161232814 -711.366001502 13.6745731812
0.52243010737 1.74459429741 -69.9457893695 35.1566409814 985.161232814 -711.366001502 13.6958167423
0.52243010737 1.74459429741 -69.9457893695 36.1566409562 985.161232814 -711.366001502 13.6829904281
0.52243010737 1.74459429741 -69.9457893695 35.7703303918 985.161232814 -711.366001502 13.6745511089
0.52243010737 1.74459429741 -69.9457893695 35.714629062 985.161232814 -711.366001502 13.6757517699
0.52243010737 1.74459429741 -69.9457893695 35.7490543777 985.161232814 -711.366001502 13.6747633573
0.52243010737 1.74459429741 -69.9457893695 35.7681801237 985.161232814 -711.366001502 13.6745619122
0.52243010737 1.74459429741 -69.9457893695 35.7708699244 985.161232814 -711.366001502 13.6745542288
0.52243010737 1.74459429741 -69.9457893695 35.7698805124 985.161232814 -711.366001502 13.6745462194
0.52243010737 1.74459429741 -69.9457893695 35.7692310217 985.161232814 -711.366001502 13.6745459866
0.52243010737 1.74459429741 -69.9457893695 35.7695370178 985.161232814 -711.366001502 13.674567733
0.52243010737 1.74459429741 -69.9457893695 35.7691765824 985.161232814 -711.366001502 13.6745511089
0.52243010737 1.74459429741 -69.9457893695 35.7693479018 985.161232814 -711.366001502 13.6745241936
0.52243010737 1.74459429741 -69.9457893695 35.7694201377 985.161232814 -711.366001502 13.6745282914
0.52243010737 1.74459429741 -69.9457893695 35.7692946313 985.161232814 -711.366001502 13.6745231226
0.52243010737 1.74459429741 -69.9457893695 35.7692946313 985.161232814 -711.366001502 13.6745231226
0.52243010737 1.74459429741 -69.9457893695 35.7692946313 986.161232814 -711.366001502 13.6807080358
0.52243010737 1.74459429741 -69.9457893695 35.7692946313 983.543198814 -711.366001502 13.6923023965
0.52243010737 1.74459429741 -69.9457893695 35.7692946313 985.161232814 -711.366001502 13.6745231226
0.52243010737 1.74459429741 -69.9457893695 35.7692946313 984.543198839 -711.366001502 13.680746872
0.52243010737 1.74459429741 -69.9457893695 35.7692946313 985.543198814 -711.366001502 13.6767530814
0.52243010737 1.74459429741 -69.9457893695 35.7692946313 985.168723835 -711.366001502 13.6745477561
0.52243010737 1.74459429741 -69.9457893695 35.7692946313 984.925164849 -711.366001502 13.676476432
0.52243010737 1.74459429741 -69.9457893695 35.7692946313 985.130344718 -711.366001502 13.6745726224
0.52243010737 1.74459429741 -69.9457893695 35.7692946313 985.152076348 -711.366001502 13.6745702941
0.52243010737 1.74459429741 -69.9457893695 35.7692946313 985.161735263 -711.366001502 13.6745645199
0.52243010737 1.74459429741 -69.9457893695 35.7692946313 985.157735355 -711.366001502 13.6745627038
0.52243010737 1.74459429741 -69.9457893695 35.7692946313 985.159896904 -711.366001502 13.674563216
0.52243010737 1.74459429741 -69.9457893695 35.7692946313 985.160722541 -711.366001502 13.6745560449
0.52243010737 1.74459429741 -69.9457893695 35.7692946313 985.161037907 -711.366001502 13.6745426338
0.52243010737 1.74459429741 -69.9457893695 35.7692946313 985.161424732 -711.366001502 13.6745305732
0.52243010737 1.74459429741 -69.9457893695 35.7692946313 985.161274726 -711.366001502 13.6745200027
0.52243010737 1.74459429741 -69.9457893695 35.7692946313 985.161303065 -711.366001502 13.6745268013
0.52243010737 1.74459429741 -69.9457893695 35.7692946313 985.161262088 -711.366001502 13.6745208874
0.52243010737 1.74459429741 -69.9457893695 35.7692946313 985.161285551 -711.366001502 13.6745200027
0.52243010737 1.74459429741 -69.9457893695 35.7692946313 985.161280138 -711.366001502 13.6745200027
0.52243010737 1.74459429741 -69.9457893695 35.7692946313 985.161278071 -711.366001502 13.6745200027
0.52243010737 1.74459429741 -69.9457893695 35.7692946313 985.161276793 -711.366001502 13.6745200027
0.52243010737 1.74459429741 -69.9457893695 35.7692946313 985.161276004 -711.366001502 13.6745200027
0.52243010737 1.74459429741 -69.9457893695 35.7692946313 985.161275516 -711.366001502 13.6745200027
0.52243010737 1.74459429741 -69.9457893695 35.7692946313 985.161275516 -711.366001502 13.6745200027
0.565448396401 1.71750057283 -72.8165055124 35.7637254568 986.512432423 -711.114476533 13.9334103093
0.452825053096 1.78843286498 -65.3008730461 35.7783057448 982.975057701 -711.772977454 14.1174355056
0.52243010737 1.74459429741 -69.9457893695 35.7692946313 985.161275516 -711.366001502 13.6745200027
0.495843343209 1.76133913972 -68.1715892611 35.7727365703 984.326214642 -711.521452479 13.8510879129
0.538861631158 1.73424541581 -71.0423053317 35.767167396 985.677371515 -711.269927516 13.6929007247
0.527545195145 1.74137271928 -70.2871317469 35.7686324288 985.321934769 -711.336093937 13.6711013503
0.527103885342 1.74165066446 -70.2576820592 35.7686895611 985.308073716 -711.338674245 13.6711002793
0.527316085188 1.74151701702 -70.2718426764 35.7686620895 985.314738678 -711.337433527 13.6710820254
0.527364944967 1.74148624422 -70.2751032095 35.7686557641 985.31627331 -711.337147847 13.6711596046
0.527267225409 1.74154778983 -70.2685821433 35.768668415 985.313204047 -711.337719207 13.6710284278
0.527204835057 1.74158708444 -70.2644186818 35.768676492 985.311244435 -711.338083999 13.6710594874
0.598168347659 1.70120279237 -73.46209106 35.7570926993 986.816332186 -720.478467026 14.0595529694
0.527267225409 1.74154778983 -70.2685821433 35.768668415 985.313204047 -711.337719207 13.6710284278
1.52726722541 1.74154778983 -70.2685821433 35.768668415 985.313204047 -711.337719207 38.0269667134
-1.09076677459 1.74154778983 -70.2685821433 35.768668415 985.313204047 -711.337719207 57.225981541
0.527267225409 1.74154778983 -70.2685821433 35.768668415 985.313204047 -711.337719207 13.6710284278
-0.0907667494345 1.74154778983 -70.2685821433 35.768668415 985.313204047 -711.337719207 25.1121013425
0.909233225409 1.74154778983 -70.2685821433 35.768668415 985.313204047 -711.337719207 19.4800963625
0.492743632565 1.74154778983 -70.2685821433 35.768668415 985.313204047 -711.337719207 13.8576932251
0.564623045777 1.74154778983 -70.2685821433 35.768668415 985.313204047 -711.337719207 13.7029838283
0.541035762943 1.74154778983 -70.2685821433 35.768668415 985.313204047 -711.337719207 13.6521105655
0.54141990185 1.74154778983 -70.2685821433 35.768668415 985.313204047 -711.337719207 13.6522551533
0.539706171088 1.74154778983 -70.2685821433 35.768668415 985.313204047 -711.337719207 13.6514658108
0.534954916763 1.74154778983 -70.2685821433 35.768668415 985.313204047 -711.337719207 13.6500373483
0.532370070634 1.74154778983 -70.2685821433 35.768668415 985.313204047 -711.337719207 13.6510791257
0.535763362517 1.74154778983 -70.2685821433 35.768668415 985.313204047 -711.337719207 13.6502900161
0.534618103503 1.74154778983 -70.2685821433 35.768668415 985.313204047 -711.337719207 13.6498953681
0.53375943138 1.74154778983 -70.2685821433 35.768668415 985.313204047 -711.337719207 13.6497453786
0.53382435345 1.74154778983 -70.2685821433 35.768668415 985.313204047 -711.337719207 13.6497271247
0.534036687412 1.74154778983 -70.2685821433 35.768668415 985.313204047 -711.337719207 13.6497707572
0.533905457804 1.74154778983 -70.2685821433 35.768668415 985.313204047 -711.337719207 13.6497016996
0.533905457804 1.74154778983 -70.2685821433 35.768668415 985.313204047 -711.337719207 13.6497016996
0.533905457804 2.74154778983 -70.2685821433 35.768668415 985.313204047 -711.337719207 21.6474923305
0.533905457804 0.123513789827 -70.2685821433 35.768668415 985.313204047 -711.337719207 638212.07428
0.533905457804 1.74154778983 -70.2685821433 35.768668415 985.313204047 -711.337719207 13.6497016996
0.533905457804 1.12351381498 -70.2685821433 35.768668415 985.313204047 -711.337719207 128.352083266
0.533905457804 2.12351378983 -70.2685821433 35.768668415 985.313204047 -711.337719207 17.7236480638
0.533905457804 1.90535807484 -70.2685821433 35.768668415 985.313204047 -711.337719207 15.1009789668
0.533905457804 1.50547982459 -70.2685821433 35.768668415 985.313204047 -711.337719207 17.3329723999
0.533905457804 1.75104043552 -70.2685821433 35.768668415 985.313204047 -711.337719207 13.7043706607
0.533905457804 1.65137785342 -70.2685821433 35.768668415 985.313204047 -711.337719207 13.8594706077
0.533905457804 1.7108004336 -70.2685821433 35.768668415 985.313204047 -711.337719207 13.6541746091
0.533905457804 1.72666981623 -70.2685821433 35.768668415 985.313204047 -711.337719207 13.640399836
0.533905457804 1.72767185156 -70.2685821433 35.768668415 985.313204047 -711.337719207 13.6401469819
0.533905457804 1.7291658527 -70.2685821433 35.768668415 985.313204047 -711.337719207 13.6392890476
0.533905457804 1.7338953317 -70.2685821433 35.768668415 985.313204047 -711.337719207 13.6385308579
0.533905457804 1.73273570886 -70.2685821433 35.768668415 985.313204047 -711.337719207 13.6383765377
0.533905457804 1.73250589836 -70.2685821433 35.768668415 985.313204047 -711.337719207 13.6383278295
0.533905457804 1.73123011448 -70.2685821433 35.768668415 985.313204047 -711.337719207 13.6385763064
0.533905457804 1.73201859229 -70.2685821433 35.768668415 985.313204047 -711.337719207 13.6384451762
0.533905457804 1.73241547943 -70.2685821433 35.768668415 985.313204047 -711.337719207 13.6382632889
0.533905457804 1.73226388204 -70.2685821433 35.768668415 985.313204047 -711.337719207 13.6383873876
0.533905457804 1.73241547943 -70.2685821433 35.768668415 985.313204047 -711.337719207 13.6382632889
0.533905457804 1.73241547943 -70.2685821433 35.768668415 985.313204047 -710.337719207 13.6421767529
0.533905457804 1.73241547943 -70.2685821433 35.768668415 985.313204047 -712.955753207 13.6329359841
0.533905457804 1.73241547943 -70.2685821433 35.768668415 985.313204047 -719.086865773 13.6215430684
0.533905457804 1.73241547943 -70.2685821433 35.768668415 985.313204047 -729.007214364 13.6646874249
0.533905457804 1.73241547943 -70.2685821433 35.768668415 985.313204047 -719.086865773 13.6215430684
0.533905457804 1.73241547943 -70.2685821433 35.768668415 985.313204047 -722.876101643 13.6344500352
0.533905457804 1.73241547943 -70.2685821433 35.768668415 985.313204047 -716.744989231 13.6255688034
0.533905457804 1.73241547943 -70.2685821433 35.768668415 985.313204047 -718.944124354 13.6217605323
0.533905457804 1.73241547943 -70.2685821433 35.768668415 985.313204047 -720.534225042 13.6244630441
0.533905457804 1.73241547943 -70.2685821433 35.768668415 985.313204047 -719.357564384 13.6211346835
0.533905457804 1.73241547943 -70.2685821433 35.768668415 985.313204047 -719.807008749 13.6214873288
0.533905457804 1.73241547943 -70.2685821433 35.768668415 985.313204047 -719.4590902 13.6210655328
0.533905457804 1.73241547943 -70.2685821433 35.768668415 985.313204047 -719.54030391 13.6210827157
0.533905457804 1.73241547943 -70.2685821433 35.768668415 985.313204047 -719.4590902 13.6210655328
0.533905457804 1.73241547943 -70.2685821433 36.768668415 985.313204047 -719.4590902 13.6485879775
0.533905457804 1.73241547943 -70.2685821433 34.150634415 985.313204047 -719.4590902 13.7086017989
0.533905457804 1.73241547943 -70.2685821433 35.768668415 985.313204047 -719.4590902 13.6210655328
0.533905457804 1.73241547943 -70.2685821433 35.1506344401 985.313204047 -719.4590902 13.6462016031
0.533905457804 1.73241547943 -70.2685821433 36.150634415 985.313204047 -719.4590902 13.6286321096
0.533905457804 1.73241547943 -70.2685821433 35.7958834939 985.313204047 -719.4590902 13.6213993654
0.533905457804 1.73241547943 -70.2685821433 35.5326004497 985.313204047 -719.4590902 13.6297805235
0.533905457804 1.73241547943 -70.2685821433 35.6784984785 985.313204047 -719.4590902 13.6236649472
0.533905457804 1.73241547943 -70.2685821433 35.7647565609 985.313204047 -719.4590902 13.6210529599
0.533905457804 1.73241547943 -70.2685821433 35.7611867147 985.313204047 -719.4590902 13.6210903525
0.533905457804 1.73241547943 -70.2685821433 35.7658341488 985.313204047 -719.4590902 13.6210473254
0.533905457804 1.73241547943 -70.2685821433 35.766173011 985.313204047 -719.4590902 13.6210673023
0.533905457804 1.73241547943 -70.2685821433 35.7654225468 985.313204047 -719.4590902 13.6210591067
0.533905457804 1.73241547943 -70.2685821433 35.7656769308 985.313204047 -719.4590902 13.6210754048
0.533905457804 1.73241547943 -70.2685821433 35.7659635826 985.313204047 -719.4590902 13.6210373137
0.533905457804 1.73241547943 -70.2685821433 35.7660435771 985.313204047 -719.4590902 13.6210616678
0.533905457804 1.73241547943 -70.2685821433 35.7659141433 985.313204047 -719.4590902 13.621038897
0.533905457804 1.73241547943 -70.2685821433 35.7659906309 985.313204047 -719.4590902 13.6210652068
0.533905457804 1.73241547943 -70.2685821433 35.7659635826 985.313204047 -719.4590902 13.6210373137
0.533905457804 1.73241547943 -70.2685821433 35.7659635826 986.313204047 -719.4590902 13.6266387533
0.533905457804 1.73241547943 -70.2685821433 35.7659635826 983.695170047 -719.4590902 13.6416885536
0.533905457804 1.73241547943 -70.2685821433 35.7659635826 985.313204047 -719.4590902 13.6210373137
0.533905457804 1.73241547943 -70.2685821433 35.7659635826 984.695170072 -719.4590902 13.628189778
0.533905457804 1.73241547943 -70.2685821433 35.7659635826 985.695170047 -719.4590902 13.6228762101
0.533905457804 1.73241547943 -70.2685821433 35.7659635826 985.357295378 -719.4590902 13.6211415753
0.533905457804 1.73241547943 -70.2685821433 35.7659635826 985.17217081 -719.4590902 13.621904375
0.533905457804 1.73241547943 -70.2685821433 35.7659635826 985.309537281 -719.4590902 13.621053705
0.533905457804 1.73241547943 -70.2685821433 35.7659635826 985.326988271 -719.4590902 13.6210648343
0.533905457804 1.73241547943 -70.2685821433 35.7659635826 985.318469152 -719.4590902 13.6210675817
0.533905457804 1.73241547943 -70.2685821433 35.7659635826 985.317402275 -719.4590902 13.6210604105
0.533905457804 1.73241547943 -70.2685821433 35.7659635826 985.313133553 -719.4590902 13.6210385244
0.533905457804 1.73241547943 -70.2685821433 35.7659635826 985.314807627 -719.4590902 13.6210336816
0.533905457804 1.73241547943 -70.2685821433 35.7659635826 985.314132994 -719.4590902 13.6210763361
0.533905457804 1.73241547943 -70.2685821433 35.7659635826 985.315798694 -719.4590902 13.621067768
0.533905457804 1.73241547943 -70.2685821433 35.7659635826 985.315186181 -719.4590902 13.6210395489
0.533905457804 1.73241547943 -70.2685821433 35.7659635826 985.31454994 -719.4590902 13.6210647877
0.533905457804 1.73241547943 -70.2685821433 35.7659635826 985.314952222 -719.4590902 13.6210422032
0.533905457804 1.73241547943 -70.2685821433 35.7659635826 985.314709199 -719.4590902 13.6210508179
0.533905457804 1.73241547943 -70.2685821433 35.7659635826 985.314862857 -719.4590902 13.6210356373
0.533905457804 1.73241547943 -70.2685821433 35.7659635826 985.314770031 -719.4590902 13.6210359167
0.533905457804 1.73241547943 -70.2685821433 35.7659635826 985.314823663 -719.4590902 13.6210336816
0.533905457804 1.73241547943 -70.2685821433 35.7659635826 985.314839859 -719.4590902 13.6210368481
0.533905457804 1.73241547943 -70.2685821433 35.7659635826 985.314823663 -719.4590902 13.6210336816
0.576923746835 1.70532175484 -73.1392982862 35.7603944082 986.66598057 -719.207565231 14.0300843865
0.46430040353 1.776254047 -65.6236658198 35.7749746962 983.128605848 -719.866066152 14.1256222967
0.533905457804 1.73241547943 -70.2685821433 35.7659635826 985.314823663 -719.4590902 13.6210336816
0.507318693643 1.74916032173 -68.4943820349 35.7694055216 984.479762789 -719.614541176 13.8123842888
0.550336981592 1.72206659783 -71.3650981055 35.7638363473 985.830919662 -719.363016213 13.6716744862
0.535672270192 1.73130270788 -70.3864858758 35.76573485 985.370317287 -719.44875977 13.62074879
0.53515341826 1.73162949055 -70.3518616113 35.7658020209 985.354020721 -719.451793461 13.6205810588
0.534996521902 1.73172830682 -70.3413915318 35.7658223328 985.34909278 -719.452710823 13.6204187293
0.534579772513 1.73199078339 -70.3135808209 35.7658762854 985.336003142 -719.455147528 13.6202897411
0.534665719555 1.73193665233 -70.3193162783 35.7658651587 985.338702644 -719.454645002 13.6202344205
0.534734438628 1.73189337177 -70.3239020709 35.7658562622 985.340861034 -719.454243206 13.6203513015
0.534643976942 1.73195034624 -70.3178653403 35.7658679735 985.338019733 -719.454772129 13.6202028953
0.534632615627 1.73195750181 -70.3171071718 35.7658694443 985.337662886 -719.454838558 13.6202630121
0.534651362134 1.73194569491 -70.3183581723 35.7658670174 985.338251693 -719.454728949 13.6202036403
0.542020728475 1.72235290265 -70.3671485372 35.763067532 985.362835419 -727.571825052 13.5843490716
0.534643976942 1.73195034624 -70.3178653403 35.7658679735 985.338019733 -719.454772129 13.6202028953
0.542020728475 1.72235290265 -70.3671485372 35.763067532 985.362835419 -727.571825052 13.5843490716
0.553956563264 1.70682391261 -70.4468904256 35.7585363224 985.402988042 -740.70549266 13.5337941349
0.613447001311 1.62942451523 -70.8443389451 35.7359519247 985.603116246 -806.166154021 13.7787989341
0.553956563264 1.70682391261 -70.4468904256 35.7585363224 985.402988042 -740.70549266 13.5337941349
0.576679887923 1.67725997439 -70.5987022468 35.7499098504 985.479430212 -765.709239638 13.4724311065
0.590723675156 1.6589884554 -70.6925271139 35.7445783973 985.526674071 -781.162405397 13.4844198357
0.579286203698 1.67386905516 -70.6161147316 35.7489204128 985.488197962 -768.577114878 13.4716567583
0.579732625966 1.67328824225 -70.6190972255 35.7487509372 985.489699744 -769.068338306 13.4716989473
0.578839781431 1.67444986807 -70.6131322376 35.7490898884 985.48669618 -768.085891451 13.4716640227
0.579286203698 1.67386905516 -70.6161147316 35.7489204128 985.488197962 -768.577114878 13.4716567583
0.622304492729 1.64677533057 -73.4868308744 35.7433512384 986.839354869 -768.325589909 15.0800662581
0.509681149424 1.71770762273 -65.9711984081 35.7579315264 983.301980147 -768.98409083 14.3153286539
0.579286203698 1.67386905516 -70.6161147316 35.7489204128 985.488197962 -768.577114878 13.4716567583
0.552699439537 1.69061389746 -68.8419146231 35.7523623518 984.653137088 -768.732565855 13.7057600543
0.595717727486 1.66352017356 -71.7126306938 35.7467931775 986.004293961 -768.481040892 13.7609468773
0.573163816107 1.6777250496 -70.2075527621 35.7497130209 985.295900535 -768.612912056 13.4981423151
0.586107184478 1.66957307364 -71.0712955413 35.7480373644 985.702437428 -768.537233074 13.5298620444
0.578402161222 1.67442584168 -70.5571204046 35.7490348615 985.460431165 -768.582283814 13.4739039
0.582575793092 1.67179721012 -70.8356371158 35.7484945405 985.591520328 -768.557880876 13.4770308621
0.580542715 1.6730776808 -70.6999648186 35.7487577441 985.527663593 -768.569768144 13.4691111278
0.581319281707 1.67258858453 -70.7517870233 35.7486572093 985.552054695 -768.565227612 13.4678255767
0.581799226334 1.67228630641 -70.7838149077 35.7485950754 985.567129225 -768.562421408 13.468764443
0.581218966336 1.67265176503 -70.7450927321 35.7486701962 985.5489039 -768.565814149 13.4678744711
0.581339612487 1.67257577983 -70.7531437462 35.7486545772 985.552693262 -768.565108739 13.4677853435
0.58151516935 1.67246521082 -70.7648590871 35.7486318495 985.558207309 -768.56408227 13.4675327688
0.581688232764 1.67235621224 -70.776408034 35.7486094446 985.56364304 -768.56307038 13.468146557
0.581448112597 1.67250744442 -70.7603842252 35.7486405308 985.556101131 -768.564474346 13.4676071815
0.58158127369 1.67242357707 -70.7692703922 35.7486232916 985.560283573 -768.563695763 13.4675981011
0.581537459007 1.67245117238 -70.7663465307 35.7486289639 985.558907403 -768.563951944 13.4675547481
0.58148955595 1.67248134262 -70.763149842 35.7486351655 985.557402821 -768.56423203 13.4675178211
0.58148955595 1.67248134262 -70.763149842 35.7486351655 985.557402821 -768.56423203 13.4675178211
0.58148955595 2.67248134262 -70.763149842 35.7486351655 985.557402821 -768.56423203 21.4913636446
0.58148955595 0.0544473426238 -70.763149842 35.7486351655 985.557402821 -768.56423203 1599777.20032
0.58148955595 1.67248134262 -70.763149842 35.7486351655 985.557402821 -768.56423203 13.4675178211
0.58148955595 1.05444736778 -70.763149842 35.7486351655 985.557402821 -768.56423203 287.496134639
0.58148955595 2.05444734262 -70.763149842 35.7486351655 985.557402821 -768.56423203 17.2430432402
0.58148955595 1.85256089815 -70.763149842 35.7486351655 985.557402821 -768.56423203 14.8996586446
0.58148955595 1.43641337739 -70.763149842 35.7486351655 985.557402821 -768.56423203 19.3705713376
0.58148955595 1.58231140621 -70.763149842 35.7486351655 985.557402821 -768.56423203 13.9184171334
0.58148955595 1.6795602459 -70.763149842 35.7486351655 985.557402821 -768.56423203 13.4935665876
0.58148955595 1.65540786826 -70.763149842 35.7486351655 985.557402821 -768.56423203 13.495769538
0.58148955595 1.66595985592 -70.763149842 35.7486351655 985.557402821 -768.56423203 13.4760881308
0.58148955595 1.67101008405 -70.763149842 35.7486351655 985.557402821 -768.56423203 13.4691383224
0.58148955595 1.67518524299 -70.763149842 35.7486351655 985.557402821 -768.56423203 13.473977102
0.58148955595 1.67240449101 -70.763149842 35.7486351655 985.557402821 -768.56423203 13.4676272981
0.58148955595 1.67351414063 -70.763149842 35.7486351655 985.557402821 -768.56423203 13.4684519842
0.58148955595 1.67278227019 -70.763149842 35.7486351655 985.557402821 -768.56423203 13.4674535133
0.58148955595 1.67266514355 -70.763149842 35.7486351655 985.557402821 -768.56423203 13.4674750268
0.58148955595 1.67306181982 -70.763149842 35.7486351655 985.557402821 -768.56423203 13.4675611276
0.58148955595 1.67288904864 -70.763149842 35.7486351655 985.557402821 -768.56423203 13.4674468078
0.58148955595 1.67289382034 -70.763149842 35.7486351655 985.557402821 -768.56423203 13.4674387518
0.58148955595 1.67295799043 -70.763149842 35.7486351655 985.557402821 -768.56423203 13.4675083682
0.58148955595 1.67291833113 -70.763149842 35.7486351655 985.557402821 -768.56423203 13.467487134
0.58148955595 1.67290318263 -70.763149842 35.7486351655 985.557402821 -768.56423203 13.4674787521
0.58148955595 1.67289794513 -70.763149842 35.7486351655 985.557402821 -768.56423203 13.4674286935
0.58148955595 1.67289794513 -70.763149842 35.7486351655 985.557402821 -768.56423203 13.4674286935
0.58148955595 1.67289794513 -70.763149842 35.7486351655 985.557402821 -767.56423203 13.468777528
0.58148955595 1.67289794513 -70.763149842 35.7486351655 985.557402821 -770.18226603 13.4783185087
0.58148955595 1.67289794513 -70.763149842 35.7486351655 985.557402821 -768.56423203 13.4674286935
0.58148955595 1.67289794513 -70.763149842 35.7486351655 985.557402821 -769.182266005 13.4704928845
0.58148955595 1.67289794513 -70.763149842 35.7486351655 985.557402821 -768.18226603 13.4677127469
0.58148955595 1.67289794513 -70.763149842 35.7486351655 985.557402821 -768.438463876 13.4673873428
0.58148955595 1.67289794513 -70.763149842 35.7486351655 985.557402821 -768.462076031 13.4673933499
0.58148955595 1.67289794513 -70.763149842 35.7486351655 985.557402821 -768.34060501 13.4674691129
0.58148955595 1.67289794513 -70.763149842 35.7486351655 985.557402821 -768.401085117 13.4674188215
0.58148955595 1.67289794513 -70.763149842 35.7486351655 985.557402821 -768.443194939 13.4673675057
0.58148955595 1.67289794513 -70.763149842 35.7486351655 985.557402821 -768.449729923 13.4674185421
0.58148955595 1.67289794513 -70.763149842 35.7486351655 985.557402821 -768.445691081 13.4673976339
0.58148955595 1.67289794513 -70.763149842 35.7486351655 985.557402821 -768.441387834 13.4674012195
0.58148955595 1.67289794513 -70.763149842 35.7486351655 985.557402821 -768.44440531 13.4674069937
0.58148955595 1.67289794513 -70.763149842 35.7486351655 985.557402821 -768.443194939 13.4673675057
0.58148955595 1.67289794513 -70.763149842 36.7486351655 985.557402821 -768.443194939 13.4934237693
0.58148955595 1.67289794513 -70.763149842 34.1306011655 985.557402821 -768.443194939 13.6548715178
0.58148955595 1.67289794513 -70.763149842 35.7486351655 985.557402821 -768.443194939 13.4673675057
0.58148955595 1.67289794513 -70.763149842 35.1306011906 985.557402821 -768.443194939 13.5232624132
0.58148955595 1.67289794513 -70.763149842 36.1306011655 985.557402821 -768.443194939 13.4746225085
0.58148955595 1.67289794513 -70.763149842 35.852835744 985.557402821 -768.443194939 13.4689950384
0.58148955595 1.67289794513 -70.763149842 35.5125672002 985.557402821 -768.443194939 13.4848183021
0.58148955595 1.67289794513 -70.763149842 35.6584652291 985.557402821 -768.443194939 13.4718791582
0.58148955595 1.67289794513 -70.763149842 35.7776149501 985.557402821 -768.443194939 13.4677722584
0.58148955595 1.67289794513 -70.763149842 35.7141933155 985.557402821 -768.443194939 13.4683063254
0.58148955595 1.67289794513 -70.763149842 35.7523816225 985.557402821 -768.443194939 13.4674205445
0.58148955595 1.67289794513 -70.763149842 35.7354795498 985.557402821 -768.443194939 13.4675063659
0.58148955595 1.67289794513 -70.763149842 35.7456669988 985.557402821 -768.443194939 13.4673604276
0.58148955595 1.67289794513 -70.763149842 35.7464710149 985.557402821 -768.443194939 13.4673917666
0.58148955595 1.67289794513 -70.763149842 35.7417757397 985.557402821 -768.443194939 13.4673944674
0.58148955595 1.67289794513 -70.763149842 35.7441806701 985.557402821 -768.443194939 13.467393769
0.58148955595 1.67289794513 -70.763149842 35.7450992718 985.557402821 -768.443194939 13.4673819877
0.58148955595 1.67289794513 -70.763149842 35.7459741056 985.557402821 -768.443194939 13.4673927911
0.58148955595 1.67289794513 -70.763149842 35.7454501464 985.557402821 -768.443194939 13.4673988447
0.58148955595 1.67289794513 -70.763149842 35.7457843032 985.557402821 -768.443194939 13.4673844092
0.58148955595 1.67289794513 -70.763149842 35.7455841686 985.557402821 -768.443194939 13.4673669469
0.58148955595 1.67289794513 -70.763149842 35.7457118051 985.557402821 -768.443194939 13.4673878551
0.58148955595 1.67289794513 -70.763149842 35.7456353605 985.557402821 -768.443194939 13.4673486929
0.58148955595 1.67289794513 -70.763149842 35.7456353605 985.557402821 -768.443194939 13.4673486929
0.58148955595 1.67289794513 -70.763149842 35.7456353605 986.557402821 -768.443194939 13.4732625913
0.58148955595 1.67289794513 -70.763149842 35.7456353605 983.939368821 -768.443194939 13.5100412183
0.58148955595 1.67289794513 -70.763149842 35.7456353605 985.557402821 -768.443194939 13.4673486929
0.58148955595 1.67289794513 -70.763149842 35.7456353605 984.939368846 -768.443194939 13.4806947783
0.58148955595 1.67289794513 -70.763149842 35.7456353605 985.939368821 -768.443194939 13.4692203719
0.58148955595 1.67289794513 -70.763149842 35.7456353605 985.655911686 -768.443194939 13.4677511174
0.58148955595 1.67289794513 -70.763149842 35.7456353605 985.321334855 -768.443194939 13.470831234
0.58148955595 1.67289794513 -70.763149842 35.7456353605 985.467232884 -768.443194939 13.4681071155
0.58148955595 1.67289794513 -70.763149842 35.7456353605 985.575816543 -768.443194939 13.4674026631
0.58148955595 1.67289794513 -70.763149842 35.7456353605 985.522960971 -768.443194939 13.4674944915
0.58148955595 1.67289794513 -70.763149842 35.7456353605 985.555797636 -768.443194939 13.4673881344
0.58148955595 1.67289794513 -70.763149842 35.7456353605 985.565542955 -768.443194939 13.4673682041
0.58148955595 1.67289794513 -70.763149842 35.7456353605 985.560512075 -768.443194939 13.4673706722
0.58148955595 1.67289794513 -70.763149842 35.7456353605 985.55859045 -768.443194939 13.4673791006
0.58148955595 1.67289794513 -70.763149842 35.7456353605 985.556789695 -768.443194939 13.4674002882
0.58148955595 1.67289794513 -70.763149842 35.7456353605 985.557856455 -768.443194939 13.4673845954
0.58148955595 1.67289794513 -70.763149842 35.7456353605 985.557168627 -768.443194939 13.4673770517
0.58148955595 1.67289794513 -70.763149842 35.7456353605 985.557576093 -768.443194939 13.4673834778
0.58148955595 1.67289794513 -70.763149842 35.7456353605 985.557313367 -768.443194939 13.4673667606
0.58148955595 1.67289794513 -70.763149842 35.7456353605 985.557469005 -768.443194939 13.467360707
0.58148955595 1.67289794513 -70.763149842 35.7456353605 985.557399078 -768.443194939 13.4673486929
0.58148955595 1.67289794513 -70.763149842 35.7456353605 985.557400949 -768.443194939 13.4673486929
0.58148955595 1.67289794513 -70.763149842 35.7456353605 985.557400235 -768.443194939 13.4673486929
0.58148955595 1.67289794513 -70.763149842 35.7456353605 985.557399793 -768.443194939 13.4673486929
0.58148955595 1.67289794513 -70.763149842 35.7456353605 985.55739952 -768.443194939 13.4673486929
0.58148955595 1.67289794513 -70.763149842 35.7456353605 985.557399351 -768.443194939 13.4673486929
0.58148955595 1.67289794513 -70.763149842 35.7456353605 985.557399247 -768.443194939 13.4673486929
0.58148955595 1.67289794513 -70.763149842 35.7456353605 985.557399183 -768.443194939 13.4673486929
0.58148955595 1.67289794513 -70.763149842 35.7456353605 985.557399143 -768.443194939 13.4673486929
0.58148955595 1.67289794513 -70.763149842 35.7456353605 985.557399143 -768.443194939 13.4673486929
0.626131782706 1.61481665405 -71.0613992333 35.7286877998 985.707577372 -817.565537688 14.193818951
0.509256915223 1.76687544885 -70.2805721864 35.7730570898 985.314405662 -688.961574211 13.8355659787
0.58148955595 1.67289794513 -70.763149842 35.7456353605 985.557399143 -768.443194939 13.4673486929
0.553899143102 1.70879415632 -70.5788215852 35.7561095287 985.464583895 -738.083918196 13.532319665
0.598541368735 1.6507128667 -70.877070969 35.7391619685 985.61476212 -787.206259709 13.5646513198
0.574214851524 1.68236262142 -70.7145484096 35.7483970617 985.532926747 -760.438430164 13.4716089349
0.581214533983 1.67325575952 -70.761312453 35.7457397673 985.556473958 -768.140572862 13.4672144428
0.579760988814 1.67514687889 -70.7516014912 35.7462915777 985.551584174 -766.541155693 13.4667638689
0.577642552938 1.6779030472 -70.7374484738 35.747095801 985.544457671 -764.210122033 13.4677066002
0.578983989724 1.67615778524 -70.7464104529 35.7465865504 985.548970318 -765.68618007 13.4669822175
0.579902793075 1.67496238598 -70.7525488685 35.7462377444 985.552061209 -766.697190864 13.4668430313
0.579526312705 1.67545220173 -70.7500336481 35.7463806679 985.550794714 -766.282928424 13.4667953476
0.57967135052 1.67526350184 -70.7510026284 35.7463256071 985.551282627 -766.442521656 13.4668098297
0.579815153221 1.67507640887 -70.7519633571 35.7462710152 985.551766385 -766.600755823 13.4668556973
0.579726750033 1.67519142489 -70.751372746 35.7463045757 985.551468993 -766.503480844 13.4668300394
0.579781677776 1.67511996174 -70.7517397116 35.7462837235 985.551653773 -766.563920916 13.4667727165
0.624878000687 1.61834341154 -71.185337642 35.7267151818 985.765148616 -813.627539256 14.1912295949
0.579760988814 1.67514687889 -70.7516014912 35.7462915777 985.551584174 -766.541155693 13.4667638689
0.622779277846 1.6480531543 -73.622317634 35.7407224032 986.902741081 -766.289630724 15.1630790439
0.51015593454 1.71898544646 -66.1066851677 35.7553026912 983.365366359 -766.948131645 14.2756334972
0.579760988814 1.67514687889 -70.7516014912 35.7462915777 985.551584174 -766.541155693 13.4667638689
0.553174224654 1.69189172119 -68.9774013828 35.7497335166 984.7165233 -766.696606669 13.6826514266
0.596192512603 1.66479799729 -71.8481174534 35.7441643424 986.067680173 -766.445081707 13.8046376407
0.572556887621 1.67968415683 -70.2708541147 35.7472242251 985.325311319 -766.583277576 13.4939723648
0.584586221418 1.67210785697 -71.0736011206 35.7456669 985.703139396 -766.512942891 13.5269157588
0.577557469699 1.67653469652 -70.6045552455 35.7465768466 985.482374074 -766.554039517 13.4718243033
0.581604063611 1.67398607585 -70.8745944016 35.746052972 985.609473116 -766.530379362 13.4834372904
0.579068867797 1.67558278968 -70.7054145548 35.7463811801 985.529845418 -766.545202477 13.4681694675
0.580464980722 1.6747034916 -70.7985806012 35.7462004384 985.573695782 -766.537039501 13.469563704
0.579650891454 1.67521622027 -70.7442544238 35.7463058309 985.548126138 -766.541799425 13.4669996332
0.580029889787 1.67497752002 -70.7695459139 35.7462567656 985.560030056 -766.539583447 13.46659665
0.579972989662 1.67501335678 -70.7657488287 35.7462641319 985.558242886 -766.539916139 13.4665974882
0.580004011633 1.67499381857 -70.767819001 35.7462601158 985.559217252 -766.539734755 13.4665753227
0.580001581404 1.67499534917 -70.7676568259 35.7462604304 985.559140921 -766.539748965 13.4665396996
0.579990660331 1.67500222747 -70.7669280359 35.7462618442 985.558797902 -766.539812819 13.466550922
0.579996558193 1.67499851288 -70.7673216147 35.7462610807 985.558983148 -766.539778335 13.4666146711
0.579999175478 1.67499686447 -70.7674962725 35.7462607419 985.559065354 -766.539763032 13.4666108526
0.580001581404 1.67499534917 -70.7676568259 35.7462604304 985.559140921 -766.539748965 13.4665396996
0.580001581404 2.67499534917 -70.7676568259 35.7462604304 985.559140921 -766.539748965 21.4979317039
0.580001581404 0.0569613491699 -70.7676568259 35.7462604304 985.559140921 -766.539748965 1546504.26941
0.580001581404 1.67499534917 -70.7676568259 35.7462604304 985.559140921 -766.539748965 13.4665396996
0.580001581404 1.05696137433 -70.7676568259 35.7462604304 985.559140921 -766.539748965 280.456113815
0.580001581404 2.05696134917 -70.7676568259 35.7462604304 985.559140921 -766.539748965 17.2633831389
0.580001581404 1.85473213997 -70.7676568259 35.7462604304 985.559140921 -766.539748965 14.9117685389
0.580001581404 1.43892738393 -70.7676568259 35.7462604304 985.559140921 -766.539748965 19.1909960471
0.580001581404 1.58482541276 -70.7676568259 35.7462604304 985.559140921 -766.539748965 13.8937505428
0.580001581404 1.67994600298 -70.7676568259 35.7462604304 985.559140921 -766.539748965 13.4856875055
0.580001581404 1.65609493621 -70.7676568259 35.7462604304 985.559140921 -766.539748965 13.4964975528
0.580001581404 1.66777603403 -70.7676568259 35.7462604304 985.559140921 -766.539748965 13.4751147591
0.580001581404 1.67281535632 -70.7676568259 35.7462604304 985.559140921 -766.539748965 13.4685184807
0.580001581404 1.6768863306 -70.7676568259 35.7462604304 985.559140921 -766.539748965 13.4718310088
0.580001581404 1.67440391504 -70.7676568259 35.7462604304 985.559140921 -766.539748965 13.4668823797
0.580001581404 1.67571763978 -70.7676568259 35.7462604304 985.559140921 -766.539748965 13.4675235022
0.580001581404 1.67489566432 -70.7676568259 35.7462604304 985.559140921 -766.539748965 13.4666396305
0.580001581404 1.67527123963 -70.7676568259 35.7462604304 985.559140921 -766.539748965 13.4667283855
0.580001581404 1.67505713679 -70.7676568259 35.7462604304 985.559140921 -766.539748965 13.4665729012
0.580001581404 1.67499806844 -70.7676568259 35.7462604304 985.559140921 -766.539748965 13.4665969759
0.580001581404 1.67495727295 -70.7676568259 35.7462604304 985.559140921 -766.539748965 13.4665004443
0.580001581404 1.67493374055 -70.7676568259 35.7462604304 985.559140921 -766.539748965 13.4665736463
0.580001581404 1.67497181677 -70.7676568259 35.7462604304 985.559140921 -766.539748965 13.466604799
0.580001581404 1.67494828437 -70.7676568259 35.7462604304 985.559140921 -766.539748965 13.4665390477
0.580001581404 1.67496282819 -70.7676568259 35.7462604304 985.559140921 -766.539748965 13.4665847756
0.580001581404 1.67495383962 -70.7676568259 35.7462604304 985.559140921 -766.539748965 13.4665226098
0.580001581404 1.67495939486 -70.7676568259 35.7462604304 985.559140921 -766.539748965 13.4665457532
0.580001581404 1.67495596153 -70.7676568259 35.7462604304 985.559140921 -766.539748965 13.4665162768
0.580001581404 1.67495808345 -70.7676568259 35.7462604304 985.559140921 -766.539748965 13.4665226098
0.580001581404 1.67495689218 -70.7676568259 35.7462604304 985.559140921 -766.539748965 13.4665394668
0.580001581404 1.67495765372 -70.7676568259 35.7462604304 985.559140921 -766.539748965 13.4665221907
0.580001581404 1.67495727295 -70.7676568259 35.7462604304 985.559140921 -766.539748965 13.4665004443
0.580001581404 1.67495727295 -70.7676568259 35.7462604304 985.559140921 -765.539748965 13.4682470933
0.580001581404 1.67495727295 -70.7676568259 35.7462604304 985.559140921 -768.157782965 13.4772446472
0.580001581404 1.67495727295 -70.7676568259 35.7462604304 985.559140921 -766.539748965 13.4665004443
0.580001581404 1.67495727295 -70.7676568259 35.7462604304 985.559140921 -767.157782939 13.4689389262
0.580001581404 1.67495727295 -70.7676568259 35.7462604304 985.559140921 -766.157782965 13.4670807514
0.580001581404 1.67495727295 -70.7676568259 35.7462604304 985.559140921 -766.487770211 13.4665564168
0.580001581404 1.67495727295 -70.7676568259 35.7462604304 985.559140921 -766.77581693 13.4668917861
0.580001581404 1.67495727295 -70.7676568259 35.7462604304 985.559140921 -766.570473599 13.4665427264
0.580001581404 1.67495727295 -70.7676568259 35.7462604304 985.559140921 -766.531912461 13.4665274527
0.580001581404 1.67495727295 -70.7676568259 35.7462604304 985.559140921 -766.54960949 13.4665261488
0.580001581404 1.67495727295 -70.7676568259 35.7462604304 985.559140921 -766.540868674 13.4665268939
0.580001581404 1.67495727295 -70.7676568259 35.7462604304 985.559140921 -766.536755687 13.466531178
0.580001581404 1.67495727295 -70.7676568259 35.7462604304 985.559140921 -766.538605634 13.4665359277
0.580001581404 1.67495727295 -70.7676568259 35.7462604304 985.559140921 -766.539312251 13.4665381629
0.580001581404 1.67495727295 -70.7676568259 35.7462604304 985.559140921 -766.540176655 13.4665201884
0.580001581404 1.67495727295 -70.7676568259 35.7462604304 985.559140921 -766.539582155 13.4665146936
0.580001581404 1.67495727295 -70.7676568259 35.7462604304 985.559140921 -766.539858526 13.4665004443
0.580001581404 1.67495727295 -70.7676568259 35.7462604304 985.559140921 -766.539803745 13.4665004443
0.580001581404 1.67495727295 -70.7676568259 35.7462604304 985.559140921 -766.53982467 13.4665004443
0.580001581404 1.67495727295 -70.7676568259 35.7462604304 985.559140921 -766.539837602 13.4665004443
0.580001581404 1.67495727295 -70.7676568259 35.7462604304 985.559140921 -766.539845594 13.4665004443
0.580001581404 1.67495727295 -70.7676568259 35.7462604304 985.559140921 -766.539850534 13.4665004443
0.580001581404 1.67495727295 -70.7676568259 35.7462604304 985.559140921 -766.539853587 13.4665004443
0.580001581404 1.67495727295 -70.7676568259 35.7462604304 985.559140921 -766.539855473 13.4665004443
0.580001581404 1.67495727295 -70.7676568259 35.7462604304 985.559140921 -766.539856639 13.4665004443
0.580001581404 1.67495727295 -70.7676568259 35.7462604304 985.559140921 -766.539856639 13.4665004443
0.580001581404 1.67495727295 -70.7676568259 36.7462604304 985.559140921 -766.539856639 13.4932281915
0.580001581404 1.67495727295 -70.7676568259 34.1282264304 985.559140921 -766.539856639 13.6504773051
0.580001581404 1.67495727295 -70.7676568259 35.7462604304 985.559140921 -766.539856639 13.4665004443
0.580001581404 1.67495727295 -70.7676568259 35.1282264555 985.559140921 -766.539856639 13.5219159536
0.580001581404 1.67495727295 -70.7676568259 36.1282264304 985.559140921 -766.539856639 13.4739779867
0.580001581404 1.67495727295 -70.7676568259 35.8476409703 985.559140921 -766.539856639 13.4682402015
0.580001581404 1.67495727295 -70.7676568259 35.5101924651 985.559140921 -766.539856639 13.4845913853
0.580001581404 1.67495727295 -70.7676568259 35.656090494 985.559140921 -766.539856639 13.4714093525
0.580001581404 1.67495727295 -70.7676568259 35.7739962758 985.559140921 -766.539856639 13.466904778
0.580001581404 1.67495727295 -70.7676568259 35.7118185805 985.559140921 -766.539856639 13.4674238507
0.580001581404 1.67495727295 -70.7676568259 35.7491781465 985.559140921 -766.539856639 13.4665306658
0.580001581404 1.67495727295 -70.7676568259 35.7331048147 985.559140921 -766.539856639 13.4665992111
0.580001581404 1.67495727295 -70.7676568259 35.743059855 985.559140921 -766.539856639 13.4665491059
0.580001581404 1.67495727295 -70.7676568259 35.7464796972 985.559140921 -766.539856639 13.4665244725
0.580001581404 1.67495727295 -70.7676568259 35.7450379194 985.559140921 -766.539856639 13.4665313177
0.580001581404 1.67495727295 -70.7676568259 35.7457934728 985.559140921 -766.539856639 13.4665096644
0.580001581404 1.67495727295 -70.7676568259 35.7460793355 985.559140921 -766.539856639 13.4665454272
0.580001581404 1.67495727295 -70.7676568259 35.7463441829 985.559140921 -766.539856639 13.4665397927
0.580001581404 1.67495727295 -70.7676568259 35.7461912583 985.559140921 -766.539856639 13.4665268939
0.580001581404 1.67495727295 -70.7676568259 35.746292421 985.559140921 -766.539856639 13.4665146936
0.580001581404 1.67495727295 -70.7676568259 35.746234009 985.559140921 -766.539856639 13.4665201884
0.580001581404 1.67495727295 -70.7676568259 35.7462726497 985.559140921 -766.539856639 13.4665004443
0.580001581404 1.67495727295 -70.7676568259 35.74626654 985.559140921 -766.539856639 13.4665004443
0.580001581404 1.67495727295 -70.7676568259 35.7462642064 985.559140921 -766.539856639 13.4665004443
0.580001581404 1.67495727295 -70.7676568259 35.7462627641 985.559140921 -766.539856639 13.4665004443
0.580001581404 1.67495727295 -70.7676568259 35.7462618727 985.559140921 -766.539856639 13.4665004443
0.580001581404 1.67495727295 -70.7676568259 35.7462613218 985.559140921 -766.539856639 13.4665004443
0.580001581404 1.67495727295 -70.7676568259 35.7462609813 985.559140921 -766.539856639 13.4665004443
0.580001581404 1.67495727295 -70.7676568259 35.7462607709 985.559140921 -766.539856639 13.4665004443
0.580001581404 1.67495727295 -70.7676568259 35.7462606408 985.559140921 -766.539856639 13.4665004443
0.580001581404 1.67495727295 -70.7676568259 35.7462605604 985.559140921 -766.539856639 13.4665004443
0.580001581404 1.67495727295 -70.7676568259 35.7462605108 985.559140921 -766.539856639 13.4665004443
0.580001581404 1.67495727295 -70.7676568259 35.7462604801 985.559140921 -766.539856639 13.4665004443
0.580001581404 1.67495727295 -70.7676568259 35.7462604611 985.559140921 -766.539856639 13.4665004443
0.580001581404 1.67495727295 -70.7676568259 35.7462604494 985.559140921 -766.539856639 13.4665004443
0.580001581404 1.67495727295 -70.7676568259 35.7462604421 985.559140921 -766.539856639 13.4665004443
0.580001581404 1.67495727295 -70.7676568259 35.7462604376 985.559140921 -766.539856639 13.4665004443
0.580001581404 1.67495727295 -70.7676568259 35.7462604349 985.559140921 -766.539856639 13.4665004443
0.580001581404 1.67495727295 -70.7676568259 35.7462604332 985.559140921 -766.539856639 13.4665004443
0.580001581404 1.67495727295 -70.7676568259 35.7462604321 985.559140921 -766.539856639 13.4665004443
0.580001581404 1.67495727295 -70.7676568259 35.7462604314 985.559140921 -766.539856639 13.4665004443
0.580001581404 1.67495727295 -70.7676568259 35.746260431 985.559140921 -766.539856639 13.4665004443
0.580001581404 1.67495727295 -70.7676568259 35.7462604308 985.559140921 -766.539856639 13.4665004443
0.580001581404 1.67495727295 -70.7676568259 35.7462604306 985.559140921 -766.539856639 13.4665004443
0.580001581404 1.67495727295 -70.7676568259 35.7462604305 985.559140921 -766.539856639 13.4665004443
0.580001581404 1.67495727295 -70.7676568259 35.7462604305 985.559140921 -766.539856639 13.4665004443
0.580001581404 1.67495727295 -70.7676568259 35.7462604304 985.559140921 -766.539856639 13.4665004443
0.580001581404 1.67495727295 -70.7676568259 35.7462604304 985.559140921 -766.539856639 13.4665004443
0.580001581404 1.67495727295 -70.7676568259 35.7462604304 985.559140921 -766.539856639 13.4665004443
0.580001581404 1.67495727295 -70.7676568259 35.7462604304 985.559140921 -766.539856639 13.4665004443
0.580001581404 1.67495727295 -70.7676568259 35.7462604304 985.559140921 -766.539856639 13.4665004443
0.580001581404 1.67495727295 -70.7676568259 35.7462604304 986.559140921 -766.539856639 13.4725596756
0.580001581404 1.67495727295 -70.7676568259 35.7462604304 983.941106921 -766.539856639 13.509028079
0.580001581404 1.67495727295 -70.7676568259 35.7462604304 985.559140921 -766.539856639 13.4665004443
0.580001581404 1.67495727295 -70.7676568259 35.7462604304 984.941106946 -766.539856639 13.4803333785
0.580001581404 1.67495727295 -70.7676568259 35.7462604304 985.941106921 -766.539856639 13.4685478173
0.580001581404 1.67495727295 -70.7676568259 35.7462604304 985.653518707 -766.539856639 13.4669010062
0.580001581404 1.67495727295 -70.7676568259 35.7462604304 985.323072956 -766.539856639 13.4699005634
0.580001581404 1.67495727295 -70.7676568259 35.7462604304 985.468970985 -766.539856639 13.4670796804
0.580001581404 1.67495727295 -70.7676568259 35.7462604304 985.569619103 -766.539856639 13.4665354621
0.580001581404 1.67495727295 -70.7676568259 35.7462604304 985.524699071 -766.539856639 13.466582913
0.580001581404 1.67495727295 -70.7676568259 35.7462604304 985.551295036 -766.539856639 13.4665347636
0.580001581404 1.67495727295 -70.7676568259 35.7462604304 985.560411807 -766.539856639 13.4665309917
0.580001581404 1.67495727295 -70.7676568259 35.7462604304 985.555919803 -766.539856639 13.4665152524
0.580001581404 1.67495727295 -70.7676568259 35.7462604304 985.557910564 -766.539856639 13.4665349498
0.580001581404 1.67495727295 -70.7676568259 35.7462604304 985.559626357 -766.539856639 13.4665302932
0.580001581404 1.67495727295 -70.7676568259 35.7462604304 985.558670967 -766.539856639 13.4665355086
0.580001581404 1.67495727295 -70.7676568259 35.7462604304 985.559326341 -766.539856639 13.4665381629
0.580001581404 1.67495727295 -70.7676568259 35.7462604304 985.558961415 -766.539856639 13.4665227961
0.580001581404 1.67495727295 -70.7676568259 35.7462604304 985.559211745 -766.539856639 13.4665109683
0.580001581404 1.67495727295 -70.7676568259 35.7462604304 985.559072356 -766.539856639 13.4665201884
0.580001581404 1.67495727295 -70.7676568259 35.7462604304 985.559167974 -766.539856639 13.4665004443
0.580001581404 1.67495727295 -70.7676568259 35.7462604304 985.559154448 -766.539856639 13.4665004443
0.580001581404 1.67495727295 -70.7676568259 35.7462604304 985.559149281 -766.539856639 13.4665004443
0.580001581404 1.67495727295 -70.7676568259 35.7462604304 985.559146088 -766.539856639 13.4665004443
0.580001581404 1.67495727295 -70.7676568259 35.7462604304 985.559144114 -766.539856639 13.4665004443
0.580001581404 1.67495727295 -70.7676568259 35.7462604304 985.559142895 -766.539856639 13.4665004443
0.580001581404 1.67495727295 -70.7676568259 35.7462604304 985.559142141 -766.539856639 13.4665004443
0.580001581404 1.67495727295 -70.7676568259 35.7462604304 985.559141675 -766.539856639 13.4665004443
0.580001581404 1.67495727295 -70.7676568259 35.7462604304 985.559141387 -766.539856639 13.4665004443
0.580001581404 1.67495727295 -70.7676568259 35.7462604304 985.559141209 -766.539856639 13.4665004443
0.580001581404 1.67495727295 -70.7676568259 35.7462604304 985.559141099 -766.539856639 13.4665004443
0.580001581404 1.67495727295 -70.7676568259 35.7462604304 985.559141031 -766.539856639 13.4665004443
0.580001581404 1.67495727295 -70.7676568259 35.7462604304 985.559140989 -766.539856639 13.4665004443
0.580001581404 1.67495727295 -70.7676568259 35.7462604304 985.559140963 -766.539856639 13.4665004443
0.580001581404 1.67495727295 -70.7676568259 35.7462604304 985.559140947 -766.539856639 13.4665004443
0.580001581404 1.67495727295 -70.7676568259 35.7462604304 985.559140937 -766.539856639 13.4665004443
0.580001581404 1.67495727295 -70.7676568259 35.7462604304 985.559140931 -766.539856639 13.4665004443
0.580001581404 1.67495727295 -70.7676568259 35.7462604304 985.559140927 -766.539856639 13.4665004443
0.580001581404 1.67495727295 -70.7676568259 35.7462604304 985.559140925 -766.539856639 13.4665004443
0.580001581404 1.67495727295 -70.7676568259 35.7462604304 985.559140924 -766.539856639 13.4665004443
0.580001581404 1.67495727295 -70.7676568259 35.7462604304 985.559140923 -766.539856639 13.4665004443
0.580001581404 1.67495727295 -70.7676568259 35.7462604304 985.559140922 -766.539856639 13.4665004443
0.580001581404 1.67495727295 -70.7676568259 35.7462604304 985.559140922 -766.539856639 13.4665004443
0.580001581404 1.67495727295 -70.7676568259 35.7462604304 985.559140922 -766.539856639 13.4665004443
0.580001581404 1.67495727295 -70.7676568259 35.7462604304 985.559140922 -766.539856639 13.4665004443
0.580001581404 1.67495727295 -70.7676568259 35.7462604304 985.559140921 -766.539856639 13.4665004443
0.580001581404 1.67495727295 -70.7676568259 35.7462604304 985.559140921 -766.539856639 13.4665004443
0.580001581404 1.67495727295 -70.7676568259 35.7462604304 985.559140921 -766.539856639 13.4665004443
0.580001581404 1.67495727295 -70.7676568259 35.7462604304 985.559140921 -766.539856639 13.4665004443
0.580001581404 1.67495727295 -70.7676568259 35.7462604304 985.559140921 -766.539856639 13.4665004443
0.580001581404 1.67495727295 -70.7676568259 35.7462604304 985.559140921 -766.539856639 13.4665004443
0.62464380816 1.61687598187 -71.0659062172 35.7293128698 985.709319151 -815.662199389 14.1449846327
0.507768940677 1.76893477667 -70.2850791704 35.7736821597 985.31614744 -687.058235912 13.8503398281
0.580001581404 1.67495727295 -70.7676568259 35.7462604304 985.559140921 -766.539856639 13.4665004443
0.552411168556 1.71085348413 -70.5833285691 35.7567345987 985.466325673 -736.180579896 13.538419269
0.597053394189 1.65277219452 -70.8815779529 35.7397870384 985.616503899 -785.30292141 13.5521044023
0.573835117515 1.68298008476 -70.7264594163 35.7486014095 985.538396691 -759.754551006 13.471908588
0.582349941237 1.67190196453 -70.7833459378 35.7453689209 985.567040897 -769.123888507 13.4698701091
0.578533390896 1.67686744649 -70.7578480203 35.7468178006 985.55420187 -764.924324382 13.4668875486
0.579563699796 1.67552697412 -70.7647313911 35.7464266637 985.55766787 -766.058030978 13.4665482678
0.580146929931 1.6747681688 -70.7686278821 35.7462052516 985.55962988 -766.699791766 13.4665669873
0.579838808232 1.67516904724 -70.7665693578 35.7463222241 985.558593346 -766.3607482 13.4664964862
0.579895145599 1.67509575011 -70.766945741 35.7463008367 985.558782867 -766.422739361 13.4665496647
0.579733726163 1.67530576314 -70.765867317 35.7463621165 985.558239846 -766.245120513 13.4665453341
0.579798670454 1.67522126807 -70.7663012021 35.7463374616 985.558458321 -766.316582355 13.4666228201
0.579860327191 1.67514105023 -70.7667131234 35.7463140548 985.558665737 -766.384426716 13.4665897582
0.579823476965 1.67518899382 -70.7664669314 35.7463280443 985.558541771 -766.343878349 13.4665731806
0.579847027742 1.67515835333 -70.7666242713 35.7463191037 985.558620997 -766.369792588 13.4665587917
0.579832952209 1.67517666616 -70.7665302344 35.7463244472 985.558573646 -766.35430449 13.4665802587
0.579841947805 1.67516496253 -70.7665903329 35.7463210322 985.558603908 -766.364202849 13.4665193036
0.57983657143 1.67517195741 -70.766554414 35.7463230733 985.558585821 -766.358286922 13.4664744604
0.57983492133 1.67517410425 -70.7665433898 35.7463236997 985.55858027 -766.356471224 13.4665071964
   direc: array([[  4.302e-02,  -2.709e-02,  -2.871e+00,  -5.569e-03,   1.351e+00,
          2.515e-01],
       [  0.000e+00,   1.000e+00,   0.000e+00,   0.000e+00,   0.000e+00,
          0.000e+00],
       [  0.000e+00,   0.000e+00,   0.000e+00,   0.000e+00,   0.000e+00,
          1.000e+00],
       [  0.000e+00,   0.000e+00,   0.000e+00,   1.000e+00,   0.000e+00,
          0.000e+00],
       [  0.000e+00,   0.000e+00,   0.000e+00,   0.000e+00,   1.000e+00,
          0.000e+00],
       [  4.464e-02,  -5.808e-02,  -2.982e-01,  -1.695e-02,   1.502e-01,
         -4.912e+01]])
     fun: 13.466474460437894
 message: 'Optimization terminated successfully.'
    nfev: 833
     nit: 6
  status: 0
 success: True
       x: array([  5.798e-01,   1.675e+00,  -7.077e+01,   3.575e+01,   9.856e+02,
        -7.664e+02])
