 * Running on http://127.0.0.1:5000/ (Press CTRL+C to quit)
 * Restarting with stat
 * Debugger is active!
 * Debugger PIN: 261-359-403
127.0.0.1 - - [01/Aug/2017 14:13:37] "OPTIONS /check_status HTTP/1.1" 500 -
Traceback (most recent call last):
  File "/usr/local/lib/python2.7/dist-packages/flask/cli.py", line 184, in __call__
    self._flush_bg_loading_exception()
  File "/usr/local/lib/python2.7/dist-packages/flask/cli.py", line 172, in _flush_bg_loading_exception
    reraise(*exc_info)
  File "/usr/local/lib/python2.7/dist-packages/flask/cli.py", line 161, in _load_app
    self._load_unlocked()
  File "/usr/local/lib/python2.7/dist-packages/flask/cli.py", line 176, in _load_unlocked
    self._app = rv = self.loader()
  File "/usr/local/lib/python2.7/dist-packages/flask/cli.py", line 237, in load_app
    rv = locate_app(self.app_import_path)
  File "/usr/local/lib/python2.7/dist-packages/flask/cli.py", line 100, in locate_app
    'ensure the extension is .py' % module)
NoAppException: The file/path provided (/home/xzhang1/src/qchem/qchem/gui.py) does not appear to exist.  Please verify the path is correct.  If app is not on PYTHONPATH, ensure the extension is .py
127.0.0.1 - - [01/Aug/2017 14:13:37] "OPTIONS /get_docs_list HTTP/1.1" 500 -
Traceback (most recent call last):
  File "/usr/local/lib/python2.7/dist-packages/flask/cli.py", line 189, in __call__
    rv = self._load_unlocked()
  File "/usr/local/lib/python2.7/dist-packages/flask/cli.py", line 176, in _load_unlocked
    self._app = rv = self.loader()
  File "/usr/local/lib/python2.7/dist-packages/flask/cli.py", line 237, in load_app
    rv = locate_app(self.app_import_path)
  File "/usr/local/lib/python2.7/dist-packages/flask/cli.py", line 100, in locate_app
    'ensure the extension is .py' % module)
NoAppException: The file/path provided (/home/xzhang1/src/qchem/qchem/gui.py) does not appear to exist.  Please verify the path is correct.  If app is not on PYTHONPATH, ensure the extension is .py
127.0.0.1 - - [01/Aug/2017 14:13:57] "OPTIONS /check_status HTTP/1.1" 500 -
Traceback (most recent call last):
  File "/usr/local/lib/python2.7/dist-packages/flask/cli.py", line 189, in __call__
    rv = self._load_unlocked()
  File "/usr/local/lib/python2.7/dist-packages/flask/cli.py", line 176, in _load_unlocked
    self._app = rv = self.loader()
  File "/usr/local/lib/python2.7/dist-packages/flask/cli.py", line 237, in load_app
    rv = locate_app(self.app_import_path)
  File "/usr/local/lib/python2.7/dist-packages/flask/cli.py", line 100, in locate_app
    'ensure the extension is .py' % module)
NoAppException: The file/path provided (/home/xzhang1/src/qchem/qchem/gui.py) does not appear to exist.  Please verify the path is correct.  If app is not on PYTHONPATH, ensure the extension is .py
127.0.0.1 - - [01/Aug/2017 14:13:58] "OPTIONS /get_docs_list HTTP/1.1" 500 -
Traceback (most recent call last):
  File "/usr/local/lib/python2.7/dist-packages/flask/cli.py", line 189, in __call__
    rv = self._load_unlocked()
  File "/usr/local/lib/python2.7/dist-packages/flask/cli.py", line 176, in _load_unlocked
    self._app = rv = self.loader()
  File "/usr/local/lib/python2.7/dist-packages/flask/cli.py", line 237, in load_app
    rv = locate_app(self.app_import_path)
  File "/usr/local/lib/python2.7/dist-packages/flask/cli.py", line 100, in locate_app
    'ensure the extension is .py' % module)
NoAppException: The file/path provided (/home/xzhang1/src/qchem/qchem/gui.py) does not appear to exist.  Please verify the path is correct.  If app is not on PYTHONPATH, ensure the extension is .py
 * Serving Flask app "/home/xzhang1/src/qchem/qchem/gui.py"
 * Forcing debug mode on
