[94mWelcome. Libraries loaded.[0m
global_load called
warning: node naive ncl 111_1's parsing failed. probably old version.
warning: node naive ncl 111_1_1's parsing failed. probably old version.
warning: node naive ncl 111_1_1_1's parsing failed. probably old version.
warning: node naive ncl 111_1_1_1_1_1's parsing failed. probably old version.
warning: node naive para opt's parsing failed. probably old version.
warning: node naive ncl 111_1_1_1_1's parsing failed. probably old version.
warning: node naive ncl 011's parsing failed. probably old version.
warning: node opt's parsing failed. probably old version.
warning: node opt ediffg 1E-6 ediff not up to the task's parsing failed. probably old version.
warning: node naive ncl 111's parsing failed. probably old version.
warning: node high prec para opt's parsing failed. probably old version.
warning: node opt ediffg 1E-3's parsing failed. probably old version.
warning: node high prec fm opt's parsing failed. probably old version.
warning: node naive fm opt's parsing failed. probably old version.
warning: node naive ncl bandgap's parsing failed. probably old version.
warning: node 20alt -0_02 opt's parsing failed. probably old version.
warning: node opt ediffg 1E-4's parsing failed. probably old version.
warning: node reliable fm static's parsing failed. probably old version.
warning: node a really good static's parsing failed. probably old version.
warning: node naive ncl 001's parsing failed. probably old version.
warning: node reliable para static's parsing failed. probably old version.
warning: node opt ediffg 1E-5's parsing failed. probably old version.
warning: node para opt's parsing failed. probably old version.
warning: node fm dos's parsing failed. probably old version.
warning: node opt ediffg -0_03 cont1's parsing failed. probably old version.
----------------------------
MlVaspSpeed.train: training finished. evaluation on last item: 
 actual | predicted
94.9786 91.9073
13.842 34.521
13.9704 38.07
20.2755 36.2601
56.7553 32.4236
48.9224 32.4236
31.6796 33.6935
38.4634 57.0159
116.598 75.0922
162.436 56.9119
69.8093 71.9628
605.821 179.234
28.3521 48.3723
57.0616 37.8671
32.0605 56.1337
36.7438 57.6462
112.36 86.3609
16.4294 34.521
586.598 49.9474
53.6961 19.4436
10.5701 15.4286
13.7745 14.9184
244.06 235.935
209.705 49.9474
64.3569 68.0014
194.962 205.261
6.15658 14.1498
1321.38 456.586
67.5897 56.9253
40.0937 32.5215
22.953 21.777
47.4619 75.0922
460.913 69.2658
71.133 21.5789
79.3243 21.777
146.624 91.9073
28.7444 48.3723
33.7234 32.0847
70.2845 86.3609
9.3969 14.8762
14.1268 14.9184
2.37471 13.7205
32.9441 29.9603
38.6549 19.4436
3.22686 13.6491
1.11386 13.7205
259.052 91.9073
23.1269 21.5956
96.1397 64.6539
89.2785 31.3568
70.3904 86.3609
106.094 37.889
39.4136 32.6273
38.304 56.8085
127.381 68.0014
21.6939 28.6428
32.9279 84.043
282.053 128.98
13.2248 15.0171
47.6327 32.0847
234.37 61.1891
126.871 130.276
89.7385 175.555
109.588 68.0014
37.0194 56.1337
43.9272 26.6502
246.534 68.0036
101.017 131.854
71.8482 46.2939
3167.53 728.317
20.2734 33.6935
25.6565 41.4277
45.3756 75.0922
831.403 276.682
33.8136 32.8008
19.4471 32.6273
305.167 178.105
parameters: [ 9.   1.   2.   3.2  4. ]. error: 10.0522165863.
----------------------------
MlVaspSpeed.train: training finished. evaluation on last item: 
 actual | predicted
94.9786 78.724
13.842 34.7112
13.9704 33.874
20.2755 33.7143
56.7553 39.9341
48.9224 39.9341
31.6796 35.8498
38.4634 100.287
116.598 72.5142
162.436 128.255
69.8093 72.2044
605.821 436.938
28.3521 36.7744
57.0616 64.121
32.0605 92.5864
36.7438 129.899
112.36 79.8032
16.4294 34.7112
586.598 85.6212
53.6961 40.4896
10.5701 13.8135
13.7745 16.9545
244.06 217.452
209.705 85.6212
64.3569 72.7365
194.962 155.392
6.15658 11.8946
1321.38 633.963
67.5897 133.915
40.0937 38.9667
22.953 18.3712
47.4619 72.5142
460.913 158.926
71.133 17.2876
79.3243 18.3712
146.624 78.724
28.7444 36.7744
33.7234 41.4528
70.2845 79.8032
9.3969 15.3269
14.1268 16.9545
2.37471 15.7709
32.9441 29.6738
38.6549 40.4896
3.22686 13.2098
1.11386 15.7709
259.052 78.724
23.1269 34.1817
96.1397 82.594
89.2785 37.3057
70.3904 79.8032
106.094 64.1688
39.4136 38.7769
38.304 76.3584
127.381 72.7365
21.6939 24.6574
32.9279 76.4667
282.053 330.789
13.2248 16.7638
47.6327 41.4528
234.37 233.599
126.871 339.766
89.7385 336.914
109.588 72.7365
37.0194 92.5864
43.9272 32.9935
246.534 84.087
101.017 335.084
71.8482 38.0811
3167.53 713.403
20.2734 35.8498
25.6565 42.5141
45.3756 72.5142
831.403 544.507
33.8136 38.4868
19.4471 38.7769
305.167 109.437
parameters: [ 9.   1.   2.   3.2  4. ]. error: 8.77188388511.
----------------------------
MlVaspSpeed.train: training finished. evaluation on last item: 
 actual | predicted
94.9786 82.221
13.842 37.6919
13.9704 39.4922
20.2755 38.3287
56.7553 36.2353
48.9224 36.2353
31.6796 36.8647
38.4634 80.6488
116.598 71.4163
162.436 55.0237
69.8093 69.257
605.821 210.138
28.3521 56.6408
57.0616 41.8754
32.0605 47.2916
36.7438 55.4816
112.36 87.8179
16.4294 37.6919
586.598 81.0909
53.6961 37.2789
10.5701 21.4145
13.7745 22.2781
244.06 197.915
209.705 81.0909
64.3569 66.4642
194.962 174.965
6.15658 21.2417
1321.38 366.297
67.5897 53.8278
40.0937 36.6245
22.953 24.9301
47.4619 71.4163
460.913 84.077
71.133 24.9108
79.3243 24.9301
146.624 82.221
28.7444 56.6408
33.7234 36.0672
70.2845 87.8179
9.3969 21.0551
14.1268 22.2781
2.37471 23.5706
32.9441 39.224
38.6549 37.2789
3.22686 20.8856
1.11386 23.5706
259.052 82.221
23.1269 28.685
96.1397 81.9022
89.2785 35.8456
70.3904 87.8179
106.094 41.8903
39.4136 36.5456
38.304 62.5172
127.381 66.4642
21.6939 29.1108
32.9279 78.291
282.053 124.231
13.2248 22.198
47.6327 36.0672
234.37 78.4437
126.871 125.582
89.7385 180.363
109.588 66.4642
37.0194 47.2916
43.9272 28.6455
246.534 85.3074
101.017 126.26
71.8482 38.096
3167.53 468.926
20.2734 36.8647
25.6565 47.6724
45.3756 71.4163
831.403 283.332
33.8136 36.4192
19.4471 36.5456
305.167 137.489
parameters: [ 10.    1.    2.    3.2   4. ]. error: 22.0066359318.
----------------------------
MlVaspSpeed.train: training finished. evaluation on last item: 
 actual | predicted
94.9786 111.81
13.842 35.1691
13.9704 34.6931
20.2755 34.5727
56.7553 42.2354
48.9224 42.2354
31.6796 37.1448
38.4634 68.5793
116.598 84.7367
162.436 62.0254
69.8093 83.0128
605.821 135.787
28.3521 66.679
57.0616 46.18
32.0605 54.14
36.7438 62.4807
112.36 86.8079
16.4294 35.1691
586.598 74.091
53.6961 20.8345
10.5701 17.6614
13.7745 21.4266
244.06 210.889
209.705 74.091
64.3569 82.8826
194.962 207.214
6.15658 15.3717
1321.38 277.025
67.5897 68.6445
40.0937 40.0774
22.953 28.3033
47.4619 84.7367
460.913 66.917
71.133 27.3021
79.3243 28.3033
146.624 111.81
28.7444 66.679
33.7234 44.7727
70.2845 86.8079
9.3969 19.7696
14.1268 21.4266
2.37471 16.7282
32.9441 45.9372
38.6549 20.8345
3.22686 17.1917
1.11386 16.7282
259.052 111.81
23.1269 26.631
96.1397 83.9282
89.2785 38.9185
70.3904 86.8079
106.094 46.1993
39.4136 40.106
38.304 89.9903
127.381 82.8826
21.6939 36.5885
32.9279 97.0359
282.053 103.974
13.2248 21.5107
47.6327 44.7727
234.37 81.1076
126.871 109.377
89.7385 166.517
109.588 82.8826
37.0194 54.14
43.9272 37.4699
246.534 88.0734
101.017 105.268
71.8482 49.5057
3167.53 530.42
20.2734 37.1448
25.6565 42.8475
45.3756 84.7367
831.403 196.758
33.8136 40.1519
19.4471 40.106
305.167 198.888
parameters: [ 7.382  1.     2.     3.2    4.   ]. error: 10.5044500641.
----------------------------
MlVaspSpeed.train: training finished. evaluation on last item: 
 actual | predicted
94.9786 91.7726
13.842 28.4904
13.9704 27.9434
20.2755 27.7668
56.7553 31.7594
48.9224 31.7594
31.6796 29.0119
38.4634 75.6052
116.598 68.3262
162.436 71.9891
69.8093 65.1616
605.821 262.21
28.3521 44.7972
57.0616 43.7047
32.0605 47.1769
36.7438 72.9974
112.36 98.6939
16.4294 28.4904
586.598 66.0957
53.6961 19.2764
10.5701 12.3028
13.7745 14.5417
244.06 152.225
209.705 66.0957
64.3569 62.2117
194.962 133.638
6.15658 10.5363
1321.38 496.815
67.5897 75.748
40.0937 31.1371
22.953 19.8776
47.4619 68.3262
460.913 97.4798
71.133 18.6774
79.3243 19.8776
146.624 91.7726
28.7444 44.7972
33.7234 33.2058
70.2845 98.6939
9.3969 13.3691
14.1268 14.5417
2.37471 11.5364
32.9441 28.4574
38.6549 19.2764
3.22686 11.4495
1.11386 11.5364
259.052 91.7726
23.1269 23.5611
96.1397 93.2524
89.2785 29.8472
70.3904 98.6939
106.094 43.7374
39.4136 30.9468
38.304 79.2333
127.381 62.2117
21.6939 26.188
32.9279 81.6175
282.053 190.687
13.2248 14.4941
47.6327 33.2058
234.37 140.015
126.871 197.281
89.7385 239.888
109.588 62.2117
37.0194 47.1769
43.9272 25.0891
246.534 97.605
101.017 193.942
71.8482 65.8442
3167.53 664.799
20.2734 29.0119
25.6565 55.292
45.3756 68.3262
831.403 378.69
33.8136 30.643
19.4471 30.9468
305.167 121.685
parameters: [ 9.   1.   2.   3.2  4. ]. error: 5.7986931691.
----------------------------
MlVaspSpeed.train: training finished. evaluation on last item: 
 actual | predicted
94.9786 99.6711
13.842 39.6042
13.9704 33.988
20.2755 36.7855
56.7553 49.2079
48.9224 49.2079
31.6796 43.1724
38.4634 161.703
116.598 97.9315
162.436 107.292
69.8093 96.9402
605.821 298.043
28.3521 43.3094
57.0616 66.218
32.0605 98.3872
36.7438 108.511
112.36 126.399
16.4294 39.6042
586.598 68.8576
53.6961 27.2595
10.5701 15.5409
13.7745 18.3745
244.06 232.175
209.705 68.8576
64.3569 95.2631
194.962 186.626
6.15658 11.6146
1321.38 588.881
67.5897 114.077
40.0937 46.9546
22.953 26.0207
47.4619 97.9315
460.913 120.855
71.133 22.8808
79.3243 26.0207
146.624 99.6711
28.7444 43.3094
33.7234 51.1286
70.2845 126.399
9.3969 17.7674
14.1268 18.3745
2.37471 13.2226
32.9441 39.0582
38.6549 27.2595
3.22686 13.3372
1.11386 13.2226
259.052 99.6711
23.1269 41.0267
96.1397 133.62
89.2785 44.6777
70.3904 126.399
106.094 66.2615
39.4136 47.0118
38.304 97.4942
127.381 95.2631
21.6939 38.147
32.9279 99.417
282.053 227.267
13.2248 18.4546
47.6327 51.1286
234.37 180.776
126.871 234.239
89.7385 273.635
109.588 95.2631
37.0194 98.3872
43.9272 42.7024
246.534 134.668
101.017 230.343
71.8482 79.0539
3167.53 911.34
20.2734 43.1724
25.6565 67.8576
45.3756 97.9315
831.403 424.041
33.8136 47.1116
19.4471 47.0118
305.167 162.232
parameters: [ 8.382  1.     2.     3.2    4.   ]. error: 6.97354706288.
----------------------------
MlVaspSpeed.train: training finished. evaluation on last item: 
 actual | predicted
94.9786 100.106
13.842 27.5772
13.9704 19.6726
20.2755 22.9013
56.7553 49.3378
48.9224 49.3378
31.6796 35.0401
38.4634 114.261
116.598 99.9888
162.436 89.9998
69.8093 99.8028
605.821 319.026
28.3521 88.6444
57.0616 58.0399
32.0605 42.8374
36.7438 91.0219
112.36 110.736
16.4294 27.5772
586.598 79.2637
53.6961 20.3591
10.5701 14.6428
13.7745 22.8182
244.06 170.731
209.705 79.2637
64.3569 99.9301
194.962 151.331
6.15658 11.9549
1321.38 698.948
67.5897 107.872
40.0937 43.9362
22.953 29.0859
47.4619 99.9888
460.913 114.883
71.133 27.0097
79.3243 29.0859
146.624 100.106
28.7444 88.6444
33.7234 54.2024
70.2845 110.736
9.3969 20.352
14.1268 22.8182
2.37471 16.1381
32.9441 66.9189
38.6549 20.3591
3.22686 16.5462
1.11386 16.1381
259.052 100.106
23.1269 29.2868
96.1397 198.162
89.2785 42.4291
70.3904 110.736
106.094 58.073
39.4136 44.1068
38.304 94.8635
127.381 99.9301
21.6939 36.3814
32.9279 100.587
282.053 219.46
13.2248 22.9059
47.6327 54.2024
234.37 193.003
126.871 234.284
89.7385 216.275
109.588 99.9301
37.0194 42.8374
43.9272 34.4431
246.534 205.109
101.017 223.025
71.8482 71.2476
3167.53 1093.19
20.2734 35.0401
25.6565 56.1903
45.3756 99.9888
831.403 494.15
33.8136 44.3911
19.4471 44.1068
305.167 136.777
parameters: [ 9.382  1.     2.     3.2    4.   ]. error: 9.48006903556.
----------------------------
MlVaspSpeed.train: training finished. evaluation on last item: 
 actual | predicted
94.9786 81.522
13.842 42.5363
13.9704 40.7889
20.2755 41.433
56.7553 56.9904
48.9224 56.9904
31.6796 46.6802
38.4634 127.801
116.598 85.6895
162.436 90.0748
69.8093 87.9591
605.821 193.483
28.3521 57.1147
57.0616 63.1765
32.0605 66.1916
36.7438 90.8241
112.36 100.279
16.4294 42.5363
586.598 60.976
53.6961 23.9887
10.5701 20.4599
13.7745 23.422
244.06 292.297
209.705 60.976
64.3569 92.8987
194.962 281.203
6.15658 16.9388
1321.38 405.293
67.5897 105.618
40.0937 52.3027
22.953 37.3387
47.4619 85.6895
460.913 92.904
71.133 35.6486
79.3243 37.3387
146.624 81.522
28.7444 57.1147
33.7234 60.7836
70.2845 100.279
9.3969 22.5166
14.1268 23.422
2.37471 17.1941
32.9441 57.0165
38.6549 23.9887
3.22686 18.2948
1.11386 17.1941
259.052 81.522
23.1269 34.9136
96.1397 117.649
89.2785 50.504
70.3904 100.279
106.094 63.2081
39.4136 52.6135
38.304 73.1668
127.381 92.8987
21.6939 49.0379
32.9279 82.0186
282.053 166.384
13.2248 23.9743
47.6327 60.7836
234.37 150.224
126.871 182.926
89.7385 111.388
109.588 92.8987
37.0194 66.1916
43.9272 43.8776
246.534 119.479
101.017 168.445
71.8482 75.9592
3167.53 800.918
20.2734 46.6802
25.6565 62.4573
45.3756 85.6895
831.403 303.694
33.8136 53.1176
19.4471 52.6135
305.167 267.641
parameters: [ 8.773  1.     2.     3.2    4.   ]. error: 12.2325238885.
----------------------------
MlVaspSpeed.train: training finished. evaluation on last item: 
 actual | predicted
94.9786 75.2904
13.842 46.6979
13.9704 46.7406
20.2755 46.7449
56.7553 46.7931
48.9224 46.7931
31.6796 46.7671
38.4634 220.189
116.598 75.1838
162.436 114.16
69.8093 75.1835
605.821 1007.53
28.3521 33.8288
57.0616 71.0515
32.0605 54.2011
36.7438 115.359
112.36 117.616
16.4294 46.6979
586.598 103.49
53.6961 71.4902
10.5701 18.7989
13.7745 20.5595
244.06 185.343
209.705 103.49
64.3569 75.1942
194.962 139.816
6.15658 18.0177
1321.38 3698.6
67.5897 117.261
40.0937 46.7276
22.953 19.3037
47.4619 75.1838
460.913 224.276
71.133 17.993
79.3243 19.3037
146.624 75.2904
28.7444 33.8288
33.7234 46.8031
70.2845 117.616
9.3969 18.8085
14.1268 20.5595
2.37471 23.3213
32.9441 33.4901
38.6549 71.4902
3.22686 18.0268
1.11386 23.3213
259.052 75.2904
23.1269 43.8914
96.1397 164.479
89.2785 44.827
70.3904 117.616
106.094 71.0976
39.4136 46.7537
38.304 71.1923
127.381 75.1942
21.6939 24.5775
32.9279 75.1491
282.053 365.601
13.2248 20.4182
47.6327 46.8031
234.37 261.06
126.871 372.287
89.7385 333.884
109.588 75.1942
37.0194 54.2011
43.9272 25.3274
246.534 164.536
101.017 372.249
71.8482 43.1445
3167.53 17412.6
20.2734 46.7671
25.6565 79.323
45.3756 75.1838
831.403 1869.54
33.8136 46.7837
19.4471 46.7537
305.167 86.7143
parameters: [ 9.146  1.     2.     3.2    4.   ]. error: 20.8236328151.
----------------------------
MlVaspSpeed.train: training finished. evaluation on last item: 
 actual | predicted
94.9786 116.72
13.842 33.5646
13.9704 23.874
20.2755 27.9389
56.7553 57.7518
48.9224 57.7518
31.6796 41.2804
38.4634 105.609
116.598 116.489
162.436 118.964
69.8093 115.882
605.821 374.876
28.3521 50.6924
57.0616 72.2443
32.0605 72.1142
36.7438 120.576
112.36 171.232
16.4294 33.5646
586.598 80.0538
53.6961 27.7989
10.5701 14.7027
13.7745 24.1234
244.06 286.125
209.705 80.0538
64.3569 114.857
194.962 206.129
6.15658 12.8629
1321.38 809.28
67.5897 149.564
40.0937 51.6605
22.953 27.9278
47.4619 116.489
460.913 142.527
71.133 25.997
79.3243 27.9278
146.624 116.72
28.7444 50.6924
33.7234 64.0094
70.2845 171.232
9.3969 19.8836
14.1268 24.1234
2.37471 18.5627
32.9441 42.5056
38.6549 27.7989
3.22686 17.304
1.11386 18.5627
259.052 116.72
23.1269 29.5094
96.1397 141.452
89.2785 48.882
70.3904 171.232
106.094 72.2979
39.4136 51.6249
38.304 87.6811
127.381 114.857
21.6939 40.0837
32.9279 117.48
282.053 268.596
13.2248 24.0126
47.6327 64.0094
234.37 176.945
126.871 305.688
89.7385 339.044
109.588 114.857
37.0194 72.1142
43.9272 30.1343
246.534 143.897
101.017 272.945
71.8482 76.0174
3167.53 1373.02
20.2734 41.2804
25.6565 76.8757
45.3756 116.489
831.403 607.619
33.8136 51.5658
19.4471 51.6249
305.167 160.23
parameters: [ 8.913  1.     2.     3.2    4.   ]. error: 12.7911462986.
----------------------------
MlVaspSpeed.train: training finished. evaluation on last item: 
 actual | predicted
94.9786 106.357
13.842 36.6639
13.9704 36.307
20.2755 36.8809
56.7553 40.2444
48.9224 40.2444
31.6796 38.5912
38.4634 120.597
116.598 101.772
162.436 131.181
69.8093 100.443
605.821 441.078
28.3521 57.6102
57.0616 74.4376
32.0605 55.9407
36.7438 132.919
112.36 129.232
16.4294 36.6639
586.598 60.1233
53.6961 23.0858
10.5701 20.1267
13.7745 17.7533
244.06 354.329
209.705 60.1233
64.3569 98.5136
194.962 189.018
6.15658 10.6059
1321.38 1438.81
67.5897 138.166
40.0937 38.6494
22.953 22.3361
47.4619 101.772
460.913 123.955
71.133 14.7018
79.3243 22.3361
146.624 106.357
28.7444 57.6102
33.7234 40.8317
70.2845 129.232
9.3969 20.9142
14.1268 17.7533
2.37471 7.39902
32.9441 41.0012
38.6549 23.0858
3.22686 10.9853
1.11386 7.39902
259.052 106.357
23.1269 41.3017
96.1397 145.171
89.2785 37.3175
70.3904 129.232
106.094 74.4849
39.4136 39.0415
38.304 114.838
127.381 98.5136
21.6939 33.6809
32.9279 102.243
282.053 357.16
13.2248 18.007
47.6327 40.8317
234.37 148.105
126.871 370.368
89.7385 391.081
109.588 98.5136
37.0194 55.9407
43.9272 30.0532
246.534 149.807
101.017 364.963
71.8482 76.5665
3167.53 3012.65
20.2734 38.5912
25.6565 51.7626
45.3756 101.772
831.403 844.891
33.8136 39.6755
19.4471 39.0415
305.167 159.53
parameters: [ 9.056  1.     2.     3.2    4.   ]. error: 4.1106024268.
----------------------------
MlVaspSpeed.train: training finished. evaluation on last item: 
 actual | predicted
94.9786 90.4515
13.842 32.4937
13.9704 32.422
20.2755 31.9051
56.7553 34.2209
48.9224 34.2209
31.6796 32.6688
38.4634 110.947
116.598 80.6958
162.436 92.0358
69.8093 78.5777
605.821 300.603
28.3521 54.1594
57.0616 49.82
32.0605 111.312
36.7438 93.6689
112.36 123.577
16.4294 32.4937
586.598 71.2892
53.6961 25.0
10.5701 15.561
13.7745 16.9367
244.06 322.632
209.705 71.2892
64.3569 75.5998
194.962 269.985
6.15658 13.6648
1321.38 822.655
67.5897 94.0789
40.0937 34.1563
22.953 18.7346
47.4619 80.6958
460.913 111.631
71.133 17.3413
79.3243 18.7346
146.624 90.4515
28.7444 54.1594
33.7234 34.8266
70.2845 123.577
9.3969 16.2111
14.1268 16.9367
2.37471 14.7401
32.9441 36.1649
38.6549 25.0
3.22686 14.2287
1.11386 14.7401
259.052 90.4515
23.1269 29.8199
96.1397 92.8983
89.2785 32.3443
70.3904 123.577
106.094 49.8638
39.4136 33.9587
38.304 84.5475
127.381 75.5998
21.6939 25.2522
32.9279 87.5003
282.053 235.333
13.2248 16.7199
47.6327 34.8266
234.37 155.609
126.871 242.305
89.7385 274.9
109.588 75.5998
37.0194 111.312
43.9272 23.189
246.534 95.4163
101.017 240.453
71.8482 79.9005
3167.53 1915.74
20.2734 32.6688
25.6565 63.7165
45.3756 80.6958
831.403 483.536
33.8136 33.6557
19.4471 33.9587
305.167 231.367
parameters: [ 9.09  1.    2.    3.2   4.  ]. error: 8.31273365524.
----------------------------
MlVaspSpeed.train: training finished. evaluation on last item: 
 actual | predicted
94.9786 79.8344
13.842 30.1215
13.9704 24.0092
20.2755 26.8287
56.7553 40.5469
48.9224 40.5469
31.6796 34.3044
38.4634 125.98
116.598 83.6018
162.436 79.3912
69.8093 83.9989
605.821 249.964
28.3521 35.3544
57.0616 48.7342
32.0605 63.7658
36.7438 80.2795
112.36 87.6655
16.4294 30.1215
586.598 51.5821
53.6961 22.755
10.5701 14.5277
13.7745 18.3906
244.06 320.051
209.705 51.5821
64.3569 84.4448
194.962 249.459
6.15658 12.5587
1321.38 490.958
67.5897 88.7351
40.0937 38.3856
22.953 20.9423
47.4619 83.6018
460.913 88.972
71.133 20.2032
79.3243 20.9423
146.624 79.8344
28.7444 35.3544
33.7234 42.3856
70.2845 87.6655
9.3969 17.0073
14.1268 18.3906
2.37471 14.9693
32.9441 34.7313
38.6549 22.755
3.22686 14.6589
1.11386 14.9693
259.052 79.8344
23.1269 26.4099
96.1397 90.8977
89.2785 37.0368
70.3904 87.6655
106.094 48.7617
39.4136 38.4597
38.304 62.26
127.381 84.4448
21.6939 28.2137
32.9279 81.5052
282.053 181.704
13.2248 18.4878
47.6327 42.3856
234.37 135.786
126.871 194.466
89.7385 263.064
109.588 84.4448
37.0194 63.7658
43.9272 36.8442
246.534 91.7744
101.017 184.619
71.8482 40.4127
3167.53 740.026
20.2734 34.3044
25.6565 39.9859
45.3756 83.6018
831.403 377.997
33.8136 38.5796
19.4471 38.4597
305.167 178.75
parameters: [ 9.034  1.     2.     3.2    4.   ]. error: 10.9822836291.
----------------------------
MlVaspSpeed.train: training finished. evaluation on last item: 
 actual | predicted
94.9786 93.8337
13.842 40.3338
13.9704 38.5732
20.2755 39.6092
56.7553 44.1897
48.9224 44.1897
31.6796 42.021
38.4634 160.818
116.598 100.221
162.436 96.8768
69.8093 101.281
605.821 387.45
28.3521 44.8837
57.0616 58.583
32.0605 73.8266
36.7438 98.2245
112.36 131.802
16.4294 40.3338
586.598 60.4453
53.6961 28.2297
10.5701 16.8292
13.7745 18.3914
244.06 161.516
209.705 60.4453
64.3569 102.637
194.962 116.453
6.15658 14.8465
1321.38 920.725
67.5897 103.045
40.0937 42.9783
22.953 22.2349
47.4619 100.221
460.913 129.235
71.133 21.3867
79.3243 22.2349
146.624 93.8337
28.7444 44.8837
33.7234 44.9832
70.2845 131.802
9.3969 17.5511
14.1268 18.3914
2.37471 15.9893
32.9441 39.1203
38.6549 28.2297
3.22686 15.4673
1.11386 15.9893
259.052 93.8337
23.1269 31.6033
96.1397 167.035
89.2785 40.8543
70.3904 131.802
106.094 58.627
39.4136 43.149
38.304 70.2232
127.381 102.637
21.6939 29.8939
32.9279 95.7685
282.053 245.165
13.2248 18.5288
47.6327 44.9832
234.37 169.156
126.871 254.51
89.7385 356.498
109.588 102.637
37.0194 73.8266
43.9272 19.5619
246.534 172.454
101.017 250.057
71.8482 60.3306
3167.53 1682.28
20.2734 42.021
25.6565 55.6723
45.3756 100.221
831.403 605.691
33.8136 43.4292
19.4471 43.149
305.167 78.7392
parameters: [ 9.069  1.     2.     3.2    4.   ]. error: 10.7411933314.
----------------------------
MlVaspSpeed.train: training finished. evaluation on last item: 
 actual | predicted
94.9786 121.413
13.842 39.0186
13.9704 38.2675
20.2755 38.1368
56.7553 54.3881
48.9224 54.3881
31.6796 42.71
38.4634 125.809
116.598 91.7878
162.436 109.474
69.8093 88.1992
605.821 335.209
28.3521 58.8057
57.0616 67.1566
32.0605 77.6617
36.7438 110.816
112.36 104.756
16.4294 39.0186
586.598 89.6551
53.6961 24.6822
10.5701 15.4901
13.7745 22.8927
244.06 208.108
209.705 89.6551
64.3569 84.7299
194.962 195.455
6.15658 12.6184
1321.38 702.292
67.5897 126.115
40.0937 49.2025
22.953 26.8538
47.4619 91.7878
460.913 128.454
71.133 25.4772
79.3243 26.8538
146.624 121.413
28.7444 58.8057
33.7234 59.1766
70.2845 104.756
9.3969 19.7631
14.1268 22.8927
2.37471 16.1204
32.9441 40.9221
38.6549 24.6822
3.22686 16.1513
1.11386 16.1204
259.052 121.413
23.1269 33.9186
96.1397 134.712
89.2785 47.2619
70.3904 104.756
106.094 67.2006
39.4136 49.3863
38.304 108.954
127.381 84.7299
21.6939 36.2987
32.9279 107.278
282.053 263.791
13.2248 23.2352
47.6327 59.1766
234.37 207.733
126.871 280.229
89.7385 256.974
109.588 84.7299
37.0194 77.6617
43.9272 35.1389
246.534 137.162
101.017 268.134
71.8482 81.6993
3167.53 1079.76
20.2734 42.71
25.6565 68.698
45.3756 91.7878
831.403 511.263
33.8136 49.685
19.4471 49.3863
305.167 177.098
parameters: [ 9.048  1.     2.     3.2    4.   ]. error: 9.06327971595.
----------------------------
MlVaspSpeed.train: training finished. evaluation on last item: 
 actual | predicted
94.9786 75.2318
13.842 30.9631
13.9704 32.2341
20.2755 31.4193
56.7553 29.6099
48.9224 29.6099
31.6796 30.2333
38.4634 41.1994
116.598 60.2651
162.436 57.2878
69.8093 57.9361
605.821 230.483
28.3521 39.0186
57.0616 36.9558
32.0605 33.5962
36.7438 57.93
112.36 77.6595
16.4294 30.9631
586.598 50.4218
53.6961 20.9155
10.5701 13.7551
13.7745 14.1405
244.06 176.421
209.705 50.4218
64.3569 55.2045
194.962 154.301
6.15658 13.2914
1321.38 606.25
67.5897 56.9092
40.0937 29.9893
22.953 18.9484
47.4619 60.2651
460.913 75.3913
71.133 19.3072
79.3243 18.9484
146.624 75.2318
28.7444 39.0186
33.7234 29.4397
70.2845 77.6595
9.3969 13.4875
14.1268 14.1405
2.37471 13.8293
32.9441 25.1202
38.6549 20.9155
3.22686 13.0339
1.11386 13.8293
259.052 75.2318
23.1269 19.4029
96.1397 54.0782
89.2785 29.0031
70.3904 77.6595
106.094 36.9785
39.4136 29.9165
38.304 47.3523
127.381 55.2045
21.6939 23.7327
32.9279 68.9583
282.053 155.31
13.2248 14.0562
47.6327 29.4397
234.37 68.4269
126.871 157.872
89.7385 157.679
109.588 55.2045
37.0194 33.5962
43.9272 22.6095
246.534 57.9346
101.017 158.733
71.8482 41.9295
3167.53 1094.03
20.2734 30.2333
25.6565 42.4163
45.3756 60.2651
831.403 376.412
33.8136 29.7976
19.4471 29.9165
305.167 127.0
parameters: [ 9.061  1.     2.     3.2    4.   ]. error: 10.0479999813.
----------------------------
MlVaspSpeed.train: training finished. evaluation on last item: 
 actual | predicted
94.9786 82.992
13.842 35.6276
13.9704 39.3581
20.2755 38.2638
56.7553 35.8942
48.9224 35.8942
31.6796 36.6466
38.4634 76.319
116.598 72.0094
162.436 92.4095
69.8093 69.9695
605.821 241.744
28.3521 40.8335
57.0616 52.6774
32.0605 61.3252
36.7438 93.5723
112.36 83.5269
16.4294 35.6276
586.598 56.4807
53.6961 24.7204
10.5701 17.2126
13.7745 15.5757
244.06 172.609
209.705 56.4807
64.3569 67.3411
194.962 128.088
6.15658 13.441
1321.38 457.132
67.5897 97.1392
40.0937 34.4498
22.953 18.7111
47.4619 72.0094
460.913 95.2229
71.133 17.0224
79.3243 18.7111
146.624 82.992
28.7444 40.8335
33.7234 35.7033
70.2845 83.5269
9.3969 16.8363
14.1268 15.5757
2.37471 12.7558
32.9441 30.6082
38.6549 24.7204
3.22686 13.1471
1.11386 12.7558
259.052 82.992
23.1269 28.3932
96.1397 66.8296
89.2785 33.226
70.3904 83.5269
106.094 52.7163
39.4136 35.0712
38.304 65.7979
127.381 67.3411
21.6939 25.9709
32.9279 75.0219
282.053 206.098
13.2248 16.0679
47.6327 35.7033
234.37 73.0575
126.871 209.183
89.7385 147.046
109.588 67.3411
37.0194 61.3252
43.9272 29.7153
246.534 69.0823
101.017 209.937
71.8482 65.4344
3167.53 611.19
20.2734 36.6466
25.6565 45.9023
45.3756 72.0094
831.403 342.241
33.8136 36.1123
19.4471 35.0712
305.167 98.9824
parameters: [ 9.053  1.     2.     3.2    4.   ]. error: 7.91424662663.
----------------------------
MlVaspSpeed.train: training finished. evaluation on last item: 
 actual | predicted
94.9786 65.206
13.842 31.6531
13.9704 33.2379
20.2755 32.6789
56.7553 30.4858
48.9224 30.4858
31.6796 31.4726
38.4634 84.5752
116.598 60.0266
162.436 62.5345
69.8093 58.9395
605.821 149.737
28.3521 36.6642
57.0616 42.3666
32.0605 41.66
36.7438 63.0589
112.36 54.2716
16.4294 31.6531
586.598 42.12
53.6961 21.5861
10.5701 21.4712
13.7745 18.5104
244.06 222.646
209.705 42.12
64.3569 57.4628
194.962 157.411
6.15658 16.2288
1321.38 463.335
67.5897 62.5445
40.0937 30.402
22.953 22.1972
47.4619 60.0266
460.913 53.6594
71.133 19.0312
79.3243 22.1972
146.624 65.206
28.7444 36.6642
33.7234 30.1434
70.2845 54.2716
9.3969 20.8492
14.1268 18.5104
2.37471 14.2077
32.9441 34.0205
38.6549 21.5861
3.22686 15.7809
1.11386 14.2077
259.052 65.206
23.1269 36.7098
96.1397 55.5912
89.2785 29.8923
70.3904 54.2716
106.094 42.3819
39.4136 30.5612
38.304 76.7085
127.381 57.4628
21.6939 27.1719
32.9279 62.1286
282.053 145.403
13.2248 18.742
47.6327 30.1434
234.37 75.4954
126.871 146.233
89.7385 168.543
109.588 57.4628
37.0194 41.66
43.9272 34.6102
246.534 56.0801
101.017 148.021
71.8482 51.3701
3167.53 826.958
20.2734 31.4726
25.6565 29.2603
45.3756 60.0266
831.403 252.409
33.8136 30.8216
19.4471 30.5612
305.167 136.679
parameters: [ 9.058  1.     2.     3.2    4.   ]. error: 13.0489459173.
----------------------------
MlVaspSpeed.train: training finished. evaluation on last item: 
 actual | predicted
94.9786 81.0273
13.842 36.0864
13.9704 33.6062
20.2755 34.9709
56.7553 40.8368
48.9224 40.8368
31.6796 38.1245
38.4634 91.0192
116.598 81.5265
162.436 88.7457
69.8093 81.2474
605.821 212.437
28.3521 39.7711
57.0616 51.975
32.0605 81.6406
36.7438 89.7963
112.36 84.1844
16.4294 36.0864
586.598 47.8832
53.6961 19.7405
10.5701 15.5603
13.7745 17.2183
244.06 178.81
209.705 47.8832
64.3569 80.8052
194.962 152.786
6.15658 13.3326
1321.38 437.055
67.5897 93.3327
40.0937 39.4806
22.953 22.8329
47.4619 81.5265
460.913 83.5021
71.133 21.7167
79.3243 22.8329
146.624 81.0273
28.7444 39.7711
33.7234 41.7792
70.2845 84.1844
9.3969 16.6953
14.1268 17.2183
2.37471 13.9822
32.9441 39.2139
38.6549 19.7405
3.22686 14.3098
1.11386 13.9822
259.052 81.0273
23.1269 27.176
96.1397 69.9144
89.2785 37.9957
70.3904 84.1844
106.094 52.009
39.4136 39.6409
38.304 63.1465
127.381 80.8052
21.6939 31.2454
32.9279 81.1524
282.053 197.197
13.2248 17.3993
47.6327 41.7792
234.37 115.495
126.871 201.832
89.7385 172.894
109.588 80.8052
37.0194 81.6406
43.9272 36.9857
246.534 70.0907
101.017 200.35
71.8482 56.6514
3167.53 641.914
20.2734 38.1245
25.6565 42.1985
45.3756 81.5265
831.403 309.508
33.8136 39.9062
19.4471 39.6409
305.167 131.876
parameters: [ 9.055  1.     2.     3.2    4.   ]. error: 10.8358040514.
----------------------------
MlVaspSpeed.train: training finished. evaluation on last item: 
 actual | predicted
94.9786 108.835
13.842 32.4592
13.9704 29.6615
20.2755 30.987
56.7553 37.7205
48.9224 37.7205
31.6796 34.944
38.4634 51.8044
116.598 63.2999
162.436 87.0584
69.8093 59.2905
605.821 214.288
28.3521 33.4271
57.0616 56.2051
32.0605 48.269
36.7438 87.8727
112.36 67.5062
16.4294 32.4592
586.598 69.9195
53.6961 20.9843
10.5701 17.7185
13.7745 17.7079
244.06 211.938
209.705 69.9195
64.3569 55.6829
194.962 193.016
6.15658 12.1609
1321.38 428.378
67.5897 90.1455
40.0937 36.7877
22.953 24.1087
47.4619 63.2999
460.913 85.2333
71.133 19.7518
79.3243 24.1087
146.624 108.835
28.7444 33.4271
33.7234 38.0191
70.2845 67.5062
9.3969 19.3155
14.1268 17.7079
2.37471 11.6802
32.9441 26.1752
38.6549 20.9843
3.22686 13.2571
1.11386 11.6802
259.052 108.835
23.1269 33.6093
96.1397 122.361
89.2785 35.6929
70.3904 67.5062
106.094 56.2339
39.4136 36.8998
38.304 106.904
127.381 55.6829
21.6939 33.1472
32.9279 87.0483
282.053 184.852
13.2248 17.8452
47.6327 38.0191
234.37 97.6689
126.871 189.348
89.7385 218.969
109.588 55.6829
37.0194 48.269
43.9272 28.8038
246.534 129.485
101.017 187.303
71.8482 70.3597
3167.53 634.674
20.2734 34.944
25.6565 45.3171
45.3756 63.2999
831.403 313.336
33.8136 37.0836
19.4471 36.8998
305.167 179.572
parameters: [ 9.056  1.     2.     3.2    4.   ]. error: 5.59953507375.
----------------------------
MlVaspSpeed.train: training finished. evaluation on last item: 
 actual | predicted
94.9786 72.5014
13.842 31.3217
13.9704 28.4705
20.2755 30.0843
56.7553 37.6122
48.9224 37.6122
31.6796 33.9828
38.4634 191.084
116.598 79.1057
162.436 109.142
69.8093 79.9691
605.821 455.122
28.3521 26.9302
57.0616 56.3039
32.0605 76.5901
36.7438 110.682
112.36 104.356
16.4294 31.3217
586.598 43.6301
53.6961 20.3331
10.5701 10.6033
13.7745 11.5168
244.06 231.859
209.705 43.6301
64.3569 80.9899
194.962 172.414
6.15658 7.26034
1321.38 876.818
67.5897 117.477
40.0937 35.6749
22.953 18.2316
47.4619 79.1057
460.913 136.631
71.133 16.0395
79.3243 18.2316
146.624 72.5014
28.7444 26.9302
33.7234 38.9411
70.2845 104.356
9.3969 11.7234
14.1268 11.5168
2.37471 7.69219
32.9441 25.904
38.6549 20.3331
3.22686 8.02731
1.11386 7.69219
259.052 72.5014
23.1269 33.9095
96.1397 164.842
89.2785 33.6209
70.3904 104.356
106.094 56.3519
39.4136 35.9305
38.304 73.4336
127.381 80.9899
21.6939 25.6438
32.9279 74.623
282.053 315.213
13.2248 11.7734
47.6327 38.9411
234.37 245.783
126.871 325.972
89.7385 344.357
109.588 80.9899
37.0194 76.5901
43.9272 23.1884
246.534 166.723
101.017 320.43
71.8482 50.3284
3167.53 1193.1
20.2734 33.9828
25.6565 49.0355
45.3756 79.1057
831.403 660.054
33.8136 36.3427
19.4471 35.9305
305.167 134.681
parameters: [ 9.055  1.     2.     3.2    4.   ]. error: 7.88132397996.
----------------------------
MlVaspSpeed.train: training finished. evaluation on last item: 
 actual | predicted
94.9786 92.7366
13.842 29.3788
13.9704 28.9605
20.2755 28.6665
56.7553 37.4908
48.9224 37.4908
31.6796 31.817
38.4634 60.9409
116.598 72.1926
162.436 101.633
69.8093 69.7224
605.821 374.008
28.3521 41.178
57.0616 55.9678
32.0605 54.2395
36.7438 103.085
112.36 79.829
16.4294 29.3788
586.598 51.0695
53.6961 15.967
10.5701 11.4784
13.7745 13.2769
244.06 188.439
209.705 51.0695
64.3569 67.4913
194.962 140.283
6.15658 8.23791
1321.38 760.027
67.5897 115.915
40.0937 35.2369
22.953 16.2148
47.4619 72.1926
460.913 121.241
71.133 14.0007
79.3243 16.2148
146.624 92.7366
28.7444 41.178
33.7234 39.8922
70.2845 79.829
9.3969 13.1139
14.1268 13.2769
2.37471 8.65815
32.9441 26.2051
38.6549 15.967
3.22686 9.34704
1.11386 8.65815
259.052 92.7366
23.1269 29.3605
96.1397 89.0868
89.2785 33.6682
70.3904 79.829
106.094 56.0128
39.4136 35.286
38.304 88.5288
127.381 67.4913
21.6939 22.7531
32.9279 82.3044
282.053 277.996
13.2248 13.3576
47.6327 39.8922
234.37 181.272
126.871 297.819
89.7385 305.999
109.588 67.4913
37.0194 54.2395
43.9272 24.3263
246.534 95.8785
101.017 283.438
71.8482 74.2714
3167.53 1027.51
20.2734 31.817
25.6565 43.9874
45.3756 72.1926
831.403 579.086
33.8136 35.3656
19.4471 35.286
305.167 97.8302
parameters: [ 9.056  1.     2.     3.2    4.   ]. error: 6.15599748577.
----------------------------
MlVaspSpeed.train: training finished. evaluation on last item: 
 actual | predicted
94.9786 83.3612
13.842 36.7273
13.9704 33.0671
20.2755 35.0721
56.7553 44.9358
48.9224 44.9358
31.6796 40.0731
38.4634 159.13
116.598 89.013
162.436 101.512
69.8093 89.8169
605.821 236.606
28.3521 54.9972
57.0616 61.3309
32.0605 104.769
36.7438 102.781
112.36 114.708
16.4294 36.7273
586.598 68.5794
53.6961 31.5538
10.5701 20.0552
13.7745 22.9156
244.06 180.072
209.705 68.5794
64.3569 90.7938
194.962 147.747
6.15658 16.6792
1321.38 395.831
67.5897 110.057
40.0937 42.4519
22.953 22.9757
47.4619 89.013
460.913 108.164
71.133 20.3446
79.3243 22.9757
146.624 83.3612
28.7444 54.9972
33.7234 46.7595
70.2845 114.708
9.3969 22.4501
14.1268 22.9156
2.37471 19.6926
32.9441 51.7881
38.6549 31.5538
3.22686 18.6709
1.11386 19.6926
259.052 83.3612
23.1269 47.4259
96.1397 142.309
89.2785 40.6096
70.3904 114.708
106.094 61.3713
39.4136 42.7393
38.304 95.6963
127.381 90.7938
21.6939 31.0257
32.9279 85.0227
282.053 211.518
13.2248 23.1816
47.6327 46.7595
234.37 184.22
126.871 217.328
89.7385 235.879
109.588 90.7938
37.0194 104.769
43.9272 27.2104
246.534 143.667
101.017 214.295
71.8482 80.4403
3167.53 489.218
20.2734 40.0731
25.6565 60.7392
45.3756 89.013
831.403 315.526
33.8136 43.212
19.4471 42.7393
305.167 122.327
parameters: [ 9.056  2.     2.     3.2    4.   ]. error: 15.2823248656.
----------------------------
MlVaspSpeed.train: training finished. evaluation on last item: 
 actual | predicted
94.9786 101.95
13.842 27.9931
13.9704 29.7529
20.2755 28.2376
56.7553 32.7578
48.9224 32.7578
31.6796 28.3515
38.4634 63.2532
116.598 67.9724
162.436 55.4033
69.8093 63.1463
605.821 294.833
28.3521 39.5737
57.0616 39.2563
32.0605 38.3041
36.7438 56.1221
112.36 100.664
16.4294 27.9931
586.598 69.5999
53.6961 20.4105
10.5701 13.225
13.7745 16.2061
244.06 213.823
209.705 69.5999
64.3569 58.1768
194.962 186.12
6.15658 11.5097
1321.38 776.538
67.5897 61.9574
40.0937 31.3374
22.953 16.8625
47.4619 67.9724
460.913 108.729
71.133 16.1399
79.3243 16.8625
146.624 101.95
28.7444 39.5737
33.7234 34.8067
70.2845 100.664
9.3969 14.7486
14.1268 16.2061
2.37471 12.7439
32.9441 25.3472
38.6549 20.4105
3.22686 12.7942
1.11386 12.7439
259.052 101.95
23.1269 22.0873
96.1397 97.8735
89.2785 30.1138
70.3904 100.664
106.094 39.28
39.4136 31.1945
38.304 78.1815
127.381 58.1768
21.6939 21.9988
32.9279 87.7657
282.053 112.662
13.2248 16.2083
47.6327 34.8067
234.37 69.3764
126.871 122.528
89.7385 212.383
109.588 58.1768
37.0194 38.3041
43.9272 27.3078
246.534 106.868
101.017 115.097
71.8482 54.8427
3167.53 2028.79
20.2734 28.3515
25.6565 52.4207
45.3756 67.9724
831.403 511.727
33.8136 30.9602
19.4471 31.1945
305.167 127.796
parameters: [ 9.056  0.618  2.     3.2    4.   ]. error: 6.48990447577.
----------------------------
MlVaspSpeed.train: training finished. evaluation on last item: 
 actual | predicted
94.9786 91.7693
13.842 24.5663
13.9704 15.6662
20.2755 19.5682
56.7553 44.6002
48.9224 44.6002
31.6796 31.0782
38.4634 93.5427
116.598 95.7678
162.436 75.5356
69.8093 96.0434
605.821 209.476
28.3521 50.5915
57.0616 47.7768
32.0605 64.7368
36.7438 76.5439
112.36 118.814
16.4294 24.5663
586.598 64.4908
53.6961 21.3827
10.5701 15.8225
13.7745 26.6433
244.06 272.212
209.705 64.4908
64.3569 96.3237
194.962 224.218
6.15658 14.6521
1321.38 590.193
67.5897 97.1847
40.0937 39.5208
22.953 25.6378
47.4619 95.7678
460.913 79.8405
71.133 24.922
79.3243 25.6378
146.624 91.7693
28.7444 50.5915
33.7234 50.0527
70.2845 118.814
9.3969 22.1599
14.1268 26.6433
2.37471 21.0808
32.9441 50.3666
38.6549 21.3827
3.22686 20.459
1.11386 21.0808
259.052 91.7693
23.1269 23.1383
96.1397 71.1052
89.2785 38.1539
70.3904 118.814
106.094 47.8037
39.4136 39.533
38.304 71.3488
127.381 96.3237
21.6939 32.6306
32.9279 94.2569
282.053 160.763
13.2248 26.6669
47.6327 50.0527
234.37 110.016
126.871 185.544
89.7385 213.559
109.588 96.3237
37.0194 64.7368
43.9272 32.0947
246.534 71.3836
101.017 164.279
71.8482 54.0115
3167.53 1045.16
20.2734 31.0782
25.6565 48.6945
45.3756 95.7678
831.403 381.294
33.8136 39.5533
19.4471 39.533
305.167 183.882
parameters: [ 9.056  1.     2.     3.2    4.   ]. error: 18.0777816697.
----------------------------
MlVaspSpeed.train: training finished. evaluation on last item: 
 actual | predicted
94.9786 112.88
13.842 32.0892
13.9704 32.4376
20.2755 31.8279
56.7553 43.9663
48.9224 43.9663
31.6796 34.6716
38.4634 61.6417
116.598 80.7165
162.436 66.5947
69.8093 76.2872
605.821 216.94
28.3521 42.7347
57.0616 47.8938
32.0605 46.3039
36.7438 67.1145
112.36 81.604
16.4294 32.0892
586.598 75.3298
53.6961 16.4331
10.5701 12.3644
13.7745 18.3035
244.06 201.078
209.705 75.3298
64.3569 72.3675
194.962 207.948
6.15658 9.65228
1321.38 487.179
67.5897 77.3279
40.0937 40.1321
22.953 27.308
47.4619 80.7165
460.913 79.8986
71.133 25.7181
79.3243 27.308
146.624 112.88
28.7444 42.7347
33.7234 48.049
70.2845 81.604
9.3969 15.972
14.1268 18.3035
2.37471 11.9572
32.9441 30.989
38.6549 16.4331
3.22686 12.5589
1.11386 11.9572
259.052 112.88
23.1269 25.606
96.1397 96.323
89.2785 38.8605
70.3904 81.604
106.094 47.9153
39.4136 40.2012
38.304 98.0788
127.381 72.3675
21.6939 34.4152
32.9279 97.6527
282.053 129.803
13.2248 18.4033
47.6327 48.049
234.37 109.137
126.871 137.689
89.7385 173.613
109.588 72.3675
37.0194 46.3039
43.9272 38.9354
246.534 101.84
101.017 131.532
71.8482 52.2807
3167.53 882.601
20.2734 34.6716
25.6565 47.5105
45.3756 80.7165
831.403 328.842
33.8136 40.3142
19.4471 40.2012
305.167 201.381
parameters: [ 9.056  0.382  2.     3.2    4.   ]. error: 5.46784923792.
----------------------------
MlVaspSpeed.train: training finished. evaluation on last item: 
 actual | predicted
94.9786 114.331
13.842 28.1512
13.9704 18.4873
20.2755 21.6339
56.7553 52.7988
48.9224 52.7988
31.6796 34.8963
38.4634 24.597
116.598 64.462
162.436 72.4563
69.8093 71.5058
605.821 834.553
28.3521 33.6873
57.0616 59.4153
32.0605 34.3136
36.7438 72.6548
112.36 109.464
16.4294 28.1512
586.598 112.763
53.6961 34.356
10.5701 8.30385
13.7745 16.7043
244.06 282.631
209.705 112.763
64.3569 89.1498
194.962 305.093
6.15658 5.1466
1321.38 936.312
67.5897 92.9558
40.0937 47.4563
22.953 20.4577
47.4619 64.462
460.913 171.226
71.133 18.6271
79.3243 20.4577
146.624 114.331
28.7444 33.6873
33.7234 61.1592
70.2845 109.464
9.3969 12.4742
14.1268 16.7043
2.37471 7.4047
32.9441 23.3666
38.6549 34.356
3.22686 7.54036
1.11386 7.4047
259.052 114.331
23.1269 22.8746
96.1397 61.7151
89.2785 46.1508
70.3904 109.464
106.094 59.4317
39.4136 46.8048
38.304 79.9567
127.381 89.1498
21.6939 27.9625
32.9279 77.8862
282.053 121.942
13.2248 16.0301
47.6327 61.1592
234.37 83.1131
126.871 141.034
89.7385 167.309
109.588 89.1498
37.0194 34.3136
43.9272 28.9883
246.534 91.8175
101.017 122.28
71.8482 39.5133
3167.53 1336.6
20.2734 34.8963
25.6565 56.209
45.3756 64.462
831.403 1186.29
33.8136 45.7779
19.4471 46.8048
305.167 186.989
parameters: [  9.056e+00   1.555e-08   2.000e+00   3.200e+00   4.000e+00]. error: 1.75665913112.
----------------------------
MlVaspSpeed.train: training finished. evaluation on last item: 
 actual | predicted
94.9786 150.64
13.842 43.8378
13.9704 48.8348
20.2755 46.7324
56.7553 43.2575
48.9224 43.2575
31.6796 44.2783
38.4634 99.4888
116.598 96.6677
162.436 109.134
69.8093 88.2323
605.821 382.979
28.3521 87.4375
57.0616 74.7752
32.0605 27.4927
36.7438 109.981
112.36 125.664
16.4294 43.8378
586.598 107.458
53.6961 30.2977
10.5701 20.0546
13.7745 17.5051
244.06 359.823
209.705 107.458
64.3569 77.897
194.962 242.263
6.15658 12.2252
1321.38 736.925
67.5897 112.485
40.0937 42.1438
22.953 24.0234
47.4619 96.6677
460.913 141.36
71.133 16.7508
79.3243 24.0234
146.624 150.64
28.7444 87.4375
33.7234 43.012
70.2845 125.664
9.3969 19.5557
14.1268 17.5051
2.37471 9.82634
32.9441 33.1365
38.6549 30.2977
3.22686 11.9209
1.11386 9.82634
259.052 150.64
23.1269 41.2471
96.1397 175.79
89.2785 40.8803
70.3904 125.664
106.094 74.8136
39.4136 42.6719
38.304 141.904
127.381 77.897
21.6939 31.0213
32.9279 121.833
282.053 279.214
13.2248 17.8845
47.6327 43.012
234.37 115.713
126.871 282.964
89.7385 319.438
109.588 77.897
37.0194 27.4927
43.9272 21.645
246.534 200.979
101.017 284.197
71.8482 112.851
3167.53 989.504
20.2734 44.2783
25.6565 74.4849
45.3756 96.6677
831.403 573.309
33.8136 43.5451
19.4471 42.6719
305.167 190.701
parameters: [ 9.056  0.264  2.     3.2    4.   ]. error: 3.00778760228.
----------------------------
MlVaspSpeed.train: training finished. evaluation on last item: 
 actual | predicted
94.9786 135.576
13.842 26.2725
13.9704 25.6824
20.2755 26.7441
56.7553 46.486
48.9224 46.486
31.6796 35.3278
38.4634 48.6837
116.598 74.1229
162.436 118.693
69.8093 69.1679
605.821 423.401
28.3521 32.3838
57.0616 62.7169
32.0605 52.363
36.7438 120.763
112.36 99.3614
16.4294 26.2725
586.598 88.128
53.6961 20.2159
10.5701 14.2217
13.7745 17.4052
244.06 224.605
209.705 88.128
64.3569 65.507
194.962 174.658
6.15658 7.12201
1321.38 932.607
67.5897 151.645
40.0937 36.8878
22.953 21.3869
47.4619 74.1229
460.913 131.993
71.133 14.392
79.3243 21.3869
146.624 135.576
28.7444 32.3838
33.7234 51.4196
70.2845 99.3614
9.3969 19.2072
14.1268 17.4052
2.37471 6.09859
32.9441 26.4629
38.6549 20.2159
3.22686 9.67551
1.11386 6.09859
259.052 135.576
23.1269 26.2531
96.1397 133.038
89.2785 34.9569
70.3904 99.3614
106.094 62.7681
39.4136 38.9091
38.304 110.955
127.381 65.507
21.6939 33.7867
32.9279 89.7648
282.053 293.31
13.2248 19.9699
47.6327 51.4196
234.37 61.0424
126.871 322.244
89.7385 163.116
109.588 65.507
37.0194 52.363
43.9272 22.5315
246.534 144.797
101.017 301.586
71.8482 79.4675
3167.53 1284.1
20.2734 35.3278
25.6565 66.1156
45.3756 74.1229
831.403 719.954
33.8136 42.2087
19.4471 38.9091
305.167 147.135
parameters: [ 9.056  0.026  2.     3.2    4.   ]. error: 1.84450565031.
----------------------------
MlVaspSpeed.train: training finished. evaluation on last item: 
 actual | predicted
94.9786 164.135
13.842 29.8929
13.9704 16.795
20.2755 21.7838
56.7553 53.3483
48.9224 53.3483
31.6796 37.71
38.4634 64.4518
116.598 137.967
162.436 86.9872
69.8093 130.803
605.821 615.581
28.3521 75.9832
57.0616 65.0066
32.0605 41.8892
36.7438 87.5082
112.36 143.871
16.4294 29.8929
586.598 142.88
53.6961 29.3696
10.5701 10.7992
13.7745 18.8237
244.06 317.243
209.705 142.88
64.3569 121.004
194.962 295.159
6.15658 6.53019
1321.38 971.995
67.5897 102.312
40.0937 50.141
22.953 35.1835
47.4619 137.967
460.913 167.057
71.133 31.159
79.3243 35.1835
146.624 164.135
28.7444 75.9832
33.7234 57.6695
70.2845 143.871
9.3969 16.0092
14.1268 18.8237
2.37471 9.84542
32.9441 45.6731
38.6549 29.3696
3.22686 9.60857
1.11386 9.84542
259.052 164.135
23.1269 37.1365
96.1397 109.592
89.2785 48.6644
70.3904 143.871
106.094 65.031
39.4136 49.433
38.304 169.024
127.381 121.004
21.6939 45.1368
32.9279 160.924
282.053 231.053
13.2248 16.676
47.6327 57.6695
234.37 227.62
126.871 246.198
89.7385 433.852
109.588 121.004
37.0194 41.8892
43.9272 37.0553
246.534 113.749
101.017 233.644
71.8482 59.7797
3167.53 1093.52
20.2734 37.71
25.6565 61.3679
45.3756 137.967
831.403 849.519
33.8136 48.2225
19.4471 49.433
305.167 285.904
parameters: [ 9.056  0.146  2.     3.2    4.   ]. error: 2.66431459697.
----------------------------
MlVaspSpeed.train: training finished. evaluation on last item: 
 actual | predicted
94.9786 126.503
13.842 28.5064
13.9704 20.4112
20.2755 24.0017
56.7553 38.7714
48.9224 38.7714
31.6796 32.4432
38.4634 43.6062
116.598 83.6253
162.436 67.37
69.8093 76.1359
605.821 254.986
28.3521 33.9264
57.0616 63.9341
32.0605 11.506
36.7438 67.2941
112.36 81.9526
16.4294 28.5064
586.598 111.351
53.6961 28.9072
10.5701 14.1922
13.7745 17.3938
244.06 293.222
209.705 111.351
64.3569 66.862
194.962 201.917
6.15658 5.93959
1321.38 545.755
67.5897 71.8224
40.0937 37.3606
22.953 20.7546
47.4619 83.6253
460.913 94.1505
71.133 12.01
79.3243 20.7546
146.624 126.503
28.7444 33.9264
33.7234 40.5125
70.2845 81.9526
9.3969 17.1211
14.1268 17.3938
2.37471 3.59977
32.9441 28.6959
38.6549 28.9072
3.22686 7.08122
1.11386 3.59977
259.052 126.503
23.1269 29.7706
96.1397 139.021
89.2785 37.1757
70.3904 81.9526
106.094 63.9444
39.4136 37.1407
38.304 120.187
127.381 66.862
21.6939 26.0388
32.9279 109.607
282.053 108.877
13.2248 17.3872
47.6327 40.5125
234.37 60.5591
126.871 115.369
89.7385 193.065
109.588 66.862
37.0194 11.506
43.9272 17.563
246.534 144.736
101.017 109.421
71.8482 81.4762
3167.53 921.907
20.2734 32.4432
25.6565 45.0865
45.3756 83.6253
831.403 447.328
33.8136 36.7844
19.4471 37.1407
305.167 142.932
parameters: [ 9.056  0.017  2.     3.2    4.   ]. error: 1.05589224191.
----------------------------
MlVaspSpeed.train: training finished. evaluation on last item: 
 actual | predicted
94.9786 90.2346
13.842 19.453
13.9704 12.0169
20.2755 15.2008
56.7553 35.2482
48.9224 35.2482
31.6796 24.5372
38.4634 48.1947
116.598 65.8991
162.436 54.2998
69.8093 61.9235
605.821 418.607
28.3521 33.8039
57.0616 41.6915
32.0605 38.6694
36.7438 54.6748
112.36 90.2726
16.4294 19.453
586.598 96.4636
53.6961 26.5555
10.5701 9.0433
13.7745 13.6658
244.06 196.426
209.705 96.4636
64.3569 57.7972
194.962 173.023
6.15658 5.28057
1321.38 807.45
67.5897 67.9621
40.0937 31.5903
22.953 29.9085
47.4619 65.8991
460.913 78.5404
71.133 23.5774
79.3243 29.9085
146.624 90.2346
28.7444 33.8039
33.7234 38.7926
70.2845 90.2726
9.3969 13.0164
14.1268 13.6658
2.37471 8.83974
32.9441 21.0459
38.6549 26.5555
3.22686 7.55356
1.11386 8.83974
259.052 90.2346
23.1269 25.1791
96.1397 159.901
89.2785 30.0615
70.3904 90.2726
106.094 41.7113
39.4136 31.4906
38.304 96.5306
127.381 57.7972
21.6939 45.638
32.9279 80.9982
282.053 74.2534
13.2248 13.1401
47.6327 38.7926
234.37 66.4368
126.871 82.6107
89.7385 145.125
109.588 57.7972
37.0194 38.6694
43.9272 17.5856
246.534 167.074
101.017 74.7226
71.8482 77.5661
3167.53 1095.16
20.2734 24.5372
25.6565 52.4711
45.3756 65.8991
831.403 607.561
33.8136 31.3164
19.4471 31.4906
305.167 226.967
parameters: [ 9.056  0.066  2.     3.2    4.   ]. error: 2.6861699289.
----------------------------
MlVaspSpeed.train: training finished. evaluation on last item: 
 actual | predicted
94.9786 114.71
13.842 35.6293
13.9704 25.0712
20.2755 29.6086
56.7553 54.4126
48.9224 54.4126
31.6796 42.1826
38.4634 38.2506
116.598 88.9587
162.436 115.729
69.8093 82.6484
605.821 838.507
28.3521 26.4198
57.0616 73.9515
32.0605 69.6918
36.7438 117.339
112.36 106.449
16.4294 35.6293
586.598 66.4303
53.6961 24.2402
10.5701 12.3809
13.7745 17.8882
244.06 361.283
209.705 66.4303
64.3569 74.1943
194.962 273.302
6.15658 8.33917
1321.38 2689.48
67.5897 134.029
40.0937 50.7765
22.953 18.9732
47.4619 88.9587
460.913 237.05
71.133 17.0728
79.3243 18.9732
146.624 114.71
28.7444 26.4198
33.7234 58.53
70.2845 106.449
9.3969 16.0625
14.1268 17.8882
2.37471 9.75807
32.9441 22.4854
38.6549 24.2402
3.22686 10.6781
1.11386 9.75807
259.052 114.71
23.1269 32.4272
96.1397 147.061
89.2785 47.9973
70.3904 106.449
106.094 74.0111
39.4136 50.5741
38.304 92.2408
127.381 74.1943
21.6939 28.9156
32.9279 107.157
282.053 234.064
13.2248 17.7381
47.6327 58.53
234.37 154.923
126.871 259.988
89.7385 314.629
109.588 74.1943
37.0194 69.6918
43.9272 44.3935
246.534 144.622
101.017 240.093
71.8482 82.3358
3167.53 9645.51
20.2734 42.1826
25.6565 72.0934
45.3756 88.9587
831.403 1618.93
33.8136 50.2487
19.4471 50.5741
305.167 157.271
parameters: [ 9.056  0.036  2.     3.2    4.   ]. error: 4.58866021572.
----------------------------
MlVaspSpeed.train: training finished. evaluation on last item: 
 actual | predicted
94.9786 145.346
13.842 28.6783
13.9704 20.1801
20.2755 24.657
56.7553 48.5567
48.9224 48.5567
31.6796 37.9015
38.4634 36.8543
116.598 93.3372
162.436 93.0665
69.8093 87.7339
605.821 613.244
28.3521 44.0541
57.0616 67.7626
32.0605 29.0196
36.7438 93.3446
112.36 84.7745
16.4294 28.6783
586.598 128.863
53.6961 32.1811
10.5701 9.32697
13.7745 17.2211
244.06 242.154
209.705 128.863
64.3569 81.7289
194.962 203.44
6.15658 6.05466
1321.38 1222.93
67.5897 108.441
40.0937 42.7489
22.953 24.9342
47.4619 93.3372
460.913 114.524
71.133 15.2046
79.3243 24.9342
146.624 145.346
28.7444 44.0541
33.7234 51.5957
70.2845 84.7745
9.3969 13.0253
14.1268 17.2211
2.37471 5.03868
32.9441 30.1256
38.6549 32.1811
3.22686 8.48728
1.11386 5.03868
259.052 145.346
23.1269 17.2818
96.1397 148.587
89.2785 41.9141
70.3904 84.7745
106.094 67.7864
39.4136 43.7204
38.304 83.7014
127.381 81.7289
21.6939 39.0994
32.9279 112.365
282.053 162.199
13.2248 17.5907
47.6327 51.5957
234.37 75.1768
126.871 171.992
89.7385 201.672
109.588 81.7289
37.0194 29.0196
43.9272 45.0592
246.534 162.09
101.017 163.071
71.8482 77.5925
3167.53 1490.57
20.2734 37.9015
25.6565 47.0979
45.3756 93.3372
831.403 940.841
33.8136 45.2306
19.4471 43.7204
305.167 183.65
parameters: [ 9.056  0.017  2.     3.2    4.   ]. error: 0.908643196368.
----------------------------
MlVaspSpeed.train: training finished. evaluation on last item: 
 actual | predicted
94.9786 58.0828
13.842 31.7525
13.9704 29.9523
20.2755 30.7157
56.7553 39.9078
48.9224 39.9078
31.6796 34.7007
38.4634 156.484
116.598 84.5172
162.436 87.2387
69.8093 91.4054
605.821 269.591
28.3521 31.956
57.0616 48.6492
32.0605 107.057
36.7438 88.8056
112.36 148.429
16.4294 31.7525
586.598 29.7077
53.6961 20.5395
10.5701 16.5064
13.7745 18.0789
244.06 381.244
209.705 29.7077
64.3569 100.073
194.962 244.283
6.15658 13.7935
1321.38 737.47
67.5897 103.849
40.0937 37.5284
22.953 23.7674
47.4619 84.5172
460.913 86.0481
71.133 21.991
79.3243 23.7674
146.624 58.0828
28.7444 31.956
33.7234 41.8232
70.2845 148.429
9.3969 17.929
14.1268 18.0789
2.37471 14.2607
32.9441 30.4573
38.6549 20.5395
3.22686 14.7794
1.11386 14.2607
259.052 58.0828
23.1269 29.2192
96.1397 82.1176
89.2785 35.8415
70.3904 148.429
106.094 48.6834
39.4136 37.7278
38.304 47.7951
127.381 100.073
21.6939 33.2404
32.9279 65.114
282.053 227.782
13.2248 18.3101
47.6327 41.8232
234.37 142.949
126.871 252.775
89.7385 239.325
109.588 100.073
37.0194 107.057
43.9272 25.2761
246.534 85.221
101.017 233.475
71.8482 63.9271
3167.53 1074.26
20.2734 34.7007
25.6565 49.451
45.3756 84.5172
831.403 479.892
33.8136 38.0551
19.4471 37.7278
305.167 193.616
parameters: [ 9.056  0.017  3.     3.2    4.   ]. error: 23.190279925.
----------------------------
MlVaspSpeed.train: training finished. evaluation on last item: 
 actual | predicted
94.9786 68.8935
13.842 23.1344
13.9704 19.8882
20.2755 21.4842
56.7553 50.3882
48.9224 50.3882
31.6796 35.847
38.4634 59.7804
116.598 55.3913
162.436 89.1165
69.8093 54.5773
605.821 717.51
28.3521 27.4963
57.0616 62.4177
32.0605 47.616
36.7438 89.5926
112.36 63.0054
16.4294 23.1344
586.598 89.8026
53.6961 46.6076
10.5701 13.7712
13.7745 26.5963
244.06 193.118
209.705 89.8026
64.3569 53.8242
194.962 191.976
6.15658 7.40513
1321.38 717.562
67.5897 110.185
40.0937 38.3265
22.953 41.2826
47.4619 55.3913
460.913 717.778
71.133 44.8313
79.3243 41.2826
146.624 68.8935
28.7444 27.4963
33.7234 55.6151
70.2845 63.0054
9.3969 19.5925
14.1268 26.5963
2.37471 6.26951
32.9441 30.4907
38.6549 46.6076
3.22686 10.5354
1.11386 6.26951
259.052 68.8935
23.1269 17.4874
96.1397 140.158
89.2785 35.3445
70.3904 63.0054
106.094 62.4689
39.4136 41.0126
38.304 35.8303
127.381 53.8242
21.6939 57.3533
32.9279 50.8345
282.053 96.0899
13.2248 31.5053
47.6327 55.6151
234.37 88.8485
126.871 107.339
89.7385 115.532
109.588 53.8242
37.0194 47.616
43.9272 41.9499
246.534 147.167
101.017 96.5733
71.8482 79.0526
3167.53 717.71
20.2734 35.847
25.6565 53.0676
45.3756 55.3913
831.403 797.789
33.8136 45.3345
19.4471 41.0126
305.167 242.871
parameters: [ 9.056  0.017  0.382  3.2    4.   ]. error: 1.84214631018.
----------------------------
MlVaspSpeed.train: training finished. evaluation on last item: 
 actual | predicted
94.9786 123.093
13.842 31.0074
13.9704 30.5771
20.2755 31.0773
56.7553 43.182
48.9224 43.182
31.6796 34.7535
38.4634 80.6789
116.598 73.4608
162.436 85.0287
69.8093 70.2279
605.821 389.637
28.3521 37.4283
57.0616 51.1278
32.0605 44.2004
36.7438 86.7797
112.36 75.1811
16.4294 31.0074
586.598 89.9728
53.6961 22.5779
10.5701 15.8919
13.7745 21.054
244.06 246.906
209.705 89.9728
64.3569 68.5273
194.962 203.507
6.15658 10.6126
1321.38 956.237
67.5897 104.097
40.0937 37.8302
22.953 26.4477
47.4619 73.4608
460.913 116.243
71.133 14.556
79.3243 26.4477
146.624 123.093
28.7444 37.4283
33.7234 47.7218
70.2845 75.1811
9.3969 17.9604
14.1268 21.054
2.37471 4.4069
32.9441 36.8776
38.6549 22.5779
3.22686 11.5854
1.11386 4.4069
259.052 123.093
23.1269 20.3419
96.1397 105.669
89.2785 36.6837
70.3904 75.1811
106.094 51.1661
39.4136 38.5091
38.304 84.8634
127.381 68.5273
21.6939 37.9983
32.9279 92.0327
282.053 112.506
13.2248 21.214
47.6327 47.7218
234.37 76.7711
126.871 128.746
89.7385 171.014
109.588 68.5273
37.0194 44.2004
43.9272 25.8943
246.534 109.21
101.017 115.649
71.8482 45.3373
3167.53 2492.73
20.2734 34.7535
25.6565 44.3398
45.3756 73.4608
831.403 493.001
33.8136 39.5321
19.4471 38.5091
305.167 195.704
parameters: [ 9.056  0.017  2.     3.2    4.   ]. error: 1.39671557593.
----------------------------
MlVaspSpeed.train: training finished. evaluation on last item: 
 actual | predicted
94.9786 112.224
13.842 20.1456
13.9704 6.82004
20.2755 12.1799
56.7553 43.6281
48.9224 43.6281
31.6796 33.0778
38.4634 41.5485
116.598 70.3243
162.436 95.574
69.8093 69.4061
605.821 492.134
28.3521 28.9382
57.0616 70.4833
32.0605 14.2727
36.7438 96.0896
112.36 73.4004
16.4294 20.1456
586.598 75.8924
53.6961 18.58
10.5701 9.18145
13.7745 13.6529
244.06 256.864
209.705 75.8924
64.3569 68.7476
194.962 207.864
6.15658 2.61887
1321.38 1296.35
67.5897 107.48
40.0937 39.9223
22.953 20.0357
47.4619 70.3243
460.913 118.291
71.133 10.8574
79.3243 20.0357
146.624 112.224
28.7444 28.9382
33.7234 45.5928
70.2845 73.4004
9.3969 13.738
14.1268 13.6529
2.37471 1.96204
32.9441 26.365
38.6549 18.58
3.22686 3.94156
1.11386 1.96204
259.052 112.224
23.1269 26.0167
96.1397 133.371
89.2785 39.2189
70.3904 73.4004
106.094 70.5104
39.4136 40.42
38.304 100.651
127.381 68.7476
21.6939 26.5651
32.9279 78.1448
282.053 205.231
13.2248 13.7022
47.6327 45.5928
234.37 92.5923
126.871 217.883
89.7385 200.215
109.588 68.7476
37.0194 14.2727
43.9272 24.4194
246.534 148.459
101.017 208.063
71.8482 74.4966
3167.53 1980.15
20.2734 33.0778
25.6565 44.7082
45.3756 70.3243
831.403 914.821
33.8136 41.2276
19.4471 40.42
305.167 141.654
parameters: [ 9.056  0.017  1.382  3.2    4.   ]. error: 1.77287287607.
----------------------------
MlVaspSpeed.train: training finished. evaluation on last item: 
 actual | predicted
94.9786 77.5856
13.842 23.3363
13.9704 16.4881
20.2755 19.4727
56.7553 35.6849
48.9224 35.6849
31.6796 27.3186
38.4634 45.7036
116.598 79.2863
162.436 56.4152
69.8093 79.1193
605.821 258.887
28.3521 31.7952
57.0616 41.3091
32.0605 33.8957
36.7438 56.8539
112.36 95.0778
16.4294 23.3363
586.598 46.2544
53.6961 15.4163
10.5701 8.77988
13.7745 13.5337
244.06 266.357
209.705 46.2544
64.3569 78.6161
194.962 208.159
6.15658 7.17125
1321.38 808.463
67.5897 68.5723
40.0937 33.0792
22.953 17.4265
47.4619 79.2863
460.913 79.1652
71.133 15.5718
79.3243 17.4265
146.624 77.5856
28.7444 31.7952
33.7234 39.0889
70.2845 95.0778
9.3969 11.4426
14.1268 13.5337
2.37471 9.74038
32.9441 28.3217
38.6549 15.4163
3.22686 9.24931
1.11386 9.74038
259.052 77.5856
23.1269 19.7326
96.1397 126.219
89.2785 31.7494
70.3904 95.0778
106.094 41.3297
39.4136 32.9046
38.304 59.6646
127.381 78.6161
21.6939 26.2907
32.9279 79.8583
282.053 107.243
13.2248 13.3026
47.6327 39.0889
234.37 95.9053
126.871 118.725
89.7385 190.729
109.588 78.6161
37.0194 33.8957
43.9272 26.6072
246.534 133.054
101.017 108.964
71.8482 44.5297
3167.53 2420.79
20.2734 27.3186
25.6565 39.8858
45.3756 79.2863
831.403 489.16
33.8136 32.6102
19.4471 32.9046
305.167 170.637
parameters: [ 9.056  0.017  2.382  3.2    4.   ]. error: 7.98887959993.
----------------------------
MlVaspSpeed.train: training finished. evaluation on last item: 
 actual | predicted
94.9786 85.3082
13.842 18.8123
13.9704 10.6101
20.2755 14.0863
56.7553 33.2177
48.9224 33.2177
31.6796 25.0169
38.4634 35.0922
116.598 53.7609
162.436 58.0553
69.8093 48.8203
605.821 195.639
28.3521 25.4133
57.0616 41.2098
32.0605 40.5032
36.7438 58.6411
112.36 60.5417
16.4294 18.8123
586.598 49.548
53.6961 13.6625
10.5701 10.3603
13.7745 13.2939
244.06 234.917
209.705 49.548
64.3569 42.805
194.962 214.477
6.15658 6.04256
1321.38 521.079
67.5897 64.5043
40.0937 30.7712
22.953 18.7661
47.4619 53.7609
460.913 76.1288
71.133 15.4233
79.3243 18.7661
146.624 85.3082
28.7444 25.4133
33.7234 34.9746
70.2845 60.5417
9.3969 14.2487
14.1268 13.2939
2.37471 6.69674
32.9441 16.4626
38.6549 13.6625
3.22686 8.20939
1.11386 6.69674
259.052 85.3082
23.1269 21.1525
96.1397 102.074
89.2785 29.3779
70.3904 60.5417
106.094 41.2322
39.4136 30.8182
38.304 77.5839
127.381 42.805
21.6939 26.8286
32.9279 70.443
282.053 103.767
13.2248 13.4904
47.6327 34.9746
234.37 58.7032
126.871 112.851
89.7385 143.326
109.588 42.805
37.0194 40.5032
43.9272 17.8956
246.534 106.04
101.017 105.626
71.8482 40.3246
3167.53 1214.67
20.2734 25.0169
25.6565 43.6502
45.3756 53.7609
831.403 325.766
33.8136 30.8903
19.4471 30.8182
305.167 187.401
parameters: [ 9.056  0.017  1.708  3.2    4.   ]. error: 5.70896091698.
----------------------------
MlVaspSpeed.train: training finished. evaluation on last item: 
 actual | predicted
94.9786 103.83
13.842 27.8152
13.9704 19.716
20.2755 22.7582
56.7553 37.6238
48.9224 37.6238
31.6796 30.4012
38.4634 26.9529
116.598 79.9088
162.436 64.7246
69.8093 74.7146
605.821 3539.46
28.3521 17.9394
57.0616 49.1042
32.0605 37.7226
36.7438 67.1392
112.36 107.14
16.4294 27.8152
586.598 83.3808
53.6961 25.5715
10.5701 5.68376
13.7745 8.73543
244.06 214.309
209.705 83.3808
64.3569 67.9202
194.962 183.361
6.15658 2.34144
1321.38 5394.05
67.5897 71.972
40.0937 37.0871
22.953 17.5548
47.4619 79.9088
460.913 2456.33
71.133 15.1855
79.3243 17.5548
146.624 103.83
28.7444 17.9394
33.7234 40.3108
70.2845 107.14
9.3969 6.91098
14.1268 8.73543
2.37471 1.82322
32.9441 14.2227
38.6549 25.5715
3.22686 2.74696
1.11386 1.82322
259.052 103.83
23.1269 15.9522
96.1397 64.7395
89.2785 32.7333
70.3904 107.14
106.094 49.1943
39.4136 36.2988
38.304 56.4843
127.381 67.9202
21.6939 43.9144
32.9279 100.438
282.053 142.943
13.2248 8.44672
47.6327 40.3108
234.37 79.6426
126.871 162.728
89.7385 212.302
109.588 67.9202
37.0194 37.7226
43.9272 895.938
246.534 69.0915
101.017 151.696
71.8482 99.4789
3167.53 11309.6
20.2734 30.4012
25.6565 55.326
45.3756 79.9088
831.403 7346.34
33.8136 35.0732
19.4471 36.2988
305.167 229.583
parameters: [ 9.056  0.017  2.146  3.2    4.   ]. error: 20.0999531319.
----------------------------
MlVaspSpeed.train: training finished. evaluation on last item: 
 actual | predicted
94.9786 154.079
13.842 37.1497
13.9704 31.4412
20.2755 32.0993
56.7553 55.1548
48.9224 55.1548
31.6796 41.2882
38.4634 53.2834
116.598 113.978
162.436 80.0704
69.8093 106.056
605.821 620.631
28.3521 52.2127
57.0616 64.8513
32.0605 43.544
36.7438 81.2661
112.36 87.0141
16.4294 37.1497
586.598 110.292
53.6961 29.8858
10.5701 11.1377
13.7745 19.7569
244.06 402.547
209.705 110.292
64.3569 99.4565
194.962 319.682
6.15658 5.40369
1321.38 734.939
67.5897 94.4727
40.0937 52.3594
22.953 25.5192
47.4619 113.978
460.913 524.889
71.133 25.287
79.3243 25.5192
146.624 154.079
28.7444 52.2127
33.7234 61.0542
70.2845 87.0141
9.3969 14.769
14.1268 19.7569
2.37471 5.13945
32.9441 32.132
38.6549 29.8858
3.22686 7.01225
1.11386 5.13945
259.052 154.079
23.1269 26.3356
96.1397 105.264
89.2785 49.3995
70.3904 87.0141
106.094 64.9033
39.4136 51.4028
38.304 102.606
127.381 99.4565
21.6939 44.1438
32.9279 144.6
282.053 131.384
13.2248 19.7216
47.6327 61.0542
234.37 95.189
126.871 148.375
89.7385 252.738
109.588 99.4565
37.0194 43.544
43.9272 40.98
246.534 122.678
101.017 134.222
71.8482 50.638
3167.53 2467.5
20.2734 41.2882
25.6565 43.6504
45.3756 113.978
831.403 1137.67
33.8136 49.8934
19.4471 51.4028
305.167 282.846
parameters: [ 9.056  0.017  1.888  3.2    4.   ]. error: 1.10968740422.
----------------------------
MlVaspSpeed.train: training finished. evaluation on last item: 
 actual | predicted
94.9786 115.68
13.842 24.6241
13.9704 15.659
20.2755 19.6079
56.7553 35.0734
48.9224 35.0734
31.6796 31.8002
38.4634 17.9395
116.598 56.8051
162.436 72.1319
69.8093 57.1346
605.821 641.425
28.3521 22.067
57.0616 54.0671
32.0605 39.4099
36.7438 72.4494
112.36 65.4418
16.4294 24.6241
586.598 98.0128
53.6961 27.1161
10.5701 10.6428
13.7745 12.7971
244.06 174.691
209.705 98.0128
64.3569 58.6225
194.962 176.992
6.15658 5.82336
1321.38 942.354
67.5897 75.0982
40.0937 33.8977
22.953 24.7941
47.4619 56.8051
460.913 152.695
71.133 15.246
79.3243 24.7941
146.624 115.68
28.7444 22.067
33.7234 35.4065
70.2845 65.4418
9.3969 12.1949
14.1268 12.7971
2.37471 3.20626
32.9441 22.3415
38.6549 27.1161
3.22686 6.63099
1.11386 3.20626
259.052 115.68
23.1269 20.6133
96.1397 78.4173
89.2785 33.184
70.3904 65.4418
106.094 54.0843
39.4136 34.1944
38.304 78.0102
127.381 58.6225
21.6939 42.5574
32.9279 67.9164
282.053 119.281
13.2248 13.5658
47.6327 35.4065
234.37 59.9142
126.871 121.597
89.7385 197.832
109.588 58.6225
37.0194 39.4099
43.9272 29.3355
246.534 90.045
101.017 120.315
71.8482 71.5261
3167.53 1049.95
20.2734 31.8002
25.6565 38.7196
45.3756 56.8051
831.403 819.608
33.8136 34.707
19.4471 34.1944
305.167 217.3
parameters: [ 9.056  0.017  1.82   3.2    4.   ]. error: 1.01686276581.
----------------------------
MlVaspSpeed.train: training finished. evaluation on last item: 
 actual | predicted
94.9786 138.239
13.842 37.2336
13.9704 30.506
20.2755 34.8385
56.7553 60.9635
48.9224 60.9635
31.6796 48.7059
38.4634 121.637
116.598 90.441
162.436 112.91
69.8093 91.6291
605.821 703.484
28.3521 31.1442
57.0616 90.6868
32.0605 32.611
36.7438 113.655
112.36 128.015
16.4294 37.2336
586.598 112.949
53.6961 39.1848
10.5701 8.45512
13.7745 13.6731
244.06 323.339
209.705 112.949
64.3569 92.8304
194.962 232.538
6.15658 3.17844
1321.38 1082.69
67.5897 145.621
40.0937 52.1912
22.953 30.4204
47.4619 90.441
460.913 241.265
71.133 12.6978
79.3243 30.4204
146.624 138.239
28.7444 31.1442
33.7234 65.4426
70.2845 128.015
9.3969 11.2341
14.1268 13.6731
2.37471 1.58264
32.9441 25.2707
38.6549 39.1848
3.22686 4.22312
1.11386 1.58264
259.052 138.239
23.1269 22.1652
96.1397 199.868
89.2785 51.1969
70.3904 128.015
106.094 90.7289
39.4136 53.903
38.304 75.1765
127.381 92.8304
21.6939 44.0209
32.9279 94.514
282.053 152.156
13.2248 16.3999
47.6327 65.4426
234.37 96.0546
126.871 162.557
89.7385 198.691
109.588 92.8304
37.0194 32.611
43.9272 34.5156
246.534 228.285
101.017 153.846
71.8482 124.768
3167.53 883.587
20.2734 48.7059
25.6565 80.955
45.3756 90.441
831.403 924.219
33.8136 57.0415
19.4471 53.903
305.167 190.934
parameters: [ 9.056  0.017  1.755  3.2    4.   ]. error: 0.920626353045.
----------------------------
MlVaspSpeed.train: training finished. evaluation on last item: 
 actual | predicted
94.9786 112.205
13.842 21.002
13.9704 17.404
20.2755 18.362
56.7553 35.9509
48.9224 35.9509
31.6796 26.2646
38.4634 70.1681
116.598 66.7903
162.436 47.5533
69.8093 63.6204
605.821 167.62
28.3521 48.9563
57.0616 40.7649
32.0605 25.1731
36.7438 47.7366
112.36 77.6651
16.4294 21.002
586.598 98.303
53.6961 21.9769
10.5701 12.4972
13.7745 15.2442
244.06 218.723
209.705 98.303
64.3569 61.4479
194.962 209.682
6.15658 4.95037
1321.38 347.592
67.5897 57.6423
40.0937 32.6395
22.953 24.8886
47.4619 66.7903
460.913 64.0891
71.133 20.7418
79.3243 24.8886
146.624 112.205
28.7444 48.9563
33.7234 39.2976
70.2845 77.6651
9.3969 16.4638
14.1268 15.2442
2.37471 3.62535
32.9441 32.6113
38.6549 21.9769
3.22686 6.05624
1.11386 3.62535
259.052 112.205
23.1269 27.9179
96.1397 70.1227
89.2785 31.7893
70.3904 77.6651
106.094 40.7757
39.4136 32.641
38.304 124.261
127.381 61.4479
21.6939 32.0353
32.9279 85.6714
282.053 72.0134
13.2248 15.6436
47.6327 39.2976
234.37 64.194
126.871 81.1931
89.7385 170.841
109.588 61.4479
37.0194 25.1731
43.9272 17.2168
246.534 72.1378
101.017 72.5832
71.8482 42.4786
3167.53 663.313
20.2734 26.2646
25.6565 44.8011
45.3756 66.7903
831.403 281.981
33.8136 32.6473
19.4471 32.641
305.167 206.562
parameters: [ 9.056  0.017  1.78   3.2    4.   ]. error: 1.57814969675.
----------------------------
MlVaspSpeed.train: training finished. evaluation on last item: 
 actual | predicted
94.9786 102.178
13.842 18.0073
13.9704 10.3663
20.2755 13.554
56.7553 33.8714
48.9224 33.8714
31.6796 24.2328
38.4634 25.7169
116.598 69.5676
162.436 49.5187
69.8093 69.1305
605.821 1022.84
28.3521 29.3908
57.0616 38.3855
32.0605 24.9852
36.7438 49.8389
112.36 70.0898
16.4294 18.0073
586.598 106.632
53.6961 26.469
10.5701 7.74233
13.7745 11.2313
244.06 250.26
209.705 106.632
64.3569 69.9151
194.962 241.004
6.15658 2.71267
1321.38 1118.62
67.5897 58.8645
40.0937 31.0785
22.953 22.9903
47.4619 69.5676
460.913 214.091
71.133 20.1868
79.3243 22.9903
146.624 102.178
28.7444 29.3908
33.7234 36.2671
70.2845 70.0898
9.3969 11.2003
14.1268 11.2313
2.37471 2.42479
32.9441 21.6249
38.6549 26.469
3.22686 3.92422
1.11386 2.42479
259.052 102.178
23.1269 21.7859
96.1397 105.09
89.2785 30.3379
70.3904 70.0898
106.094 38.399
39.4136 31.0475
38.304 99.8214
127.381 69.9151
21.6939 31.1912
32.9279 80.6662
282.053 124.634
13.2248 10.9226
47.6327 36.2671
234.37 108.299
126.871 135.879
89.7385 222.238
109.588 69.9151
37.0194 24.9852
43.9272 28.6512
246.534 111.228
101.017 127.076
71.8482 37.0934
3167.53 1274.21
20.2734 24.2328
25.6565 31.0843
45.3756 69.5676
831.403 1233.96
33.8136 30.997
19.4471 31.0475
305.167 241.85
parameters: [ 9.056  0.017  1.737  3.2    4.   ]. error: 0.819429652378.
----------------------------
MlVaspSpeed.train: training finished. evaluation on last item: 
 actual | predicted
94.9786 111.924
13.842 31.9082
13.9704 27.7028
20.2755 31.3034
56.7553 51.312
48.9224 51.312
31.6796 45.9402
38.4634 21.3406
116.598 56.8202
162.436 96.1464
69.8093 65.6349
605.821 593.236
28.3521 37.2956
57.0616 66.1136
32.0605 25.6754
36.7438 97.9589
112.36 82.4413
16.4294 31.9082
586.598 86.3934
53.6961 35.4359
10.5701 13.2466
13.7745 15.8941
244.06 284.139
209.705 86.3934
64.3569 78.0066
194.962 163.113
6.15658 9.55992
1321.38 887.45
67.5897 144.899
40.0937 40.7375
22.953 28.4705
47.4619 56.8202
460.913 201.639
71.133 10.6264
79.3243 28.4705
146.624 111.924
28.7444 37.2956
33.7234 52.2142
70.2845 82.4413
9.3969 15.0834
14.1268 15.8941
2.37471 3.21735
32.9441 36.1387
38.6549 35.4359
3.22686 10.8855
1.11386 3.21735
259.052 111.924
23.1269 16.1072
96.1397 38.7567
89.2785 39.9186
70.3904 82.4413
106.094 66.1843
39.4136 44.214
38.304 41.0319
127.381 78.0066
21.6939 40.3051
32.9279 52.8666
282.053 135.002
13.2248 24.1801
47.6327 52.2142
234.37 87.5851
126.871 141.838
89.7385 181.093
109.588 78.0066
37.0194 25.6754
43.9272 23.2853
246.534 44.3844
101.017 138.557
71.8482 51.9282
3167.53 1692.8
20.2734 45.9402
25.6565 52.9041
45.3756 56.8202
831.403 787.099
33.8136 50.0212
19.4471 44.214
305.167 134.137
parameters: [ 9.056  0.017  1.726  3.2    4.   ]. error: 1.41030944066.
----------------------------
