0.6155 1.783 -67.03 35.78 983.8 -702.2 13.2466321811
0.6155 1.783 -67.03 35.78 983.8 -702.2 13.2466321811
1.6155 1.783 -67.03 35.78 983.8 -702.2 48.7180311233
-1.002534 1.783 -67.03 35.78 983.8 -702.2 59.1696724296
0.6155 1.783 -67.03 35.78 983.8 -702.2 13.2466321811
-0.002533974844 1.783 -67.03 35.78 983.8 -702.2 20.9792229347
0.997466 1.783 -67.03 35.78 983.8 -702.2 25.5324669182
0.446507886601 1.783 -67.03 35.78 983.8 -702.2 11.8557341862
0.441913315682 1.783 -67.03 35.78 983.8 -702.2 11.8801928125
0.478299143265 1.783 -67.03 35.78 983.8 -702.2 11.8679064792
0.458651065744 1.783 -67.03 35.78 983.8 -702.2 11.8230015039
0.46118164872 1.783 -67.03 35.78 983.8 -702.2 11.8265259545
0.457082576391 1.783 -67.03 35.78 983.8 -702.2 11.8209808599
0.453043404431 1.783 -67.03 35.78 983.8 -702.2 11.8321038317
0.455498402145 1.783 -67.03 35.78 983.8 -702.2 11.8237664923
0.457082576391 1.783 -67.03 35.78 983.8 -702.2 11.8209808599
0.457082576391 2.783 -67.03 35.78 983.8 -702.2 20.0148711912
0.457082576391 0.164966 -67.03 35.78 983.8 -702.2 333574.407959
0.457082576391 1.783 -67.03 35.78 983.8 -702.2 11.8209808599
0.457082576391 1.16496602516 -67.03 35.78 983.8 -702.2 55.2600435913
0.457082576391 2.164966 -67.03 35.78 983.8 -702.2 16.2068359554
0.457082576391 1.90377038789 -67.03 35.78 983.8 -702.2 12.9398236983
0.457082576391 1.54693203476 -67.03 35.78 983.8 -702.2 17.108255811
0.457082576391 1.69283006359 -67.03 35.78 983.8 -702.2 12.2597584035
0.457082576391 1.77423620337 -67.03 35.78 983.8 -702.2 11.8184369523
0.457082576391 1.77632675798 -67.03 35.78 983.8 -702.2 11.818693392
0.457082576391 1.77283954686 -67.03 35.78 983.8 -702.2 11.8183621671
0.457082576391 1.77218713831 -67.03 35.78 983.8 -702.2 11.8180366233
0.457082576391 1.74187543391 -67.03 35.78 983.8 -702.2 11.9082519319
0.457082576391 1.76060909783 -67.03 35.78 983.8 -702.2 11.8407697417
0.457082576391 1.7677647205 -67.03 35.78 983.8 -702.2 11.8218794931
0.457082576391 1.77049792507 -67.03 35.78 983.8 -702.2 11.8184526917
0.457082576391 1.77154191629 -67.03 35.78 983.8 -702.2 11.818132503
0.457082576391 1.7720134086 -67.03 35.78 983.8 -702.2 11.8179227225
0.457082576391 1.77190354268 -67.03 35.78 983.8 -702.2 11.8179308251
0.457082576391 1.7720134086 -67.03 35.78 983.8 -702.2 11.8179227225
0.457082576391 1.7720134086 -66.03 35.78 983.8 -702.2 12.0348536409
0.457082576391 1.7720134086 -68.648034 35.78 983.8 -702.2 11.8603367824
0.457082576391 1.7720134086 -67.03 35.78 983.8 -702.2 11.8179227225
0.457082576391 1.7720134086 -67.6480339748 35.78 983.8 -702.2 11.766016949
0.457082576391 1.7720134086 -68.0299999845 35.78 983.8 -702.2 11.7911941838
0.457082576391 1.7720134086 -67.6191544601 35.78 983.8 -702.2 11.7652320769
0.457082576391 1.7720134086 -67.4894732304 35.78 983.8 -702.2 11.7621844169
0.457082576391 1.7720134086 -67.3139700785 35.78 983.8 -702.2 11.7801301181
0.457082576391 1.7720134086 -67.4224369934 35.78 983.8 -702.2 11.7663244251
0.457082576391 1.7720134086 -67.539007051 35.78 983.8 -702.2 11.7632180918
0.457082576391 1.7720134086 -67.4638676671 35.78 983.8 -702.2 11.7619531229
0.457082576391 1.7720134086 -67.4479959768 35.78 983.8 -702.2 11.7632308975
0.457082576391 1.7720134086 -67.4736481217 35.78 983.8 -702.2 11.7618615739
0.457082576391 1.7720134086 -67.4692116404 35.78 983.8 -702.2 11.7618451826
0.457082576391 1.7720134086 -67.4692116404 35.78 983.8 -702.2 11.7618451826
0.457082576391 1.7720134086 -67.4692116404 36.78 983.8 -702.2 11.795889074
0.457082576391 1.7720134086 -67.4692116404 34.161966 983.8 -702.2 11.7897090036
0.457082576391 1.7720134086 -67.4692116404 35.78 983.8 -702.2 11.7618451826
0.457082576391 1.7720134086 -67.4692116404 35.1619660252 983.8 -702.2 11.7680944968
0.457082576391 1.7720134086 -67.4692116404 36.161966 983.8 -702.2 11.7736464366
0.457082576391 1.7720134086 -67.4692116404 35.5942721227 983.8 -702.2 11.7635807954
0.457082576391 1.7720134086 -67.4692116404 35.9258980252 983.8 -702.2 11.7655541748
0.457082576391 1.7720134086 -67.4692116404 35.7317047932 983.8 -702.2 11.762208119
0.457082576391 1.7720134086 -67.4692116404 35.8357280851 983.8 -702.2 11.7625407875
0.457082576391 1.7720134086 -67.4692116404 35.7753985143 983.8 -702.2 11.7618550546
0.457082576391 1.7720134086 -67.4692116404 35.7864281337 983.8 -702.2 11.7618302815
0.457082576391 1.7720134086 -67.4692116404 35.8052590389 983.8 -702.2 11.7619152647
0.457082576391 1.7720134086 -67.4692116404 35.7936208992 983.8 -702.2 11.7618277669
0.457082576391 1.7720134086 -67.4692116404 35.7912340116 983.8 -702.2 11.7618547752
0.457082576391 1.7720134086 -67.4692116404 35.7937571082 983.8 -702.2 11.7618393619
0.457082576391 1.7720134086 -67.4692116404 35.7927091893 983.8 -702.2 11.7618571967
0.457082576391 1.7720134086 -67.4692116404 35.793272657 983.8 -702.2 11.7618609685
0.457082576391 1.7720134086 -67.4692116404 35.7934846902 983.8 -702.2 11.7618581746
0.457082576391 1.7720134086 -67.4692116404 35.7936208992 983.8 -702.2 11.7618277669
0.457082576391 1.7720134086 -67.4692116404 35.7936208992 984.8 -702.2 11.7710743099
0.457082576391 1.7720134086 -67.4692116404 35.7936208992 982.181966 -702.2 11.7678919341
0.457082576391 1.7720134086 -67.4692116404 35.7936208992 983.8 -702.2 11.7618277669
0.457082576391 1.7720134086 -67.4692116404 35.7936208992 983.181966025 -702.2 11.7639680859
0.457082576391 1.7720134086 -67.4692116404 35.7936208992 984.181966 -702.2 11.7647080682
0.457082576391 1.7720134086 -67.4692116404 35.7936208992 983.648342176 -702.2 11.7621596437
0.457082576391 1.7720134086 -67.4692116404 35.7936208992 983.945898025 -702.2 11.7624960374
0.457082576391 1.7720134086 -67.4692116404 35.7936208992 983.772270966 -702.2 11.7618450429
0.457082576391 1.7720134086 -67.4692116404 35.7936208992 983.810799005 -702.2 11.7618297227
0.457082576391 1.7720134086 -67.4692116404 35.7936208992 983.801060877 -702.2 11.761844065
0.457082576391 1.7720134086 -67.4692116404 35.7936208992 983.789408452 -702.2 11.7618620861
0.457082576391 1.7720134086 -67.4692116404 35.7936208992 983.795954389 -702.2 11.7618588731
0.457082576391 1.7720134086 -67.4692116404 35.7936208992 983.798454714 -702.2 11.7618454155
0.457082576391 1.7720134086 -67.4692116404 35.7936208992 983.799409753 -702.2 11.7618504446
0.457082576391 1.7720134086 -67.4692116404 35.7936208992 983.800405219 -702.2 11.7618393619
0.457082576391 1.7720134086 -67.4692116404 35.7936208992 983.799774546 -702.2 11.7618444841
0.457082576391 1.7720134086 -67.4692116404 35.7936208992 983.80015478 -702.2 11.7618486285
0.457082576391 1.7720134086 -67.4692116404 35.7936208992 983.799913884 -702.2 11.7618440185
0.457082576391 1.7720134086 -67.4692116404 35.7936208992 983.800059121 -702.2 11.7618277669
0.457082576391 1.7720134086 -67.4692116404 35.7936208992 983.80002956 -702.2 11.7618277669
0.457082576391 1.7720134086 -67.4692116404 35.7936208992 983.800018269 -702.2 11.7618277669
0.457082576391 1.7720134086 -67.4692116404 35.7936208992 983.800011291 -702.2 11.7618277669
0.457082576391 1.7720134086 -67.4692116404 35.7936208992 983.800006978 -702.2 11.7618277669
0.457082576391 1.7720134086 -67.4692116404 35.7936208992 983.800004313 -702.2 11.7618277669
0.457082576391 1.7720134086 -67.4692116404 35.7936208992 983.800002665 -702.2 11.7618277669
0.457082576391 1.7720134086 -67.4692116404 35.7936208992 983.800001647 -702.2 11.7618277669
0.457082576391 1.7720134086 -67.4692116404 35.7936208992 983.800001018 -702.2 11.7618277669
0.457082576391 1.7720134086 -67.4692116404 35.7936208992 983.800000629 -702.2 11.7618277669
0.457082576391 1.7720134086 -67.4692116404 35.7936208992 983.800000389 -702.2 11.7618277669
0.457082576391 1.7720134086 -67.4692116404 35.7936208992 983.80000024 -702.2 11.7618277669
0.457082576391 1.7720134086 -67.4692116404 35.7936208992 983.800000149 -702.2 11.7618277669
0.457082576391 1.7720134086 -67.4692116404 35.7936208992 983.800000092 -702.2 11.7618277669
0.457082576391 1.7720134086 -67.4692116404 35.7936208992 983.800000057 -702.2 11.7618277669
0.457082576391 1.7720134086 -67.4692116404 35.7936208992 983.800000035 -702.2 11.7618277669
0.457082576391 1.7720134086 -67.4692116404 35.7936208992 983.800000022 -702.2 11.7618277669
0.457082576391 1.7720134086 -67.4692116404 35.7936208992 983.800000013 -702.2 11.7618277669
0.457082576391 1.7720134086 -67.4692116404 35.7936208992 983.800000008 -702.2 11.7618277669
0.457082576391 1.7720134086 -67.4692116404 35.7936208992 983.800000005 -702.2 11.7618277669
0.457082576391 1.7720134086 -67.4692116404 35.7936208992 983.800000003 -702.2 11.7618277669
0.457082576391 1.7720134086 -67.4692116404 35.7936208992 983.800000002 -702.2 11.7618277669
0.457082576391 1.7720134086 -67.4692116404 35.7936208992 983.800000001 -702.2 11.7618277669
0.457082576391 1.7720134086 -67.4692116404 35.7936208992 983.800000001 -702.2 11.7618277669
0.457082576391 1.7720134086 -67.4692116404 35.7936208992 983.8 -702.2 11.7618277669
0.457082576391 1.7720134086 -67.4692116404 35.7936208992 983.8 -702.2 11.7618277669
0.457082576391 1.7720134086 -67.4692116404 35.7936208992 983.8 -702.2 11.7618277669
0.457082576391 1.7720134086 -67.4692116404 35.7936208992 983.8 -702.2 11.7618277669
0.457082576391 1.7720134086 -67.4692116404 35.7936208992 983.8 -702.2 11.7618277669
0.457082576391 1.7720134086 -67.4692116404 35.7936208992 983.8 -702.2 11.7618277669
0.457082576391 1.7720134086 -67.4692116404 35.7936208992 983.8 -702.2 11.7618277669
0.457082576391 1.7720134086 -67.4692116404 35.7936208992 983.8 -702.2 11.7618277669
0.457082576391 1.7720134086 -67.4692116404 35.7936208992 983.8 -702.2 11.7618277669
0.457082576391 1.7720134086 -67.4692116404 35.7936208992 983.8 -701.2 11.7640142795
0.457082576391 1.7720134086 -67.4692116404 35.7936208992 983.8 -703.818034 11.7637602147
0.457082576391 1.7720134086 -67.4692116404 35.7936208992 983.8 -702.2 11.7618277669
0.457082576391 1.7720134086 -67.4692116404 35.7936208992 983.8 -702.818033975 11.7624983657
0.457082576391 1.7720134086 -67.4692116404 35.7936208992 983.8 -701.818034 11.7622957565
0.457082576391 1.7720134086 -67.4692116404 35.7936208992 983.8 -702.274184196 11.7618879769
0.457082576391 1.7720134086 -67.4692116404 35.7936208992 983.8 -702.146210077 11.7618337739
0.457082576391 1.7720134086 -67.4692116404 35.7936208992 983.8 -702.18084442 11.761842249
0.457082576391 1.7720134086 -67.4692116404 35.7936208992 983.8 -702.22833584 11.7618445307
0.457082576391 1.7720134086 -67.4692116404 35.7936208992 983.8 -702.210823328 11.7618628778
0.457082576391 1.7720134086 -67.4692116404 35.7936208992 983.8 -702.19268322 11.7618439253
0.457082576391 1.7720134086 -67.4692116404 35.7936208992 983.8 -702.204134143 11.7618454155
0.457082576391 1.7720134086 -67.4692116404 35.7936208992 983.8 -702.197205239 11.7618247401
0.457082576391 1.7720134086 -67.4692116404 35.7936208992 983.8 -702.195477981 11.7618622258
0.457082576391 1.7720134086 -67.4692116404 35.7936208992 983.8 -702.198272743 11.761838058
0.457082576391 1.7720134086 -67.4692116404 35.7936208992 983.8 -702.196545485 11.7618439719
0.457082576391 1.7720134086 -67.4692116404 35.7936208992 983.8 -702.197612989 11.7618354503
0.457082576391 1.7720134086 -67.4692116404 35.7936208992 983.8 -702.196953235 11.7618279066
0.457082576391 1.7720134086 -67.4692116404 35.7936208992 983.8 -702.197360985 11.7618298624
0.457082576391 1.7720134086 -67.4692116404 35.7936208992 983.8 -702.197108982 11.7618247401
0.457082576391 1.7720134086 -67.4692116404 35.7936208992 983.8 -702.197080072 11.7618247401
0.457082576391 1.7720134086 -67.4692116404 35.7936208992 983.8 -702.197031625 11.7618219461
0.457082576391 1.7720134086 -67.4692116404 35.7936208992 983.8 -702.197001682 11.7618219461
0.298665152783 1.7610268172 -67.9084232809 35.8072417984 983.8 -702.194003365 13.2605589461
0.457082576391 1.7720134086 -67.4692116404 35.7936208992 983.8 -702.197001682 11.7618219461
1.45708257639 1.7720134086 -67.4692116404 35.7936208992 983.8 -702.197001682 42.4741771072
-1.16095142361 1.7720134086 -67.4692116404 35.7936208992 983.8 -702.197001682 65.513651073
0.457082576391 1.7720134086 -67.4692116404 35.7936208992 983.8 -702.197001682 11.7618219461
-0.160951398453 1.7720134086 -67.4692116404 35.7936208992 983.8 -702.197001682 26.4188622124
0.839048576391 1.7720134086 -67.4692116404 35.7936208992 983.8 -702.197001682 19.7595335543
0.413614673214 1.7720134086 -67.4692116404 35.7936208992 983.8 -702.197001682 12.0087968186
0.480750856151 1.7720134086 -67.4692116404 35.7936208992 983.8 -702.197001682 11.8141833693
0.459509309753 1.7720134086 -67.4692116404 35.7936208992 983.8 -702.197001682 11.7638338823
0.451930139035 1.7720134086 -67.4692116404 35.7936208992 983.8 -702.197001682 11.7799201049
0.457572286481 1.7720134086 -67.4692116404 35.7936208992 983.8 -702.197001682 11.7614733987
0.457774812337 1.7720134086 -67.4692116404 35.7936208992 983.8 -702.197001682 11.7618512362
0.457423012194 1.7720134086 -67.4692116404 35.7936208992 983.8 -702.197001682 11.7615847383
0.457649644472 1.7720134086 -67.4692116404 35.7936208992 983.8 -702.197001682 11.7617295589
0.457518481118 1.7720134086 -67.4692116404 35.7936208992 983.8 -702.197001682 11.7614805233
0.457555687261 1.7720134086 -67.4692116404 35.7936208992 983.8 -702.197001682 11.7615421768
0.457601834603 1.7720134086 -67.4692116404 35.7936208992 983.8 -702.197001682 11.7615635972
0.457583572859 1.7720134086 -67.4692116404 35.7936208992 983.8 -702.197001682 11.7615134455
0.457565946144 1.7720134086 -67.4692116404 35.7936208992 983.8 -702.197001682 11.7615082767
0.457577183592 1.7720134086 -67.4692116404 35.7936208992 983.8 -702.197001682 11.7615065072
0.457572286481 1.7720134086 -67.4692116404 35.7936208992 983.8 -702.197001682 11.7614733987
0.457572286481 2.7720134086 -67.4692116404 35.7936208992 983.8 -702.197001682 20.0016084127
0.457572286481 0.153979408602 -67.4692116404 35.7936208992 983.8 -702.197001682 380482.275391
0.457572286481 1.7720134086 -67.4692116404 35.7936208992 983.8 -702.197001682 11.7614733987
0.457572286481 1.15397943376 -67.4692116404 35.7936208992 983.8 -702.197001682 61.2385936081
0.457572286481 2.1539794086 -67.4692116404 35.7936208992 983.8 -702.197001682 16.1632717587
0.457572286481 1.90007823462 -67.4692116404 35.7936208992 983.8 -702.197001682 12.9734584596
0.457572286481 1.53594544337 -67.4692116404 35.7936208992 983.8 -702.197001682 16.6738823056
0.457572286481 1.68184347219 -67.4692116404 35.7936208992 983.8 -702.197001682 12.1487952303
0.457572286481 1.76099338069 -67.4692116404 35.7936208992 983.8 -702.197001682 11.7548749782
0.457572286481 1.76166174674 -67.4692116404 35.7936208992 983.8 -702.197001682 11.7553555407
0.457572286481 1.73076080674 -67.4692116404 35.7936208992 983.8 -702.197001682 11.8326808792
0.457572286481 1.74944556535 -67.4692116404 35.7936208992 983.8 -702.197001682 11.7733042687
0.457572286481 1.75658250785 -67.4692116404 35.7936208992 983.8 -702.197001682 11.7579860613
0.457572286481 1.76004554969 -67.4692116404 35.7936208992 983.8 -702.197001682 11.7546864785
0.457572286481 1.76021048753 -67.4692116404 35.7936208992 983.8 -702.197001682 11.754786782
0.457572286481 1.75872278545 -67.4692116404 35.7936208992 983.8 -702.197001682 11.7545543239
0.457572286481 1.75923793852 -67.4692116404 35.7936208992 983.8 -702.197001682 11.7546172347
0.457572286481 1.75790527218 -67.4692116404 35.7936208992 983.8 -702.197001682 11.7553120479
0.457572286481 1.75841052317 -67.4692116404 35.7936208992 983.8 -702.197001682 11.7547510657
0.457572286481 1.75891955641 -67.4692116404 35.7936208992 983.8 -702.197001682 11.7546653841
0.457572286481 1.75858987921 -67.4692116404 35.7936208992 983.8 -702.197001682 11.7547255475
0.457572286481 1.75872278545 -67.4692116404 35.7936208992 983.8 -702.197001682 11.7545543239
0.457572286481 1.75872278545 -66.4692116404 35.7936208992 983.8 -702.197001682 11.9887431618
0.457572286481 1.75872278545 -69.0872456404 35.7936208992 983.8 -702.197001682 11.7960791569
0.457572286481 1.75872278545 -67.4692116404 35.7936208992 983.8 -702.197001682 11.7545543239
0.457572286481 1.75872278545 -68.0872456153 35.7936208992 983.8 -702.197001682 11.6932423785
0.457572286481 1.75872278545 -68.4692116249 35.7936208992 983.8 -702.197001682 11.7196847219
0.457572286481 1.75872278545 -68.0727241779 35.7936208992 983.8 -702.197001682 11.6927629802
0.457572286481 1.75872278545 -67.899262448 35.7936208992 983.8 -702.197001682 11.695704516
0.457572286481 1.75872278545 -68.0064676948 35.7936208992 983.8 -702.197001682 11.6907796357
0.457572286481 1.75872278545 -67.9655189355 35.7936208992 983.8 -702.197001682 11.689560581
0.457572286481 1.75872278545 -67.94021121 35.7936208992 983.8 -702.197001682 11.6905203555
0.457572286481 1.75872278545 -67.9714243742 35.7936208992 983.8 -702.197001682 11.6896876134
0.457572286481 1.75872278545 -67.9605558626 35.7936208992 983.8 -702.197001682 11.6895442363
0.457572286481 1.75872278545 -67.9556424203 35.7936208992 983.8 -702.197001682 11.6895957384
0.457572286481 1.75872278545 -67.9605558626 35.7936208992 983.8 -702.197001682 11.6895442363
0.457572286481 1.75872278545 -67.9605558626 36.7936208992 983.8 -702.197001682 11.7238378618
0.457572286481 1.75872278545 -67.9605558626 34.1755868992 983.8 -702.197001682 11.7226567585
0.457572286481 1.75872278545 -67.9605558626 35.7936208992 983.8 -702.197001682 11.6895442363
0.457572286481 1.75872278545 -67.9605558626 35.1755869244 983.8 -702.197001682 11.6972418968
0.457572286481 1.75872278545 -67.9605558626 36.1755868992 983.8 -702.197001682 11.7012839299
0.457572286481 1.75872278545 -67.9605558626 35.6287932832 983.8 -702.197001682 11.6913577076
0.457572286481 1.75872278545 -67.9605558626 35.9395189244 983.8 -702.197001682 11.6930126213
0.457572286481 1.75872278545 -67.9605558626 35.7603614435 983.8 -702.197001682 11.6898293607
0.457572286481 1.75872278545 -67.9605558626 35.8493489843 983.8 -702.197001682 11.6900145542
0.457572286481 1.75872278545 -67.9605558626 35.799412267 983.8 -702.197001682 11.6894885898
0.457572286481 1.75872278545 -67.9605558626 35.8184863951 983.8 -702.197001682 11.6895577405
0.457572286481 1.75872278545 -67.9605558626 35.8055434354 983.8 -702.197001682 11.6895182524
0.457572286481 1.75872278545 -67.9605558626 35.8004814799 983.8 -702.197001682 11.6894951556
0.457572286481 1.75872278545 -67.9605558626 35.7972001614 983.8 -702.197001682 11.6895134095
0.457572286481 1.75872278545 -67.9605558626 35.7993543533 983.8 -702.197001682 11.6894959472
0.457572286481 1.75872278545 -67.9605558626 35.7999208886 983.8 -702.197001682 11.6895013489
0.457572286481 1.75872278545 -67.9605558626 35.7996065431 983.8 -702.197001682 11.689500371
0.457572286481 1.75872278545 -67.9605558626 35.7994864739 983.8 -702.197001682 11.6894749459
0.457572286481 1.75872278545 -67.9605558626 35.7995451296 983.8 -702.197001682 11.6894807667
0.457572286481 1.75872278545 -67.9605558626 35.7994864739 983.8 -702.197001682 11.6894749459
0.457572286481 1.75872278545 -67.9605558626 35.7994864739 984.8 -702.197001682 11.6983446758
0.457572286481 1.75872278545 -67.9605558626 35.7994864739 982.181966 -702.197001682 11.6967632435
0.457572286481 1.75872278545 -67.9605558626 35.7994864739 983.8 -702.197001682 11.6894749459
0.457572286481 1.75872278545 -67.9605558626 35.7994864739 983.181966025 -702.197001682 11.6919969674
0.457572286481 1.75872278545 -67.9605558626 35.7994864739 984.181966 -702.197001682 11.6920349188
0.457572286481 1.75872278545 -67.9605558626 35.7994864739 983.680206203 -702.197001682 11.6899928544
0.457572286481 1.75872278545 -67.9605558626 35.7994864739 983.945898025 -702.197001682 11.6898847278
0.457572286481 1.75872278545 -67.9605558626 35.7994864739 983.820632473 -702.197001682 11.6895142011
0.457572286481 1.75872278545 -67.9605558626 35.7994864739 983.754242843 -702.197001682 11.6896682419
0.457572286481 1.75872278545 -67.9605558626 35.7994864739 983.800008342 -702.197001682 11.6894749459
0.457572286481 1.75872278545 -67.9605558626 35.7994864739 983.800004171 -702.197001682 11.6894749459
0.457572286481 1.75872278545 -67.9605558626 35.7994864739 983.800002578 -702.197001682 11.6894749459
0.457572286481 1.75872278545 -67.9605558626 35.7994864739 983.800001593 -702.197001682 11.6894749459
0.457572286481 1.75872278545 -67.9605558626 35.7994864739 983.800000985 -702.197001682 11.6894749459
0.457572286481 1.75872278545 -67.9605558626 35.7994864739 983.800000609 -702.197001682 11.6894749459
0.457572286481 1.75872278545 -67.9605558626 35.7994864739 983.800000376 -702.197001682 11.6894749459
0.457572286481 1.75872278545 -67.9605558626 35.7994864739 983.800000232 -702.197001682 11.6894749459
0.457572286481 1.75872278545 -67.9605558626 35.7994864739 983.800000144 -702.197001682 11.6894749459
0.457572286481 1.75872278545 -67.9605558626 35.7994864739 983.800000089 -702.197001682 11.6894749459
0.457572286481 1.75872278545 -67.9605558626 35.7994864739 983.800000055 -702.197001682 11.6894749459
0.457572286481 1.75872278545 -67.9605558626 35.7994864739 983.800000034 -702.197001682 11.6894749459
0.457572286481 1.75872278545 -67.9605558626 35.7994864739 983.800000021 -702.197001682 11.6894749459
0.457572286481 1.75872278545 -67.9605558626 35.7994864739 983.800000013 -702.197001682 11.6894749459
0.457572286481 1.75872278545 -67.9605558626 35.7994864739 983.800000008 -702.197001682 11.6894749459
0.457572286481 1.75872278545 -67.9605558626 35.7994864739 983.800000005 -702.197001682 11.6894749459
0.457572286481 1.75872278545 -67.9605558626 35.7994864739 983.800000003 -702.197001682 11.6894749459
0.457572286481 1.75872278545 -67.9605558626 35.7994864739 983.800000002 -702.197001682 11.6894749459
0.457572286481 1.75872278545 -67.9605558626 35.7994864739 983.800000001 -702.197001682 11.6894749459
0.457572286481 1.75872278545 -67.9605558626 35.7994864739 983.800000001 -702.197001682 11.6894749459
0.457572286481 1.75872278545 -67.9605558626 35.7994864739 983.8 -702.197001682 11.6894749459
0.457572286481 1.75872278545 -67.9605558626 35.7994864739 983.8 -702.197001682 11.6894749459
0.457572286481 1.75872278545 -67.9605558626 35.7994864739 983.8 -702.197001682 11.6894749459
0.457572286481 1.75872278545 -67.9605558626 35.7994864739 983.8 -702.197001682 11.6894749459
0.457572286481 1.75872278545 -67.9605558626 35.7994864739 983.8 -702.197001682 11.6894749459
0.457572286481 1.75872278545 -67.9605558626 35.7994864739 983.8 -702.197001682 11.6894749459
0.457572286481 1.75872278545 -67.9605558626 35.7994864739 983.8 -702.197001682 11.6894749459
0.457572286481 1.75872278545 -67.9605558626 35.7994864739 983.8 -702.197001682 11.6894749459
0.457572286481 1.75872278545 -67.9605558626 35.7994864739 983.8 -702.197001682 11.6894749459
0.457572286481 1.75872278545 -67.9605558626 35.7994864739 983.8 -701.197001682 11.69125163
0.457572286481 1.75872278545 -67.9605558626 35.7994864739 983.8 -703.815035682 11.6918990854
0.457572286481 1.75872278545 -67.9605558626 35.7994864739 983.8 -702.197001682 11.6894749459
0.457572286481 1.75872278545 -67.9605558626 35.7994864739 983.8 -702.815035657 11.6903941613
0.457572286481 1.75872278545 -67.9605558626 35.7994864739 983.8 -701.815035682 11.6895989981
0.457572286481 1.75872278545 -67.9605558626 35.7994864739 983.8 -702.095631222 11.6894821171
0.457572286481 1.75872278545 -67.9605558626 35.7994864739 983.8 -702.185386542 11.6894925479
0.457572286481 1.75872278545 -67.9605558626 35.7994864739 983.8 -702.433069648 11.6898267996
0.457572286481 1.75872278545 -67.9605558626 35.7994864739 983.8 -702.287171619 11.6895995103
0.457572286481 1.75872278545 -67.9605558626 35.7994864739 983.8 -702.231443532 11.6895467974
0.457572286481 1.75872278545 -67.9605558626 35.7994864739 983.8 -702.210157298 11.6895164829
0.457572286481 1.75872278545 -67.9605558626 35.7994864739 983.8 -702.20202668 11.6895217914
0.457572286481 1.75872278545 -67.9605558626 35.7994864739 983.8 -702.192565094 11.6894889623
0.457572286481 1.75872278545 -67.9605558626 35.7994864739 983.8 -702.198921061 11.6895062849
0.457572286481 1.75872278545 -67.9605558626 35.7994864739 983.8 -702.195307056 11.689495435
0.457572286481 1.75872278545 -67.9605558626 35.7994864739 983.8 -702.19773482 11.689481698
0.457572286481 1.75872278545 -67.9605558626 35.7994864739 983.8 -702.196354393 11.6894719191
0.457572286481 1.75872278545 -67.9605558626 35.7994864739 983.8 -702.19596615 11.6895007435
0.457572286481 1.75872278545 -67.9605558626 35.7994864739 983.8 -702.196601636 11.689475039
0.457572286481 1.75872278545 -67.9605558626 35.7994864739 983.8 -702.196206097 11.6894916166
0.457572286481 1.75872278545 -67.9605558626 35.7994864739 983.8 -702.196448831 11.6894791368
0.457572286481 1.75872278545 -67.9605558626 35.7994864739 983.8 -702.196297749 11.6894852836
0.457572286481 1.75872278545 -67.9605558626 35.7994864739 983.8 -702.196390465 11.6894732229
0.457572286481 1.75872278545 -67.9605558626 35.7994864739 983.8 -702.196332757 11.6894822568
0.457572286481 1.75872278545 -67.9605558626 35.7994864739 983.8 -702.196368171 11.6894732229
0.457572286481 1.75872278545 -67.9605558626 35.7994864739 983.8 -702.196346129 11.6894719191
0.457572286481 1.75872278545 -67.9605558626 35.7994864739 983.8 -702.196339573 11.6894719191
0.458061996571 1.7454321623 -68.4519000847 35.8053520485 983.8 -702.195677464 11.6169694811
0.457572286481 1.75872278545 -67.9605558626 35.7994864739 983.8 -702.196339573 11.6894719191
0.458061996571 1.7454321623 -68.4519000847 35.8053520485 983.8 -702.195677464 11.6169694811
0.458854364146 1.72392748215 -69.2469117418 35.8148427478 983.8 -702.194606149 11.503887875
0.475596021054 1.26956262913 -86.0444345291 36.0153684072 983.800000001 -702.171970702 158.32375437
0.458854364146 1.72392748215 -69.2469117418 35.8148427478 983.8 -702.194606149 11.503887875
0.465249107868 1.5503755567 -75.6629943307 35.8914367318 983.8 -702.185960178 16.2043706514
0.461296938827 1.6576365474 -71.697637144 35.8440990455 983.8 -702.191303682 11.3842419814
0.46019910929 1.68743139737 -70.596144218 35.8309496306 983.8 -702.192787995 11.3722422626
0.460625359689 1.67586305615 -71.0238169881 35.8360551075 983.8 -702.192211686 11.3574387971
0.460667640296 1.67471556986 -71.0662386829 35.8365615297 983.8 -702.192154521 11.3573416602
0.460698593834 1.6738754977 -71.0972955111 35.8369322803 983.8 -702.19211267 11.3571932074
0.460927141278 1.66767277081 -71.3266056033 35.8396697409 983.8 -702.191803664 11.3597692456
0.460785891187 1.67150626692 -71.1848841698 35.8379778972 983.8 -702.19199464 11.3576293457
0.460731938455 1.6729705321 -71.1307514007 35.8373316704 983.8 -702.192067587 11.3573305309
0.460698593834 1.6738754977 -71.0972955111 35.8369322803 983.8 -702.19211267 11.3571932074
1.46069859383 1.6738754977 -71.0972955111 35.8369322803 983.8 -702.19211267 37.0609251782
-1.15733540617 1.6738754977 -71.0972955111 35.8369322803 983.8 -702.19211267 61.6331579164
0.460698593834 1.6738754977 -71.0972955111 35.8369322803 983.8 -702.19211267 11.3571932074
-0.15733538101 1.6738754977 -71.0972955111 35.8369322803 983.8 -702.19211267 25.8808108047
0.842664593834 1.6738754977 -71.0972955111 35.8369322803 983.8 -702.19211267 17.2357883304
0.453811520441 1.6738754977 -71.0972955111 35.8369322803 983.8 -702.19211267 11.4099220373
0.521844681478 1.6738754977 -71.0972955111 35.8369322803 983.8 -702.19211267 11.1699951813
0.644386980121 1.6738754977 -71.0972955111 35.8369322803 983.8 -702.19211267 12.2697164305
0.513937106894 1.6738754977 -71.0972955111 35.8369322803 983.8 -702.19211267 11.150205601
0.505918131586 1.6738754977 -71.0972955111 35.8369322803 983.8 -702.19211267 11.1356356647
0.488645805629 1.6738754977 -71.0972955111 35.8369322803 983.8 -702.19211267 11.1648520455
0.503378768244 1.6738754977 -71.0972955111 35.8369322803 983.8 -702.19211267 11.1318475567
0.497751277446 1.6738754977 -71.0972955111 35.8369322803 983.8 -702.19211267 11.1281830817
0.4973807506 1.6738754977 -71.0972955111 35.8369322803 983.8 -702.19211267 11.1282575876
0.498273599373 1.6738754977 -71.0972955111 35.8369322803 983.8 -702.19211267 11.1281111836
0.500223600306 1.6738754977 -71.0972955111 35.8369322803 983.8 -702.19211267 11.127985362
0.500618850381 1.6738754977 -71.0972955111 35.8369322803 983.8 -702.19211267 11.1284696963
0.499828350232 1.6738754977 -71.0972955111 35.8369322803 983.8 -702.19211267 11.1276592128
0.499234488265 1.6738754977 -71.0972955111 35.8369322803 983.8 -702.19211267 11.1278048251
0.499828350232 1.6738754977 -71.0972955111 35.8369322803 983.8 -702.19211267 11.1276592128
0.499828350232 2.6738754977 -71.0972955111 35.8369322803 983.8 -702.19211267 19.8043718003
0.499828350232 0.0558414976999 -71.0972955111 35.8369322803 983.8 -702.19211267 1417303.14331
0.499828350232 1.6738754977 -71.0972955111 35.8369322803 983.8 -702.19211267 11.1276592128
0.499828350232 1.05584152286 -71.0972955111 35.8369322803 983.8 -702.19211267 223.925858736
0.499828350232 2.0558414977 -71.0972955111 35.8369322803 983.8 -702.19211267 15.4982829466
0.499828350232 1.84877668329 -71.0972955111 35.8369322803 983.8 -702.19211267 12.8738128114
0.499828350232 1.43780753246 -71.0972955111 35.8369322803 983.8 -702.19211267 15.1661653072
0.499828350232 1.68560041468 -71.0972955111 35.8369322803 983.8 -702.19211267 11.1976624932
0.499828350232 1.55835819796 -71.0972955111 35.8369322803 983.8 -702.19211267 11.5734444
0.499828350232 1.62975181679 -71.0972955111 35.8369322803 983.8 -702.19211267 11.1194069497
0.499828350232 1.65091063811 -71.0972955111 35.8369322803 983.8 -702.19211267 11.105450755
0.499828350232 1.64927708263 -71.0972955111 35.8369322803 983.8 -702.19211267 11.1062766518
0.499828350232 1.65968243367 -71.0972955111 35.8369322803 983.8 -702.19211267 11.1066984478
0.499828350232 1.65415420862 -71.0972955111 35.8369322803 983.8 -702.19211267 11.1044566613
0.499828350232 1.65628616492 -71.0972955111 35.8369322803 983.8 -702.19211267 11.1045251135
0.499828350232 1.65496531169 -71.0972955111 35.8369322803 983.8 -702.19211267 11.104459269
0.499828350232 1.65448627177 -71.0972955111 35.8369322803 983.8 -702.19211267 11.1045459751
0.499828350232 1.65395699571 -71.0972955111 35.8369322803 983.8 -702.19211267 11.1046998762
0.499828350232 1.65415420862 -71.0972955111 35.8369322803 983.8 -702.19211267 11.1044566613
0.499828350232 1.65415420862 -71.0972955111 35.8369322803 983.8 -701.19211267 11.1113805324
0.499828350232 1.65415420862 -71.0972955111 35.8369322803 983.8 -703.81014667 11.0938566737
0.499828350232 1.65415420862 -71.0972955111 35.8369322803 983.8 -726.009294841 11.1023270525
0.499828350232 1.65415420862 -71.0972955111 35.8369322803 983.8 -703.81014667 11.0938566737
0.499828350232 1.65415420862 -71.0972955111 35.8369322803 983.8 -712.2894665 11.0498158261
0.499828350232 1.65415420862 -71.0972955111 35.8369322803 983.8 -717.529974452 11.04364926
0.499828350232 1.65415420862 -71.0972955111 35.8369322803 983.8 -716.919114415 11.0404270235
0.499828350232 1.65415420862 -71.0972955111 35.8369322803 983.8 -715.331920817 11.0370677896
0.499828350232 1.65415420862 -71.0972955111 35.8369322803 983.8 -715.463318899 11.0368033871
0.499828350232 1.65415420862 -71.0972955111 35.8369322803 983.8 -715.752380151 11.0363719519
0.499828350232 1.65415420862 -71.0972955111 35.8369322803 983.8 -716.198032971 11.0367554706
0.499828350232 1.65415420862 -71.0972955111 35.8369322803 983.8 -715.887982826 11.0362022649
0.499828350232 1.65415420862 -71.0972955111 35.8369322803 983.8 -716.024941528 11.0362517182
0.499828350232 1.65415420862 -71.0972955111 35.8369322803 983.8 -715.887982826 11.0362022649
0.499828350232 1.65415420862 -71.0972955111 36.8369322803 983.8 -715.887982826 11.085773306
0.499828350232 1.65415420862 -71.0972955111 34.2188982803 983.8 -715.887982826 11.1620636657
0.499828350232 1.65415420862 -71.0972955111 35.8369322803 983.8 -715.887982826 11.0362022649
0.499828350232 1.65415420862 -71.0972955111 35.2188983054 983.8 -715.887982826 11.0694821924
0.499828350232 1.65415420862 -71.0972955111 36.2188982803 983.8 -715.887982826 11.0523686744
0.499828350232 1.65415420862 -71.0972955111 35.8078715423 983.8 -715.887982826 11.0366655514
0.499828350232 1.65415420862 -71.0972955111 35.878631667 983.8 -715.887982826 11.0369549599
0.499828350232 1.65415420862 -71.0972955111 35.8389946593 983.8 -715.887982826 11.0362587497
0.499828350232 1.65415420862 -71.0972955111 35.8281273127 983.8 -715.887982826 11.0361694358
0.499828350232 1.65415420862 -71.0972955111 35.8203902971 983.8 -715.887982826 11.0362900887
0.499828350232 1.65415420862 -71.0972955111 35.831673515 983.8 -715.887982826 11.0361596569
0.499828350232 1.65415420862 -71.0972955111 35.8310183059 983.8 -715.887982826 11.0361541621
0.499828350232 1.65415420862 -71.0972955111 35.8302581029 983.8 -715.887982826 11.03617521
0.499828350232 1.65415420862 -71.0972955111 35.8307279342 983.8 -715.887982826 11.0361434985
0.499828350232 1.65415420862 -71.0972955111 35.8305484746 983.8 -715.887982826 11.0361638479
0.499828350232 1.65415420862 -71.0972955111 35.8308388463 983.8 -715.887982826 11.0361497849
0.499828350232 1.65415420862 -71.0972955111 35.8306593868 983.8 -715.887982826 11.0361765139
0.499828350232 1.65415420862 -71.0972955111 35.8307279342 983.8 -715.887982826 11.0361434985
0.499828350232 1.65415420862 -71.0972955111 35.8307279342 984.8 -715.887982826 11.0480309464
0.499828350232 1.65415420862 -71.0972955111 35.8307279342 982.181966 -715.887982826 11.063181283
0.499828350232 1.65415420862 -71.0972955111 35.8307279342 983.8 -715.887982826 11.0361434985
0.499828350232 1.65415420862 -71.0972955111 35.8307279342 983.181966025 -715.887982826 11.045539612
0.499828350232 1.65415420862 -71.0972955111 35.8307279342 984.181966 -715.887982826 11.0394771211
0.499828350232 1.65415420862 -71.0972955111 35.8307279342 983.808633295 -715.887982826 11.0362211708
0.499828350232 1.65415420862 -71.0972955111 35.8307279342 983.563932035 -715.887982826 11.0392223112
0.499828350232 1.65415420862 -71.0972955111 35.8307279342 983.754370032 -715.887982826 11.0363782849
0.499828350232 1.65415420862 -71.0972955111 35.8307279342 983.787056431 -715.887982826 11.0361792613
0.499828350232 1.65415420862 -71.0972955111 35.8307279342 983.796062967 -715.887982826 11.0361775383
0.499828350232 1.65415420862 -71.0972955111 35.8307279342 983.803297625 -715.887982826 11.0361502972
0.499828350232 1.65415420862 -71.0972955111 35.8307279342 983.800952328 -715.887982826 11.036153743
0.499828350232 1.65415420862 -71.0972955111 35.8307279342 983.798496187 -715.887982826 11.0361735336
0.499828350232 1.65415420862 -71.0972955111 35.8307279342 983.799425595 -715.887982826 11.0361638479
0.499828350232 1.65415420862 -71.0972955111 35.8307279342 983.800363757 -715.887982826 11.0361439176
0.499828350232 1.65415420862 -71.0972955111 35.8307279342 983.799780597 -715.887982826 11.0361760482
0.499828350232 1.65415420862 -71.0972955111 35.8307279342 983.800138943 -715.887982826 11.0361486673
0.499828350232 1.65415420862 -71.0972955111 35.8307279342 983.799916196 -715.887982826 11.0361490864
0.499828350232 1.65415420862 -71.0972955111 35.8307279342 983.800053072 -715.887982826 11.0361363273
0.499828350232 1.65415420862 -71.0972955111 35.8307279342 983.800085871 -715.887982826 11.0361363273
0.499828350232 1.65415420862 -71.0972955111 35.8307279342 983.800069471 -715.887982826 11.0361363273
0.499828350232 1.65415420862 -71.0972955111 35.8307279342 983.800063207 -715.887982826 11.0361363273
0.499828350232 1.65415420862 -71.0972955111 35.8307279342 983.800059336 -715.887982826 11.0361363273
0.499828350232 1.65415420862 -71.0972955111 35.8307279342 983.800056943 -715.887982826 11.0361363273
0.499828350232 1.65415420862 -71.0972955111 35.8307279342 983.800055464 -715.887982826 11.0361363273
0.499828350232 1.65415420862 -71.0972955111 35.8307279342 983.80005455 -715.887982826 11.0361363273
0.499828350232 1.65415420862 -71.0972955111 35.8307279342 983.800053985 -715.887982826 11.0361363273
0.499828350232 1.65415420862 -71.0972955111 35.8307279342 983.800053985 -715.887982826 11.0361363273
0.502954657585 1.56930692087 -74.2340351597 35.8681737406 983.800053986 -715.883755923 13.4754548781
0.49476987864 1.791440005 -66.0219441106 35.7701393463 983.800053985 -715.894822099 12.0648168959
0.499828350232 1.65415420862 -71.0972955111 35.8307279342 983.800053985 -715.887982826 11.0361363273
0.497896186071 1.70659271512 -69.1586838381 35.8075851536 983.800053985 -715.890595196 11.5052724257
0.501022493346 1.6217454295 -72.2954234078 35.8450309591 983.800053985 -715.886368293 11.2503034994
0.499761327228 1.65597319807 -71.0300488556 35.8299251563 983.800053985 -715.888073444 11.0479199793
0.500106993922 1.64659188069 -71.3768690187 35.83406543 983.800053985 -715.887606088 11.0371166375
0.499934782647 1.65126565647 -71.2040830855 35.8320027441 983.800053985 -715.887838925 11.0339621082
0.499955021592 1.650716376 -71.2243895665 35.8322451591 983.800053985 -715.887811561 11.0339520033
0.499946488866 1.6509479523 -71.2158283667 35.8321429571 983.800053985 -715.887823098 11.0338843428
0.499945248826 1.65098160669 -71.2145841895 35.8321281043 983.800053985 -715.887824774 11.033889465
0.499947670252 1.65091588974 -71.2170136953 35.8321571073 983.800053985 -715.8878215 11.0338765662
0.499950478214 1.65083968227 -71.2198310273 35.8321907401 983.800053985 -715.887817704 11.0339052975
0.499948863452 1.65088350655 -71.2182108771 35.832171399 983.800053985 -715.887819887 11.0338939819
0.542323054023 1.54310899403 -74.4734715279 35.8648277408 983.800107971 -729.579303428 15.1103332173
0.499947670252 1.65091588974 -71.2170136953 35.8321571073 983.800053985 -715.8878215 11.0338765662
1.49994767025 1.65091588974 -71.2170136953 35.8321571073 983.800053985 -715.8878215 37.4825596809
-1.11808632975 1.65091588974 -71.2170136953 35.8321571073 983.800053985 -715.8878215 59.590641968
0.499947670252 1.65091588974 -71.2170136953 35.8321571073 983.800053985 -715.8878215 11.0338765662
-0.118086304592 1.65091588974 -71.2170136953 35.8321571073 983.800053985 -715.8878215 24.550648313
0.881913670252 1.65091588974 -71.2170136953 35.8321571073 983.800053985 -715.8878215 18.0399452336
0.462866955674 1.65091588974 -71.2170136953 35.8321571073 983.800053985 -715.8878215 11.291597411
0.538983642742 1.65091588974 -71.2170136953 35.8321571073 983.800053985 -715.8878215 11.106367968
0.511440967293 1.65091588974 -71.2170136953 35.8321571073 983.800053985 -715.8878215 11.0268546268
0.509103446893 1.65091588974 -71.2170136953 35.8321571073 983.800053985 -715.8878215 11.0227356199
0.506872912523 1.65091588974 -71.2170136953 35.8321571073 983.800053985 -715.8878215 11.0194158275
0.504227705434 1.65091588974 -71.2170136953 35.8321571073 983.800053985 -715.8878215 11.0165006947
0.502592877515 1.65091588974 -71.2170136953 35.8321571073 983.800053985 -715.8878215 11.0211837571
0.504955746861 1.65091588974 -71.2170136953 35.8321571073 983.800053985 -715.8878215 11.0172506887
0.503603256753 1.65091588974 -71.2170136953 35.8321571073 983.800053985 -715.8878215 11.0168156214
0.504137738097 1.65091588974 -71.2170136953 35.8321571073 983.800053985 -715.8878215 11.0164577141
0.504052719662 1.65091588974 -71.2170136953 35.8321571073 983.800053985 -715.8878215 11.0163155012
0.503881040112 1.65091588974 -71.2170136953 35.8321571073 983.800053985 -715.8878215 11.0163704026
0.503987479302 1.65091588974 -71.2170136953 35.8321571073 983.800053985 -715.8878215 11.0163770616
0.504093770166 1.65091588974 -71.2170136953 35.8321571073 983.800053985 -715.8878215 11.0163904727
0.504052719662 1.65091588974 -71.2170136953 35.8321571073 983.800053985 -715.8878215 11.0163155012
0.504052719662 2.65091588974 -71.2170136953 35.8321571073 983.800053985 -715.8878215 19.7575700469
0.504052719662 0.0328818897389 -71.2170136953 35.8321571073 983.800053985 -715.8878215 1921189.18762
0.504052719662 1.65091588974 -71.2170136953 35.8321571073 983.800053985 -715.8878215 11.0163155012
0.504052719662 1.03288191489 -71.2170136953 35.8321571073 983.800053985 -715.8878215 279.880073667
0.504052719662 2.03288188974 -71.2170136953 35.8321571073 983.800053985 -715.8878215 15.3515631333
0.504052719662 1.82918571699 -71.2170136953 35.8321571073 983.800053985 -715.8878215 12.7840186935
0.504052719662 1.4148479245 -71.2170136953 35.8321571073 983.800053985 -715.8878215 16.193170473
0.504052719662 1.56074595333 -71.2170136953 35.8321571073 983.800053985 -715.8878215 11.2105250824
0.504052719662 1.62978222536 -71.2170136953 35.8321571073 983.800053985 -715.8878215 11.0062034335
0.504052719662 1.63407458408 -71.2170136953 35.8321571073 983.800053985 -715.8878215 11.0057926737
0.504052719662 1.63333183821 -71.2170136953 35.8321571073 983.800053985 -715.8878215 11.0056944657
0.504052719662 1.63267358867 -71.2170136953 35.8321571073 983.800053985 -715.8878215 11.0057307407
0.504052719662 1.63315599769 -71.2170136953 35.8321571073 983.800053985 -715.8878215 11.0057987738
0.504052719662 1.63350767874 -71.2170136953 35.8321571073 983.800053985 -715.8878215 11.005760543
0.504052719662 1.63333183821 -71.2170136953 35.8321571073 983.800053985 -715.8878215 11.0056944657
0.504052719662 1.63333183821 -71.2170136953 35.8321571073 983.800053985 -714.8878215 11.0114420298
0.504052719662 1.63333183821 -71.2170136953 35.8321571073 983.800053985 -717.5058555 10.9968000557
0.504052719662 1.63333183821 -71.2170136953 35.8321571073 983.800053985 -745.420411426 11.1757709179
0.504052719662 1.63333183821 -71.2170136953 35.8321571073 983.800053985 -717.5058555 10.9968000557
0.504052719662 1.63333183821 -71.2170136953 35.8321571073 983.800053985 -728.168266769 10.9860110562
0.504052719662 1.63333183821 -71.2170136953 35.8321571073 983.800053985 -734.757999455 11.0474112909
0.504052719662 1.63333183821 -71.2170136953 35.8321571073 983.800053985 -723.682072074 10.9690879472
0.504052719662 1.63333183821 -71.2170136953 35.8321571073 983.800053985 -723.490213864 10.9698378481
0.504052719662 1.63333183821 -71.2170136953 35.8321571073 983.800053985 -724.776418282 10.9667880926
0.504052719662 1.63333183821 -71.2170136953 35.8321571073 983.800053985 -726.071989081 10.9720660839
0.504052719662 1.63333183821 -71.2170136953 35.8321571073 983.800053985 -724.977169055 10.9675283544
0.504052719662 1.63333183821 -71.2170136953 35.8321571073 983.800053985 -724.464322641 10.9664058778
0.504052719662 1.63333183821 -71.2170136953 35.8321571073 983.800053985 -724.550087653 10.9663736075
0.504052719662 1.63333183821 -71.2170136953 35.8321571073 983.800053985 -724.636710314 10.9664658085
0.504052719662 1.63333183821 -71.2170136953 35.8321571073 983.800053985 -724.550087653 10.9663736075
0.504052719662 1.63333183821 -71.2170136953 36.8321571073 983.800053985 -724.550087653 11.0167390201
0.504052719662 1.63333183821 -71.2170136953 34.2141231073 983.800053985 -724.550087653 11.1236707307
0.504052719662 1.63333183821 -71.2170136953 35.8321571073 983.800053985 -724.550087653 10.9663736075
0.504052719662 1.63333183821 -71.2170136953 35.2141231325 983.800053985 -724.550087653 11.0077136196
0.504052719662 1.63333183821 -71.2170136953 36.2141231073 983.800053985 -724.550087653 10.9823345672
0.504052719662 1.63333183821 -71.2170136953 35.8308879982 983.800053985 -724.550087653 10.9663638286
0.504052719662 1.63333183821 -71.2170136953 35.7882000848 983.800053985 -724.550087653 10.9676431865
0.504052719662 1.63333183821 -71.2170136953 35.8145826667 983.800053985 -724.550087653 10.9666374046
0.504052719662 1.63333183821 -71.2170136953 35.8287571007 983.800053985 -724.550087653 10.9663888346
0.504052719662 1.63333183821 -71.2170136953 35.8308487424 983.800053985 -724.550087653 10.9663750511
0.504052719662 1.63333183821 -71.2170136953 35.8315053834 983.800053985 -724.550087653 10.9663775191
0.504052719662 1.63333183821 -71.2170136953 35.8311238184 983.800053985 -724.550087653 10.9663786832
0.504052719662 1.63333183821 -71.2170136953 35.8309780735 983.800053985 -724.550087653 10.9663810581
0.504052719662 1.63333183821 -71.2170136953 35.8309224039 983.800053985 -724.550087653 10.9663719311
0.504052719662 1.63333183821 -71.2170136953 35.8308730039 983.800053985 -724.550087653 10.9663638286
0.504052719662 1.63333183821 -71.2170136953 35.8308730039 983.800053985 -724.550087653 10.9663638286
0.504052719662 1.63333183821 -71.2170136953 35.8308730039 984.800053985 -724.550087653 10.9785954468
0.504052719662 1.63333183821 -71.2170136953 35.8308730039 982.182019985 -724.550087653 10.996960476
0.504052719662 1.63333183821 -71.2170136953 35.8308730039 983.800053985 -724.550087653 10.9663638286
0.504052719662 1.63333183821 -71.2170136953 35.8308730039 983.182020011 -724.550087653 10.9749358147
0.504052719662 1.63333183821 -71.2170136953 35.8308730039 984.182019985 -724.550087653 10.9703586437
0.504052719662 1.63333183821 -71.2170136953 35.8308730039 983.776090812 -724.550087653 10.9664262738
0.504052719662 1.63333183821 -71.2170136953 35.8308730039 983.828556449 -724.550087653 10.9663898591
0.504052719662 1.63333183821 -71.2170136953 35.8308730039 983.807497422 -724.550087653 10.9663604293
0.504052719662 1.63333183821 -71.2170136953 35.8308730039 983.807285811 -724.550087653 10.9663680196
0.504052719662 1.63333183821 -71.2170136953 35.8308730039 983.815541254 -724.550087653 10.9663619194
0.504052719662 1.63333183821 -71.2170136953 35.8308730039 983.809284689 -724.550087653 10.9663576819
0.504052719662 1.63333183821 -71.2170136953 35.8308730039 983.811182892 -724.550087653 10.9663652256
0.504052719662 1.63333183821 -71.2170136953 35.8308730039 983.810009738 -724.550087653 10.9663590323
0.504052719662 1.63333183821 -71.2170136953 35.8308730039 983.808959035 -724.550087653 10.9663588926
0.504052719662 1.63333183821 -71.2170136953 35.8308730039 983.80947187 -724.550087653 10.9663574025
0.504052719662 1.63333183821 -71.2170136953 35.8308730039 983.809566049 -724.550087653 10.9663613141
0.504052719662 1.63333183821 -71.2170136953 35.8308730039 983.80947187 -724.550087653 10.9663574025
0.507179027015 1.54848455046 -74.3537533438 35.8683188103 983.80947187 -724.545860749 14.552338561
0.49899424807 1.7706176346 -66.1416622947 35.7702844159 983.80947187 -724.556926926 12.111743819
0.504052719662 1.63333183821 -71.2170136953 35.8308730039 983.80947187 -724.550087653 10.9663574025
0.502120555502 1.68577034472 -69.2784020222 35.8077302233 983.80947187 -724.552700022 11.4505323116
0.505246862776 1.6009230591 -72.4151415919 35.8451760287 983.80947187 -724.548473119 11.3875799812
0.503735880101 1.64193079357 -70.8991168606 35.8270780114 983.80947187 -724.550516033 11.0213437583
0.504143427875 1.63087003743 -71.3080245967 35.8319594748 983.80947187 -724.549965011 10.9697859734
0.504061629874 1.63309001703 -71.2259536405 35.8309797272 983.80947187 -724.550075606 10.9660703689
0.504075993317 1.63270019638 -71.2403650132 35.8311517675 983.80947187 -724.550056186 10.9663787764
0.504064157425 1.63302141987 -71.2284896253 35.8310100013 983.80947187 -724.550072188 10.9660925809
0.504061718976 1.63308759881 -71.22604304 35.8309807945 983.80947187 -724.550075485 10.9660099726
0.504062878045 1.63305614196 -71.2272059761 35.8309946774 983.80947187 -724.550073918 10.9660636634
0.504062161701 1.63307558336 -71.226487242 35.8309860973 983.80947187 -724.550074887 10.9660308808
0.504061888082 1.63308300932 -71.2262127101 35.83098282 983.80947187 -724.550075257 10.9660133254
0.508175767701 1.61525930789 -71.2350723847 35.8298044816 983.818889754 -733.21232947 10.9430820215
0.504061718976 1.63308759881 -71.22604304 35.8309807945 983.80947187 -724.550075485 10.9660099726
0.508175767701 1.61525930789 -71.2350723847 35.8298044816 983.818889754 -733.21232947 10.9430820215
0.514832438414 1.58641252701 -71.2496821715 35.8279011674 983.834128211 -747.228150934 10.989914136
0.508175767701 1.61525930789 -71.2350723847 35.8298044816 983.818889754 -733.21232947 10.9430820215
0.510718389586 1.60424081838 -71.2406528265 35.8290774803 983.824710326 -738.565896731 10.9419079497
0.512289816361 1.59743101724 -71.2441017293 35.8286281688 983.828307638 -741.87458332 10.9514828771
0.509591984623 1.60912211094 -71.2381806393 35.8293995486 983.822131759 -736.194217021 10.9406393021
0.509652976662 1.60885780103 -71.2383145021 35.8293821094 983.822271382 -736.322637603 10.9407377895
0.50905103791 1.61146631151 -71.2369933917 35.8295542193 983.820893423 -735.055237361 10.9412496444
0.509445307844 1.60975773692 -71.2378587191 35.8294414873 983.821795986 -735.885384628 10.940755764
0.509536681966 1.60936176581 -71.2380592633 35.8294153611 983.82200516 -736.077775606 10.9406848904
0.509591984623 1.60912211094 -71.2381806393 35.8293995486 983.822131759 -736.194217021 10.9406393021
1.50959198462 1.60912211094 -71.2381806393 35.8293995486 983.822131759 -736.194217021 37.4596740119
-1.10844201538 1.60912211094 -71.2381806393 35.8293995486 983.822131759 -736.194217021 59.0068133548
0.509591984623 1.60912211094 -71.2381806393 35.8293995486 983.822131759 -736.194217021 10.9406393021
-0.108441990221 1.60912211094 -71.2381806393 35.8293995486 983.822131759 -736.194217021 24.2264864966
0.891557984623 1.60912211094 -71.2381806393 35.8293995486 983.822131759 -736.194217021 18.2920356281
0.464385571687 1.60912211094 -71.2381806393 35.8293995486 983.822131759 -736.194217021 11.2244382035
0.539522024875 1.60912211094 -71.2381806393 35.8293995486 983.822131759 -736.194217021 11.0080056824
0.514642368686 1.60912211094 -71.2381806393 35.8293995486 983.822131759 -736.194217021 10.948786512
0.492324671899 1.60912211094 -71.2381806393 35.8293995486 983.822131759 -736.194217021 11.0168275423
0.502996458251 1.60912211094 -71.2381806393 35.8293995486 983.822131759 -736.194217021 10.9572925605
0.509847181067 1.60912211094 -71.2381806393 35.8293995486 983.822131759 -736.194217021 10.9410521574
0.507072717797 1.60912211094 -71.2381806393 35.8293995486 983.822131759 -736.194217021 10.9459645115
0.509118161814 1.60912211094 -71.2381806393 35.8293995486 983.822131759 -736.194217021 10.9406369738
0.509353962687 1.60912211094 -71.2381806393 35.8293995486 983.822131759 -736.194217021 10.9404419549
0.509356342916 1.60912211094 -71.2381806393 35.8293995486 983.822131759 -736.194217021 10.9404339921
0.509446350036 1.60912211094 -71.2381806393 35.8293995486 983.822131759 -736.194217021 10.9404638875
0.509397174389 1.60912211094 -71.2381806393 35.8293995486 983.822131759 -736.194217021 10.9404741786
0.50937193915 1.60912211094 -71.2381806393 35.8293995486 983.822131759 -736.194217021 10.9404635616
0.509360889736 1.60912211094 -71.2381806393 35.8293995486 983.822131759 -736.194217021 10.9404296149
0.509363200695 1.60912211094 -71.2381806393 35.8293995486 983.822131759 -736.194217021 10.940430453
0.509360889736 1.60912211094 -71.2381806393 35.8293995486 983.822131759 -736.194217021 10.9404296149
0.509360889736 2.60912211094 -71.2381806393 35.8293995486 983.822131759 -736.194217021 19.6529095061
0.509360889736 -0.00891188906465 -71.2381806393 35.8293995486 983.822131759 -736.194217021 3401465.34424
0.509360889736 1.60912211094 -71.2381806393 35.8293995486 983.822131759 -736.194217021 10.9404296149
0.509360889736 0.991088136091 -71.2381806393 35.8293995486 983.822131759 -736.194217021 402.422386408
0.509360889736 1.99108811094 -71.2381806393 35.8293995486 983.822131759 -736.194217021 15.0135082193
0.509360889736 1.7918272442 -71.2381806393 35.8293995486 983.822131759 -736.194217021 12.5335555524
0.509360889736 1.3730541457 -71.2381806393 35.8293995486 983.822131759 -736.194217021 20.5750087276
0.509360889736 1.51895217453 -71.2381806393 35.8293995486 983.822131759 -736.194217021 11.5582513623
0.509360889736 1.62407255468 -71.2381806393 35.8293995486 983.822131759 -736.194217021 10.9851300251
0.509360889736 1.60062948955 -71.2381806393 35.8293995486 983.822131759 -736.194217021 10.9482072759
0.509360889736 1.60762426793 -71.2381806393 35.8293995486 983.822131759 -736.194217021 10.9414281789
0.509360889736 1.61483267213 -71.2381806393 35.8293995486 983.822131759 -736.194217021 10.9525926411
0.509360889736 1.61130335115 -71.2381806393 35.8293995486 983.822131759 -736.194217021 10.9443479683
0.509360889736 1.60887109271 -71.2381806393 35.8293995486 983.822131759 -736.194217021 10.9405021649
0.509360889736 1.60947371774 -71.2381806393 35.8293995486 983.822131759 -736.194217021 10.9407059848
0.509360889736 1.60907760903 -71.2381806393 35.8293995486 983.822131759 -736.194217021 10.9404416755
0.509360889736 1.60925641278 -71.2381806393 35.8293995486 983.822131759 -736.194217021 10.9405001625
0.509360889736 1.60913028691 -71.2381806393 35.8293995486 983.822131759 -736.194217021 10.9404526651
0.509360889736 1.60910216988 -71.2381806393 35.8293995486 983.822131759 -736.194217021 10.9404116869
0.509360889736 1.60910270442 -71.2381806393 35.8293995486 983.822131759 -736.194217021 10.9404135495
0.509360889736 1.60909278847 -71.2381806393 35.8293995486 983.822131759 -736.194217021 10.9404516406
0.509360889736 1.6090985865 -71.2381806393 35.8293995486 983.822131759 -736.194217021 10.9404228162
0.509360889736 1.6091013485 -71.2381806393 35.8293995486 983.822131759 -736.194217021 10.9404101502
0.509360889736 1.6091009732 -71.2381806393 35.8293995486 983.822131759 -736.194217021 10.9404074028
0.509360889736 1.60910006156 -71.2381806393 35.8293995486 983.822131759 -736.194217021 10.9404294286
0.509360889736 1.60910062498 -71.2381806393 35.8293995486 983.822131759 -736.194217021 10.940421652
0.509360889736 1.6091009732 -71.2381806393 35.8293995486 983.822131759 -736.194217021 10.9404074028
0.51248719709 1.52425368545 -74.3749202879 35.866845355 983.822131759 -736.189990118 16.2022658624
0.504302418144 1.74638676958 -66.1628292387 35.7688109607 983.822131759 -736.201056294 12.2191925999
0.509360889736 1.6091009732 -71.2381806393 35.8293995486 983.822131759 -736.194217021 10.9404074028
0.507428725576 1.6615394797 -69.2995689662 35.806256768 983.822131759 -736.196829391 11.4119366277
0.510555032851 1.57669219408 -72.4363085359 35.8437025735 983.822131759 -736.192602488 11.6775980219
0.508837672469 1.62330097371 -70.7132174281 35.8231326368 983.822131759 -736.194924434 11.0091270413
0.509920263502 1.59391969333 -71.7994210011 35.8360995302 983.822131759 -736.193460724 11.15283994
0.509238378711 1.61242589523 -71.1152608025 35.8279321548 983.822131759 -736.194382662 10.9488857444
0.509522780601 1.60470729105 -71.4006117241 35.8313386203 983.822131759 -736.193998138 10.9689823352
0.509339685068 1.6096764632 -71.216905212 35.8291455666 983.822131759 -736.194245691 10.9415421262
0.509422726543 1.607422736 -71.300223791 35.8301402081 983.822131759 -736.194133415 10.9494830016
0.509384509294 1.60845994365 -71.2618790138 35.8296824553 983.822131759 -736.194185087 10.9433044679
0.50935709531 1.60920395308 -71.2343735512 35.8293541003 983.822131759 -736.194222152 10.9404915478
0.509365152799 1.60898527463 -71.2424579272 35.8294506101 983.822131759 -736.194211257 10.9406817704
0.509360024949 1.60912444333 -71.2373129664 35.8293891905 983.822131759 -736.194218191 10.9404597431
0.509362518081 1.60905678028 -71.2398144178 35.8294190523 983.822131759 -736.19421482 10.9405432828
0.509361511709 1.609084093 -71.2388046871 35.8294069984 983.822131759 -736.19421618 10.9404315706
0.509360910069 1.60910042136 -71.2382010401 35.8293997922 983.822131759 -736.194216994 10.9404351562
0.509360559417 1.60910993799 -71.2378492177 35.8293955922 983.822131759 -736.194217468 10.9404711053
0.509360763566 1.60910439744 -71.2380540475 35.8293980374 983.822131759 -736.194217192 10.9404686373
0.509360841543 1.60910228114 -71.2381322855 35.8293989714 983.822131759 -736.194217086 10.9404115938
0.509360871328 1.60910147279 -71.2381621698 35.8293993281 983.822131759 -736.194217046 10.9404080547
0.509360890764 1.6091009453 -71.2381816705 35.8293995609 983.822131759 -736.19421702 10.940409964
0.509360880669 1.60910121929 -71.2381715412 35.82939944 983.822131759 -736.194217034 10.9404183459
0.509360886273 1.6091010672 -71.2381771641 35.8293995071 983.822131759 -736.194217026 10.9404177871
0.509360888413 1.6091010091 -71.2381793119 35.8293995328 983.822131759 -736.194217023 10.940409964
0.509360889231 1.60910098691 -71.2381801323 35.8293995426 983.822131759 -736.194217022 10.940409964
0.509360890129 1.60910096254 -71.2381810332 35.8293995533 983.822131759 -736.194217021 10.9404074028
0.509360889933 1.60910096787 -71.2381808362 35.829399551 983.822131759 -736.194217021 10.9404074028
0.509360889858 1.6091009699 -71.238180761 35.8293995501 983.822131759 -736.194217021 10.9404074028
0.509360889811 1.60910097116 -71.2381807145 35.8293995495 983.822131759 -736.194217021 10.9404074028
0.509360889783 1.60910097194 -71.2381806858 35.8293995492 983.822131759 -736.194217021 10.9404074028
0.509360889765 1.60910097242 -71.238180668 35.829399549 983.822131759 -736.194217021 10.9404074028
0.509360889754 1.60910097271 -71.238180657 35.8293995488 983.822131759 -736.194217021 10.9404074028
0.509360889747 1.6091009729 -71.2381806503 35.8293995487 983.822131759 -736.194217021 10.9404074028
0.509360889743 1.60910097301 -71.2381806461 35.8293995487 983.822131759 -736.194217021 10.9404074028
0.509360889741 1.60910097308 -71.2381806435 35.8293995487 983.822131759 -736.194217021 10.9404074028
0.509360889739 1.60910097313 -71.2381806419 35.8293995486 983.822131759 -736.194217021 10.9404074028
0.509360889738 1.60910097315 -71.2381806409 35.8293995486 983.822131759 -736.194217021 10.9404074028
0.509360889737 1.60910097317 -71.2381806403 35.8293995486 983.822131759 -736.194217021 10.9404074028
0.509360889737 1.60910097318 -71.2381806399 35.8293995486 983.822131759 -736.194217021 10.9404074028
0.509360889737 1.60910097318 -71.2381806397 35.8293995486 983.822131759 -736.194217021 10.9404074028
0.509360889737 1.60910097319 -71.2381806395 35.8293995486 983.822131759 -736.194217021 10.9404074028
0.509360889737 1.60910097319 -71.2381806394 35.8293995486 983.822131759 -736.194217021 10.9404074028
0.509360889737 1.60910097319 -71.2381806394 35.8293995486 983.822131759 -736.194217021 10.9404074028
0.509360889736 1.60910097319 -71.2381806393 35.8293995486 983.822131759 -736.194217021 10.9404074028
0.509360889736 1.60910097319 -71.2381806393 35.8293995486 983.822131759 -736.194217021 10.9404074028
0.509360889736 1.60910097319 -71.2381806393 36.8293995486 983.822131759 -736.194217021 10.9743764158
0.509360889736 1.60910097319 -71.2381806393 34.2113655486 983.822131759 -736.194217021 11.1365755089
0.509360889736 1.60910097319 -71.2381806393 35.8293995486 983.822131759 -736.194217021 10.9404074028
0.509360889736 1.60910097319 -71.2381806393 35.2113655738 983.822131759 -736.194217021 10.9916512389
0.509360889736 1.60910097319 -71.2381806393 36.2113655486 983.822131759 -736.194217021 10.950261075
0.509360889736 1.60910097319 -71.2381806393 35.9017325244 983.822131759 -736.194217021 10.9419173561
0.509360889736 1.60910097319 -71.2381806393 35.5933315834 983.822131759 -736.194217021 10.9544272069
0.509360889736 1.60910097319 -71.2381806393 35.7392296122 983.822131759 -736.194217021 10.9452139121
0.509360889736 1.60910097319 -71.2381806393 35.8427010338 983.822131759 -736.194217021 10.9406149015
0.509360889736 1.60910097319 -71.2381806393 35.7949576987 983.822131759 -736.194217021 10.9417030588
0.509360889736 1.60910097319 -71.2381806393 35.8290528891 983.822131759 -736.194217021 10.9404344577
0.509360889736 1.60910097319 -71.2381806393 35.8349135087 983.822131759 -736.194217021 10.9405007679
0.509360889736 1.60910097319 -71.2381806393 35.8315056939 983.822131759 -736.194217021 10.9404230956
0.509360889736 1.60910097319 -71.2381806393 35.8303457402 983.822131759 -736.194217021 10.9404086135
0.509360889736 1.60910097319 -71.2381806393 35.8297523922 983.822131759 -736.194217021 10.9404164366
0.509360889736 1.60910097319 -71.2381806393 35.8295343229 983.822131759 -736.194217021 10.9404218383
0.509360889736 1.60910097319 -71.2381806393 35.8292671365 983.822131759 -736.194217021 10.9404275659
0.509360889736 1.60910097319 -71.2381806393 35.8294510278 983.822131759 -736.194217021 10.940423375
0.509360889736 1.60910097319 -71.2381806393 35.8293489717 983.822131759 -736.194217021 10.9404084273
0.509360889736 1.60910097319 -71.2381806393 35.8294192119 983.822131759 -736.194217021 10.940420907
0.509360889736 1.60910097319 -71.2381806393 35.8293802299 983.822131759 -736.194217021 10.9404130373
0.509360889736 1.60910097319 -71.2381806393 35.8294070593 983.822131759 -736.194217021 10.9404074028
0.509360889736 1.60910097319 -71.2381806393 35.829403304 983.822131759 -736.194217021 10.9404074028
0.509360889736 1.60910097319 -71.2381806393 35.8294018695 983.822131759 -736.194217021 10.9404074028
0.509360889736 1.60910097319 -71.2381806393 35.829400983 983.822131759 -736.194217021 10.9404074028
0.509360889736 1.60910097319 -71.2381806393 35.8294004351 983.822131759 -736.194217021 10.9404074028
0.509360889736 1.60910097319 -71.2381806393 35.8294000965 983.822131759 -736.194217021 10.9404074028
0.509360889736 1.60910097319 -71.2381806393 35.8293998872 983.822131759 -736.194217021 10.9404074028
0.509360889736 1.60910097319 -71.2381806393 35.8293997579 983.822131759 -736.194217021 10.9404074028
0.509360889736 1.60910097319 -71.2381806393 35.829399678 983.822131759 -736.194217021 10.9404074028
0.509360889736 1.60910097319 -71.2381806393 35.8293996285 983.822131759 -736.194217021 10.9404074028
0.509360889736 1.60910097319 -71.2381806393 35.829399598 983.822131759 -736.194217021 10.9404074028
0.509360889736 1.60910097319 -71.2381806393 35.8293995791 983.822131759 -736.194217021 10.9404074028
0.509360889736 1.60910097319 -71.2381806393 35.8293995675 983.822131759 -736.194217021 10.9404074028
0.509360889736 1.60910097319 -71.2381806393 35.8293995603 983.822131759 -736.194217021 10.9404074028
0.509360889736 1.60910097319 -71.2381806393 35.8293995558 983.822131759 -736.194217021 10.9404074028
0.509360889736 1.60910097319 -71.2381806393 35.8293995531 983.822131759 -736.194217021 10.9404074028
0.509360889736 1.60910097319 -71.2381806393 35.8293995514 983.822131759 -736.194217021 10.9404074028
0.509360889736 1.60910097319 -71.2381806393 35.8293995503 983.822131759 -736.194217021 10.9404074028
0.509360889736 1.60910097319 -71.2381806393 35.8293995497 983.822131759 -736.194217021 10.9404074028
0.509360889736 1.60910097319 -71.2381806393 35.8293995493 983.822131759 -736.194217021 10.9404074028
0.509360889736 1.60910097319 -71.2381806393 35.829399549 983.822131759 -736.194217021 10.9404074028
0.509360889736 1.60910097319 -71.2381806393 35.8293995489 983.822131759 -736.194217021 10.9404074028
0.509360889736 1.60910097319 -71.2381806393 35.8293995488 983.822131759 -736.194217021 10.9404074028
0.509360889736 1.60910097319 -71.2381806393 35.8293995487 983.822131759 -736.194217021 10.9404074028
0.509360889736 1.60910097319 -71.2381806393 35.8293995487 983.822131759 -736.194217021 10.9404074028
0.509360889736 1.60910097319 -71.2381806393 35.8293995486 983.822131759 -736.194217021 10.9404074028
0.509360889736 1.60910097319 -71.2381806393 35.8293995486 983.822131759 -736.194217021 10.9404074028
0.509360889736 1.60910097319 -71.2381806393 35.8293995486 983.822131759 -736.194217021 10.9404074028
0.509360889736 1.60910097319 -71.2381806393 35.8293995486 983.822131759 -736.194217021 10.9404074028
0.509360889736 1.60910097319 -71.2381806393 35.8293995486 984.822131759 -736.194217021 10.9481925145
0.509360889736 1.60910097319 -71.2381806393 35.8293995486 982.204097759 -736.194217021 10.9756006859
0.509360889736 1.60910097319 -71.2381806393 35.8293995486 983.822131759 -736.194217021 10.9404074028
0.509360889736 1.60910097319 -71.2381806393 35.8293995486 983.204097784 -736.194217021 10.9512505122
0.509360889736 1.60910097319 -71.2381806393 35.8293995486 984.204097759 -736.194217021 10.9430619515
0.509360889736 1.60910097319 -71.2381806393 35.8293995486 983.871250696 -736.194217021 10.9405884985
0.509360889736 1.60910097319 -71.2381806393 35.8293995486 983.658637906 -736.194217021 10.9426412731
0.509360889736 1.60910097319 -71.2381806393 35.8293995486 983.824101355 -736.194217021 10.9404216055
0.509360889736 1.60910097319 -71.2381806393 35.8293995486 983.759682666 -736.194217021 10.9408639837
0.509360889736 1.60910097319 -71.2381806393 35.8293995486 983.798278329 -736.194217021 10.9404986724
0.509360889736 1.60910097319 -71.2381806393 35.8293995486 983.814681071 -736.194217021 10.9404454008
0.509360889736 1.60910097319 -71.2381806393 35.8293995486 983.820357646 -736.194217021 10.9404289629
0.509360889736 1.60910097319 -71.2381806393 35.8293995486 983.822419483 -736.194217021 10.9404218383
0.509360889736 1.60910097319 -71.2381806393 35.8293995486 983.821454108 -736.194217021 10.9404318035
0.509360889736 1.60910097319 -71.2381806393 35.8293995486 983.82187292 -736.194217021 10.9404089861
0.509360889736 1.60910097319 -71.2381806393 35.8293995486 983.82224166 -736.194217021 10.9404227696
0.509360889736 1.60910097319 -71.2381806393 35.8293995486 983.822032891 -736.194217021 10.940412106
0.509360889736 1.60910097319 -71.2381806393 35.8293995486 983.822173737 -736.194217021 10.9404154122
0.509360889736 1.60910097319 -71.2381806393 35.8293995486 983.822093995 -736.194217021 10.9404124785
0.509360889736 1.60910097319 -71.2381806393 35.8293995486 983.822147793 -736.194217021 10.9404074028
0.509360889736 1.60910097319 -71.2381806393 35.8293995486 983.822139776 -736.194217021 10.9404074028
0.509360889736 1.60910097319 -71.2381806393 35.8293995486 983.822136714 -736.194217021 10.9404074028
0.509360889736 1.60910097319 -71.2381806393 35.8293995486 983.822134821 -736.194217021 10.9404074028
0.509360889736 1.60910097319 -71.2381806393 35.8293995486 983.822133652 -736.194217021 10.9404074028
0.509360889736 1.60910097319 -71.2381806393 35.8293995486 983.822132929 -736.194217021 10.9404074028
0.509360889736 1.60910097319 -71.2381806393 35.8293995486 983.822132482 -736.194217021 10.9404074028
0.509360889736 1.60910097319 -71.2381806393 35.8293995486 983.822132206 -736.194217021 10.9404074028
0.509360889736 1.60910097319 -71.2381806393 35.8293995486 983.822132035 -736.194217021 10.9404074028
0.509360889736 1.60910097319 -71.2381806393 35.8293995486 983.82213193 -736.194217021 10.9404074028
0.509360889736 1.60910097319 -71.2381806393 35.8293995486 983.822131865 -736.194217021 10.9404074028
0.509360889736 1.60910097319 -71.2381806393 35.8293995486 983.822131824 -736.194217021 10.9404074028
0.509360889736 1.60910097319 -71.2381806393 35.8293995486 983.822131799 -736.194217021 10.9404074028
0.509360889736 1.60910097319 -71.2381806393 35.8293995486 983.822131784 -736.194217021 10.9404074028
0.509360889736 1.60910097319 -71.2381806393 35.8293995486 983.822131774 -736.194217021 10.9404074028
0.509360889736 1.60910097319 -71.2381806393 35.8293995486 983.822131769 -736.194217021 10.9404074028
0.509360889736 1.60910097319 -71.2381806393 35.8293995486 983.822131765 -736.194217021 10.9404074028
0.509360889736 1.60910097319 -71.2381806393 35.8293995486 983.822131763 -736.194217021 10.9404074028
0.509360889736 1.60910097319 -71.2381806393 35.8293995486 983.822131761 -736.194217021 10.9404074028
0.509360889736 1.60910097319 -71.2381806393 35.8293995486 983.82213176 -736.194217021 10.9404074028
0.509360889736 1.60910097319 -71.2381806393 35.8293995486 983.82213176 -736.194217021 10.9404074028
0.509360889736 1.60910097319 -71.2381806393 35.8293995486 983.82213176 -736.194217021 10.9404074028
0.509360889736 1.60910097319 -71.2381806393 35.8293995486 983.822131759 -736.194217021 10.9404074028
0.509360889736 1.60910097319 -71.2381806393 35.8293995486 983.822131759 -736.194217021 10.9404074028
0.509360889736 1.60910097319 -71.2381806393 35.8293995486 983.822131759 -736.194217021 10.9404074028
0.509360889736 1.60910097319 -71.2381806393 35.8293995486 983.822131759 -736.194217021 10.9404074028
0.509360889736 1.60910097319 -71.2381806393 35.8293995486 983.822131759 -736.194217021 10.9404074028
0.509360889736 1.60910097319 -71.2381806393 35.8293995486 983.822131759 -736.194217021 10.9404074028
0.509360889736 1.60910097319 -71.2381806393 35.8293995486 983.822131759 -736.194217021 10.9404074028
0.509360889736 1.60910097319 -71.2381806393 35.8293995486 983.822131759 -736.194217021 10.9404074028
0.514891155383 1.58513548531 -71.2503182386 35.8278183028 983.834791649 -747.838358557 10.9969842248
0.500412731891 1.64787794741 -71.218541591 35.8319580582 983.801647628 -717.353600115 11.0207876191
0.509360889736 1.60910097319 -71.2381806393 35.8293995486 983.822131759 -736.194217021 10.9404074028
0.505942997677 1.62391245893 -71.2306791906 35.8303768123 983.814307517 -728.997741944 10.9498650767
0.511473263184 1.59994697165 -71.2428167896 35.8287955665 983.826967406 -740.641883187 10.9474068973
0.508910260868 1.61105378005 -71.2371916177 35.8295283951 983.821100179 -735.245404313 10.9407723881
0.509387289538 1.60898656926 -71.2382385805 35.8293920002 983.822192194 -736.249802602 10.9404971357
0.509181473691 1.60987847528 -71.2377868644 35.8294508483 983.82172104 -735.816451112 10.940594878
0.509292358907 1.60939795255 -71.2380302307 35.8294191434 983.821974878 -736.049923288 10.9404737595
0.509337147932 1.60920385865 -71.2381285318 35.829406337 983.822077409 -736.144227935 10.9405001625
0.509370973563 1.60905727478 -71.2382027709 35.8293966654 983.822154843 -736.215448823 10.940469848
0.509351821175 1.60914027194 -71.238160736 35.8294021416 983.822110999 -736.17512289 10.9405007213
0.509364741415 1.60908428189 -71.2381890928 35.8293984473 983.822140576 -736.202326848 10.9404552262
0.509357425854 1.60911598398 -71.2381730369 35.829400539 983.82212383 -736.186923712 10.940463189
0.509361223229 1.609099528 -71.2381813713 35.8293994533 983.822132523 -736.194919199 10.9404331073
0.509359566651 1.6091067068 -71.2381777355 35.8293999269 983.82212873 -736.191431225 10.9404702205
0.509360384363 1.60910316324 -71.2381795302 35.8293996931 983.822130602 -736.193152942 10.940446239
0.509360846452 1.60910116077 -71.2381805443 35.829399561 983.82213166 -736.194125885 10.9404157847
0.509361002847 1.60910048303 -71.2381808876 35.8293995163 983.822132018 -736.19445518 10.9404355288
0.509360932941 1.60910078597 -71.2381807342 35.8293995363 983.822131858 -736.19430799 10.9404147137
0.509360891172 1.60910096697 -71.2381806425 35.8293995482 983.822131762 -736.194220045 10.9404074028
0.509360890454 1.60910097008 -71.2381806409 35.8293995484 983.822131761 -736.194218533 10.9404074028
0.50936089018 1.60910097127 -71.2381806403 35.8293995485 983.82213176 -736.194217956 10.9404074028
0.509360890011 1.60910097201 -71.2381806399 35.8293995485 983.82213176 -736.194217599 10.9404074028
0.509360889906 1.60910097246 -71.2381806397 35.8293995486 983.82213176 -736.194217378 10.9404074028
0.509360889841 1.60910097274 -71.2381806396 35.8293995486 983.822131759 -736.194217242 10.9404074028
0.509360889801 1.60910097291 -71.2381806395 35.8293995486 983.822131759 -736.194217158 10.9404074028
0.509360889776 1.60910097302 -71.2381806394 35.8293995486 983.822131759 -736.194217106 10.9404074028
0.509360889761 1.60910097309 -71.2381806394 35.8293995486 983.822131759 -736.194217073 10.9404074028
0.509360889752 1.60910097313 -71.2381806394 35.8293995486 983.822131759 -736.194217053 10.9404074028
0.509360889746 1.60910097315 -71.2381806394 35.8293995486 983.822131759 -736.194217041 10.9404074028
0.509360889742 1.60910097317 -71.2381806393 35.8293995486 983.822131759 -736.194217034 10.9404074028
0.50936088974 1.60910097318 -71.2381806393 35.8293995486 983.822131759 -736.194217029 10.9404074028
0.509360889739 1.60910097318 -71.2381806393 35.8293995486 983.822131759 -736.194217026 10.9404074028
0.509360889738 1.60910097319 -71.2381806393 35.8293995486 983.822131759 -736.194217024 10.9404074028
0.509360889737 1.60910097319 -71.2381806393 35.8293995486 983.822131759 -736.194217023 10.9404074028
0.509360889737 1.60910097319 -71.2381806393 35.8293995486 983.822131759 -736.194217022 10.9404074028
0.509360889737 1.60910097319 -71.2381806393 35.8293995486 983.822131759 -736.194217022 10.9404074028
0.509360889737 1.60910097319 -71.2381806393 35.8293995486 983.822131759 -736.194217022 10.9404074028
0.509360889737 1.60910097319 -71.2381806393 35.8293995486 983.822131759 -736.194217022 10.9404074028
0.509360889737 1.60910097319 -71.2381806393 35.8293995486 983.822131759 -736.194217021 10.9404074028
   direc: array([[  1.000e+00,   0.000e+00,   0.000e+00,   0.000e+00,   0.000e+00,
          0.000e+00],
       [  0.000e+00,   1.000e+00,   0.000e+00,   0.000e+00,   0.000e+00,
          0.000e+00],
       [  3.126e-03,  -8.485e-02,  -3.137e+00,   3.745e-02,   9.363e-11,
          4.227e-03],
       [  0.000e+00,   0.000e+00,   0.000e+00,   1.000e+00,   0.000e+00,
          0.000e+00],
       [  0.000e+00,   0.000e+00,   0.000e+00,   0.000e+00,   1.000e+00,
          0.000e+00],
       [  5.530e-03,  -2.397e-02,  -1.214e-02,  -1.581e-03,   1.266e-02,
         -1.164e+01]])
     fun: 10.940407402813435
 message: 'Optimization terminated successfully.'
    nfev: 763
     nit: 5
  status: 0
 success: True
       x: array([  5.094e-01,   1.609e+00,  -7.124e+01,   3.583e+01,   9.838e+02,
        -7.362e+02])
