0.6155 1.783 -67.03 35.78 983.8 -702.2 13.2466321811
0.646275 1.783 -67.03 35.78 983.8 -702.2 13.8530303724
0.6155 1.87215 -67.03 35.78 983.8 -702.2 12.0887097903
0.6155 1.783 -70.3815 35.78 983.8 -702.2 11.5723856725
0.6155 1.783 -67.03 37.569 983.8 -702.2 13.7068448588
0.6155 1.783 -67.03 35.78 1032.99 -702.2 18.7694667839
0.6155 1.783 -67.03 35.78 983.8 -737.31 12.4961605761
0.625758333333 1.81271666667 -68.1471666667 36.3763333333 934.61 -713.903333333 12.1563579421
0.588144444444 1.82262222222 -68.5195555556 36.5751111111 967.403333333 -717.804444444 11.8301420938
0.609800925926 1.83582962963 -69.0160740741 34.4548148148 961.937777778 -723.005925926 12.2251486871
0.607901234568 1.85343950617 -69.6780987654 35.8020864198 954.65037037 -729.941234568 12.8400884103
0.609800925926 1.83582962963 -69.0160740741 35.7965648148 961.937777778 -723.005925926 12.1160792653
0.60600154321 1.87104938272 -70.3401234568 35.8076080247 947.362962963 -690.063209877 13.1273194216
0.613125385802 1.80501234568 -67.8575308642 35.7869020062 974.690740741 -725.498302469 11.7988762446
0.612808770576 1.8079473251 -67.9678683128 37.5768222737 973.47617284 -705.198076132 12.0460838545
0.59253484225 1.82947050754 -68.7770096022 36.0554667353 1013.75934156 -711.398916324 12.5257162377
0.617452460562 1.81690512689 -68.3046274005 36.2961166838 954.397335391 -713.277229081 11.801470723
0.611042761203 1.800049377 -67.6709533036 36.8017525434 983.91808299 -699.053424783 12.623459287
0.610111384745 1.82688456647 -68.6797938815 36.047861747 967.432854081 -717.01780064 11.8043107912
0.603547482044 1.74864052879 -70.2069586715 36.9076046072 956.600145462 -724.798617589 11.6754403338
0.60315161529 1.79307427158 -70.0154538117 34.8877097781 961.298630163 -728.334055276 12.1626344975
0.610394481755 1.80422906172 -68.4797646875 36.9045441498 970.43178717 -710.982070918 11.7188391741
0.635232620525 1.77226832096 -69.4505029462 35.9992319535 968.380954282 -713.453562454 11.469930876
0.658776708565 1.74709137033 -69.9159766415 35.7112923748 968.869764756 -711.27812146 11.4421285689
0.629487454831 1.74140824466 -69.7023255403 36.414291527 968.830403759 -712.326979865 11.4757616073
0.62615804377 1.72622205684 -70.5433914011 36.2054282045 986.676945238 -715.750801686 11.7745707743
0.634829337852 1.71185140843 -71.8857747831 36.8541516149 970.378941388 -700.28056137 11.0753043089
0.645681313877 1.66527093981 -73.8998967425 37.3877764193 968.223041711 -687.67169082 11.5421594586
0.624687111246 1.78585148114 -69.6473753735 36.6518665534 952.96006894 -704.871315381 11.6955783684
0.645214883091 1.70171861606 -72.1002056491 35.8685247426 963.381320931 -707.603127637 11.4674340002
0.637764844215 1.69205190829 -71.750205055 35.8600884021 984.326789825 -714.624487259 11.2888421398
0.670310260808 1.71039998714 -71.7050372182 35.2551782799 989.928928091 -691.305808275 12.1297018602
0.620238176735 1.73908039338 -70.5814783082 36.4944980254 964.932341119 -716.42541526 11.329313973
0.659937135097 1.66140064705 -71.5971553257 36.6209488956 956.439853926 -718.64623095 11.3521749619
0.656099573687 1.67632320318 -72.9079397139 36.0555431582 967.279266889 -710.625668113 11.6010861937
0.636140484545 1.72513698429 -70.5037290837 36.3246044348 968.442619542 -711.901651927 11.2460583914
0.637347345912 1.72381895453 -69.9779007499 36.7533365065 974.415449254 -716.782361772 11.6637270898
0.643247998796 1.70724370068 -71.5696294243 36.0897276836 966.139853012 -709.897936171 11.1689367332
0.618609283848 1.66516364371 -72.7133473518 37.0367139774 968.017034848 -712.647306186 11.4528234117
0.648734852386 1.72660943867 -70.6153193191 36.0426477754 968.656582279 -711.620417641 11.231535906
0.61371476308 1.77259063086 -70.7048899987 35.9342904165 984.519188462 -702.937258926 11.5202998277
0.648381542092 1.689198143 -71.374088994 36.4492842758 963.45968756 -714.718987944 11.0533201136
0.662794843228 1.67828346775 -71.9847705782 36.0456700368 975.535816749 -704.589265511 11.1659851391
0.653611508751 1.72072247266 -70.8942323391 36.741940205 953.211043684 -703.045119596 11.2717451528
0.649649842617 1.71355483156 -71.1082255181 36.5214772543 960.98998022 -705.939961511 11.1137330066
0.659738987779 1.68377667908 -72.3422071219 36.3430484455 966.611000861 -703.780724789 11.1305232625
0.650812665069 1.66802663816 -72.8062461541 36.7251386616 965.715177651 -701.448728124 11.3191415556
0.649254305557 1.71196373855 -71.1630510278 36.213270497 967.921231122 -709.077495262 11.1090890132
0.658301620912 1.68896572211 -71.7164099167 36.7192396911 968.825699621 -702.897729292 11.1085142009
0.637257035709 1.7214867065 -71.211815209 36.9878205561 957.193030175 -707.642554545 11.3714261912
0.656410391348 1.68908427744 -71.7915317359 36.2812076666 970.950120105 -705.352587769 11.0816863831
0.639203359014 1.71776269462 -70.6708202033 36.6698285544 967.564219144 -708.975049594 11.2424741499
0.654605080588 1.69227318296 -71.9243603923 36.4247434727 966.849305432 -705.07930599 11.0313248355
0.650944250166 1.68089065927 -72.1768467652 36.4591551518 975.13834819 -706.528927697 11.0787666403
0.651903102096 1.67212405919 -72.4599531679 36.8493234607 970.612802977 -702.541871426 11.0008570366
0.653227500366 1.65220421952 -73.1084042379 37.1673499426 971.958588904 -699.274059507 11.0356727149
0.640722947135 1.68950818799 -72.1544420294 36.386715523 970.304035596 -708.603018107 11.0846818425
0.645117615579 1.68937257152 -72.0449340012 36.4698465651 969.934451602 -707.176695903 11.0203138553
0.63884991811 1.68948573069 -72.1637876319 36.8876271804 967.841058944 -706.756195674 11.1066500656
0.652020273038 1.68918464075 -71.8845957099 36.4328125451 970.172854815 -705.703489746 11.0404816456
0.644674733583 1.70044400935 -71.6810555843 36.7008988263 961.997666401 -705.304709762 11.1792326905
0.64937687102 1.68577899679 -72.0528989699 36.5195910704 971.853177743 -706.222873214 11.0359240789
0.665638823619 1.6607924563 -72.0278356286 36.1943821817 967.248485322 -713.533846704 11.0165408812
0.657839046555 1.6739771595 -72.7574369626 36.5142821561 975.430671737 -698.70037305 11.0342412721
0.65613990678 1.66892150134 -72.5378773309 36.5579104238 970.470110122 -705.381499017 11.0171576496
0.661037654052 1.66670798015 -72.5312335246 36.4839050163 968.328764655 -704.581657483 11.0687652137
0.652292066778 1.68101124263 -72.1724826086 36.5106695569 970.972074471 -705.812569281 11.0104162712
0.650726485259 1.68085451181 -71.6317107472 36.4880097309 963.265071572 -714.474889724 11.0989082605
0.656060906231 1.67569649758 -72.4760054088 36.5077140498 972.389271695 -702.644002218 11.0095737502
0.65444572644 1.65703292656 -72.6486689897 36.6052052733 973.693093298 -707.28418886 11.0142010264
0.667042561735 1.64915365635 -72.729340377 36.6052217503 971.860827693 -705.222629932 11.0383561347
0.650598852118 1.67931784273 -72.2160355951 36.5036903614 970.416045625 -706.68817941 10.9958874062
0.654173252314 1.67307017366 -72.1291164687 36.4990845374 971.307147674 -707.45338695 11.0246062744
0.655648243164 1.66995866942 -72.4356871154 36.5432039522 970.67936951 -705.899471 10.9971756116
0.64134414199 1.68425462306 -72.7751086665 36.9788867031 975.672400537 -696.756247361 11.0262915026
0.659565153212 1.66665799799 -72.2146538881 36.390508312 969.354464126 -709.339446868 10.9959857073
0.654243714759 1.69122250996 -72.0096036049 36.4964979577 967.781582836 -703.690991208 11.0145013314
0.65439522352 1.66558032241 -72.4889026435 36.5780284444 972.215215683 -706.385889447 11.0042533837
0.657098426669 1.66210055381 -72.591263331 36.6134866366 970.916982068 -705.353717509 11.006092187
0.653675427362 1.6628833176 -72.3261598382 36.6516996727 969.009021634 -709.425523002 11.014929181
0.655464536514 1.67249320259 -72.4385440161 36.5437104555 971.54420918 -704.339382414 11.0018554609
0.652093276872 1.67994347763 -72.1599954777 36.5226683588 970.690386965 -706.377696013 11.0070507508
0.65584713922 1.66656128477 -72.4834463677 36.5907820672 970.860333292 -705.609712135 10.9956314787
0.655280451921 1.67679069649 -72.2605374066 36.5623777586 968.940525887 -705.086798304 11.0019219574
0.655059144821 1.67398810297 -72.3176287158 36.5662904301 969.759198336 -705.41157109 10.994863091
0.654076008363 1.67037611644 -72.2705909338 36.6042224057 969.016528775 -707.490701562 11.003136728
0.655117404476 1.67196393105 -72.3965557456 36.5588384431 970.912289079 -705.127212201 10.9978195745
0.658708876908 1.67069188378 -72.228049308 36.2017810613 970.047763679 -710.149992809 11.0071249306
0.653604545799 1.67176601534 -72.4019772029 36.6874378608 970.471543152 -704.443901772 10.9969860874
0.654990288302 1.67078604002 -72.2932538828 36.5351325515 969.601362268 -707.336881891 10.9992625657
0.655085625432 1.67166945829 -72.3707302799 36.5529119702 970.584557376 -705.679629624 10.9955058433
0.65427191037 1.67336156461 -72.2324702345 36.5540030483 969.802677792 -706.491342633 10.996756563
0.656538062592 1.67208606844 -72.2096778241 36.3652908689 969.78754903 -708.629392149 10.9960223548
0.656626082095 1.67006535379 -72.3715873224 36.4358216216 970.451371469 -707.294634459 11.0010628588
0.654860453301 1.6725375119 -72.2672495065 36.5244576916 969.964851212 -706.692165589 10.9949362464
0.653800726776 1.6714913311 -72.4135702936 36.6775894086 970.525600959 -704.510842757 10.9964089934
0.655853728638 1.67193738411 -72.2606509415 36.4433655038 969.972062012 -707.599754801 10.9936954919
0.649536494632 1.67867919693 -72.4239265807 36.6699910294 971.164551825 -703.220890681 10.994735267
0.658148676563 1.66580647026 -72.4918418688 36.612242536 970.352472393 -704.716395229 10.9980905429
0.65248630823 1.67593999961 -72.2849871636 36.530828405 970.400152317 -706.195233365 10.9931009356
0.651780112465 1.6816892665 -72.1582780283 36.5051662762 969.754791067 -705.990036248 10.9969656449
0.654830382531 1.6703432802 -72.4021542828 36.5693781194 970.583947736 -705.704793163 10.9936431516
0.652456545285 1.67613903361 -72.2814687838 36.5485250896 970.03036377 -705.928506606 10.9965744894
0.654428355396 1.67278685212 -72.3484149058 36.55181525 970.446008975 -705.741848869 10.9941246919
0.652537684781 1.67535409341 -72.4120046903 36.5860985543 970.810455855 -704.5991984 10.9968029428
0.654279761171 1.67324165728 -72.3034383024 36.5398679073 970.176252373 -706.168923792 10.9936749563
0.652079198712 1.67365468712 -72.3568953431 36.5354583083 971.155126743 -706.132243801 10.9941401985
0.658449416927 1.66728875655 -72.2282537324 36.3869134686 969.74663156 -709.293375249 10.9956748318
0.651764725206 1.67583158683 -72.3750083686 36.5992216392 970.810071759 -704.739011823 10.9931369312
0.655801888345 1.6730388996 -72.3013226451 36.5427006333 969.641038314 -705.917611471 10.9946488868
0.65300987112 1.67350074024 -72.3430021686 36.5372688895 970.776604636 -706.078585718 10.9936014283
0.65297990357 1.6741446973 -72.3079988367 36.5214949047 970.460354636 -706.420252018 10.9932451975
0.650596588638 1.67572993638 -72.4115454328 36.6559877846 971.097065807 -704.169178493 10.9938717913
0.654539443638 1.67288552218 -72.2983745643 36.496521074 970.253312961 -706.742110724 10.9930593055
0.652257116927 1.67430695151 -72.3670701591 36.5450364367 970.918562309 -705.791071812 10.9934727661
0.650848740366 1.67852655235 -72.2566594708 36.5074123303 970.622405137 -706.28396199 10.9950457234
0.65383497199 1.67238909824 -72.3657805798 36.5538866721 970.593562086 -705.84958537 10.9931187704
0.6529442854 1.67499854498 -72.3234043887 36.5450608211 970.368734054 -705.833835986 10.9949660953
0.65299347469 1.67387519142 -72.3381027237 36.5392168724 970.67463699 -706.017398285 10.9930077102
0.653942492181 1.67404841369 -72.2896805864 36.5353534192 970.145467941 -706.19679205 10.9933488537
0.653521148367 1.67411304814 -72.3090279796 36.5377741735 970.338741533 -706.095361991 10.9929526225
0.65340012047 1.67420011817 -72.3490949565 36.564321374 970.563137912 -705.459315168 10.9935274813
0.653084957795 1.67415855252 -72.3182728666 36.5322015221 970.486050455 -706.180017806 10.9929289203
0.655055376364 1.67195555054 -72.2631735906 36.4642546006 970.105413688 -707.62089069 10.9929861501
0.653391931038 1.67525352323 -72.2381990496 36.4797122104 970.159207229 -707.10075225 10.9929737635
0.655042469068 1.6714737964 -72.3033964279 36.4857317459 970.272301969 -707.056943883 10.9932034742
0.653125348439 1.67482344881 -72.2895894797 36.5195542403 970.36818973 -706.410660995 10.9928688966
0.652517968593 1.67517424938 -72.2870806656 36.5277167991 970.457433581 -706.399583282 10.9929177444
0.653905435509 1.67461759945 -72.2303451536 36.4811876429 969.963708415 -707.251690719 10.9930875245
0.653221464895 1.67406079343 -72.3111633311 36.524709565 970.496904846 -706.325971394 10.992850503
0.651232230012 1.67723898797 -72.3212708668 36.5763015696 970.66342877 -705.216558549 10.993408598
0.654099589776 1.67327640989 -72.2776979096 36.4922663428 970.244917459 -707.019807655 10.9927772544
0.653131561583 1.67328197749 -72.3594116945 36.5650286705 970.638205306 -705.709715457 10.9929599334
0.653196653947 1.67377486393 -72.3291085333 36.5436995555 970.518455787 -706.057474655 10.9929600265
0.653660527335 1.67366860166 -72.2944306204 36.5084879539 970.370911153 -706.672889524 10.9928294085
0.653612469108 1.67404992935 -72.2836436946 36.5059102915 970.306553594 -706.715234325 10.9928606078
0.653308779185 1.67422532964 -72.2823892876 36.5099915709 970.35117552 -706.709695468 10.9928013757
0.653592273785 1.67371748121 -72.2979853881 36.5122339324 970.365483957 -706.59991273 10.9929169063
0.653810369072 1.67369472902 -72.2933629446 36.5150202582 970.291829496 -706.557584823 10.9928735998
0.653745760407 1.67426496656 -72.2579484796 36.4859892766 970.202062344 -707.060279952 10.9928718302
0.653820224509 1.67400917417 -72.2651722574 36.4936546322 970.223665898 -706.978584519 10.9929341357
0.653649261466 1.67379040445 -72.2897821055 36.5075891074 970.330029442 -706.694580677 10.9929192346
0.65370418448 1.67375086977 -72.2800435986 36.5011289569 970.298046489 -706.864751561 10.9928478021
0.653880058556 1.67347250578 -72.286064265 36.5003771484 970.307914306 -706.846348589 10.9928030986
0.653856029442 1.67366316962 -72.2806708021 36.4990883172 970.275735526 -706.86752099 10.9928063583
0.653922675092 1.67377068823 -72.2678231946 36.4891278097 970.223489901 -707.040043804 10.9928428661
0.653954979424 1.67348556946 -72.2855304271 36.5036433005 970.268373477 -706.788696239 10.992850503
0.653845931781 1.67349694555 -72.2878416489 36.5022501376 970.305200708 -706.809860192 10.9928205609
0.653814510285 1.67365796016 -72.2745167125 36.491102937 970.283394652 -707.027414692 10.9927887563
0.654102080497 1.67336168998 -72.2781612457 36.490275274 970.248837695 -707.005580412 10.9927561134
0.654301028505 1.67316710009 -72.2772200692 36.4848484326 970.224233298 -707.075994838 10.9928848222
0.653943391687 1.67320553877 -72.2938276667 36.5026589093 970.331843547 -706.818800373 10.9928884078
0.65392785424 1.67362940086 -72.2743243126 36.4925105846 970.250578313 -706.984732946 10.9928687103
0.654100835136 1.67331904994 -72.2779295776 36.4912708084 970.246877577 -707.012694034 10.9928205609
0.653958295391 1.67350982507 -72.2763389791 36.4906891055 970.266116174 -707.016497552 10.9927764628
0.653991069526 1.67341709788 -72.2821127553 36.4953262112 970.278376 -706.925964501 10.9928175341
0.653979054969 1.6735124298 -72.2794160239 36.4946817956 970.262286611 -706.936550701 10.992818512
0.653974006139 1.67342931776 -72.2830014473 36.4962627058 970.277019201 -706.907720302 10.9928392339
0.654012377794 1.6735661891 -72.2729922201 36.4897015419 970.236163798 -707.022812108 10.992798442
0.654073898299 1.67346610949 -72.27264882 36.4877188731 970.23586675 -707.065646134 10.9927784652
0.653938090356 1.67362539717 -72.2759604371 36.491526792 970.262338099 -706.978323102 10.9928614926
0.654060148941 1.67339563674 -72.2774372925 36.4913348043 970.250742707 -707.004101301 10.9928449616
0.654030187944 1.67343575752 -72.2772501124 36.4904821898 970.257476934 -707.011038982 10.9928226564
0.654087989398 1.67341389973 -72.2754050328 36.4889970735 970.242352222 -707.035613273 10.9928048216
0.654057229145 1.67346393954 -72.2755767329 36.4899884079 970.242500746 -707.01419626 10.9928028192
0.654046575011 1.67338939393 -72.2801370005 36.4928007426 970.263606848 -706.965772457 10.9928349964
0.654040567733 1.67343705989 -72.2787886348 36.4924785348 970.255562153 -706.971065557 10.9928457066
0.654101457816 1.67334036996 -72.2780454116 36.4907730412 970.247857636 -707.009137223 10.9928031452
0.654101272204 1.67336462366 -72.2760698772 36.4886270416 970.245315208 -707.042713979 10.9927989077
0.654113497323 1.67340403287 -72.2733658037 36.4869136001 970.2311733 -707.073654253 10.9928546939
0.654063305589 1.67339305366 -72.2784442013 36.491328957 970.255498461 -706.992742906 10.992848454
0.65410167635 1.67336315682 -72.2771155614 36.4894511578 970.247076451 -707.024147196 10.9927947167
0.654079654821 1.67341281476 -72.2768689893 36.490131841 970.245669221 -707.009888336 10.9928253572
0.654101769157 1.67335102997 -72.2781033286 36.4905241576 970.248347665 -707.007358818 10.9928170685
0.654095034947 1.67338779486 -72.2767831392 36.4896361738 970.245594959 -707.020596843 10.992810037
0.65406613422 1.67339872375 -72.277705679 36.4903787319 970.253157315 -707.008309697 10.9928323887
0.654074327754 1.67337554195 -72.2791491231 36.4915380083 970.256222271 -706.985676435 10.9928085934
0.654118713622 1.67335195236 -72.2776881168 36.4901401389 970.244092106 -707.009439649 10.9927801881
0.654118212621 1.67331757389 -72.278797849 36.4903897958 970.251054495 -707.007711448 10.9928069636
0.654101579441 1.67336820665 -72.2777950164 36.4899526919 970.249278327 -707.01035851 10.992778698
0.654110495148 1.67332491236 -72.2794524982 36.4909461818 970.253258823 -706.993707707 10.9928602353
0.654098899997 1.67337207423 -72.277450479 36.4899636758 970.247510925 -707.013874559 10.992801981
0.654139393089 1.67333600936 -72.2765202997 36.4885195698 970.239727729 -707.03802749 10.9928159975
0.654090594088 1.6733656588 -72.2784919172 36.4907833987 970.252098636 -706.998764198 10.9927914105
0.654086302044 1.67341000573 -72.2767695965 36.4897989832 970.245243551 -707.01301006 10.9928351827
0.654110234977 1.67334068185 -72.2782907859 36.4902420927 970.249601759 -707.009036101 10.9928078484
0.654101829969 1.67336494832 -72.277978131 36.490113983 970.249058011 -707.007969461 10.9927964862
0.654110397059 1.67335682117 -72.2779246812 36.4902077065 970.2464649 -707.007510031 10.9928101767
0.654096337292 1.67336367439 -72.2783265814 36.4905293364 970.250468165 -707.002172305 10.9927899204
0.654101878424 1.6733624234 -72.2776384035 36.4898632159 970.247957073 -707.014863804 10.9927546699
0.654100490247 1.67336688211 -72.2778058623 36.4901194749 970.24817431 -707.009727486 10.9928088728
0.654110146559 1.67333963193 -72.2784795473 36.4903325349 970.249946095 -707.00664593 10.9928059857
0.65409385727 1.67336292887 -72.2782052426 36.4902035666 970.251682216 -707.008143102 10.9927868471
0.65410155309 1.67335155019 -72.2784571882 36.4903198287 970.251142108 -707.00539752 10.9927789308
0.654089032288 1.67338277312 -72.2777760501 36.4901025332 970.249768994 -707.008062938 10.9928200953
0.654104867991 1.67335041723 -72.278303673 36.4902750345 970.24990182 -707.007000182 10.992788244
0.654098361552 1.67335261304 -72.2783859804 36.490374769 970.250938348 -707.006416314 10.9927940648
0.654099228656 1.67335569686 -72.2782840181 36.4903095725 970.250468264 -707.006804601 10.9928032383
0.65410197946 1.67336205669 -72.2778998246 36.490069245 970.248397384 -707.010222108 10.9927829821
0.654101715757 1.6733569868 -72.2780477959 36.4900915223 970.249549591 -707.010130662 10.9927682206
0.654097867847 1.67336267614 -72.277921823 36.4900333912 970.249819644 -707.011503453 10.9927739948
0.654103373207 1.67335642031 -72.2779710383 36.4900691252 970.248929446 -707.010931993 10.992801981
0.654099107858 1.6733630489 -72.2779824925 36.4901962761 970.249212619 -707.008518055 10.9927647281
0.654101854196 1.67336368586 -72.2778082673 36.4899885994 970.248507542 -707.011416633 10.9927842859
0.65409809464 1.67336720561 -72.277795164 36.4900116248 970.248885171 -707.011286245 10.992792435
0.654099414281 1.67336450929 -72.2778391326 36.4900259999 970.24889624 -707.011197682 10.9927996993
0.654100493141 1.67336273615 -72.277810448 36.490029746 970.248584846 -707.011690929 10.9927633777
0.65410179709 1.6733597051 -72.2778430997 36.4899773691 970.248753332 -707.012497233 10.9927520622
0.654099873135 1.67336254977 -72.2777801133 36.4899483036 970.248888359 -707.013183629 10.992767103
0.654101928942 1.67336224004 -72.2777691141 36.4899662304 970.248177228 -707.012542956 10.9927727375
0.65410186631 1.67336305463 -72.2777233354 36.4899259077 970.248232308 -707.013140218 10.992764635
0.654102625815 1.67335942186 -72.2778047209 36.4899661706 970.24844326 -707.012897899 10.9927434009
0.654100915696 1.67336105692 -72.2777642596 36.4899373405 970.248775831 -707.013548281 10.9927880112
0.65410167563 1.67336194426 -72.2777679004 36.489959008 970.248326879 -707.012794287 10.9927680809
0.654101169008 1.6733613527 -72.2777654732 36.489944563 970.24862618 -707.01329695 10.992779769
0.654101548975 1.67336179637 -72.2777672936 36.4899553967 970.248401704 -707.012919953 10.9927732032
0.654102211453 1.67335956348 -72.2778239103 36.4899717698 970.248598296 -707.012697566 10.9927373473
0.654102252119 1.67336092263 -72.2777215622 36.4899146932 970.248200166 -707.013880851 10.9927760903
0.654101559478 1.673361079 -72.2778075845 36.4899979583 970.248514053 -707.012294414 10.9927833546
0.654102246063 1.67336123824 -72.2777640282 36.4899460391 970.248337784 -707.013019059 10.9927803744
0.654101249475 1.67336098581 -72.2777924171 36.4899572371 970.248665809 -707.013040764 10.9927803744
0.654102150723 1.67336068306 -72.2777863107 36.4899625893 970.248385069 -707.012846093 10.9927696176
0.654102685738 1.67335985936 -72.277756732 36.4899082081 970.248362742 -707.013832996 10.9927474055
0.654103474495 1.67335957706 -72.2777600043 36.4899325863 970.248109963 -707.013350724 10.9927434009
0.654102887385 1.6733587709 -72.277787052 36.4899393 970.248362048 -707.013482985 10.9927901998
0.654102406393 1.67336062141 -72.2777697841 36.4899443543 970.24834385 -707.01313504 10.9927696176
0.654102932753 1.67335898611 -72.2778455919 36.4899805329 970.24854756 -707.012372588 10.992793506
0.654102422278 1.6733604385 -72.2777525696 36.4899311531 970.248287015 -707.013503786 10.9927672893
0.654102783774 1.67335922636 -72.2777916318 36.4899464714 970.248384932 -707.013241314 10.9927694779
0.654103250462 1.67335867914 -72.277776879 36.4899228638 970.248343666 -707.013662002 10.9927757178
0.654102425658 1.67336018208 -72.2777839528 36.4899526579 970.248374719 -707.01305007 10.9927526675
0.654102498038 1.67336045442 -72.2777689981 36.4899410439 970.2483404 -707.013203032 10.9927633312
0.654102884788 1.67335924758 -72.2778135365 36.489959659 970.248456111 -707.01284031 10.9927593265
0.654102937944 1.67335882939 -72.2778119541 36.4899559733 970.248441297 -707.013020156 10.99279318
0.654102608015 1.67336004816 -72.2777797371 36.4899447762 970.248365624 -707.013157313 10.9927503858
0.654102458937 1.67336030308 -72.2777561493 36.4899323973 970.248295423 -707.013488546 10.9927633312
0.654102778325 1.67335951146 -72.2777991897 36.4899528436 970.248415939 -707.013002369 10.9927434009
0.654103035623 1.67335914504 -72.277790812 36.4899394603 970.248390556 -707.013262886 10.9927563928
0.654102578149 1.67335992282 -72.2777856676 36.4899493585 970.248378678 -707.013103274 10.9927474055
0.65410284331 1.67335923719 -72.2777970045 36.4899488694 970.248404002 -707.013137629 10.9927617479
0.654102666839 1.67335984542 -72.277784054 36.4899457995 970.248375218 -707.013152392 10.9927474055
0.654102784487 1.67335943993 -72.2777926876 36.4899478461 970.248394407 -707.01314255 10.9927434009
0.654102941955 1.67335920156 -72.277793414 36.489943783 970.248396191 -707.013204761 10.9927565325
0.654102669101 1.67335974251 -72.2777876042 36.4899479646 970.248383056 -707.013128646 10.9927446116
0.65410282882 1.67335922607 -72.2778326404 36.4899981856 970.248418899 -707.012240255 10.9927561134
0.654102721509 1.67335970104 -72.2777757091 36.4899307024 970.248376781 -707.013434811 10.9927446116
0.65410279305 1.67335938439 -72.2778136633 36.4899756912 970.248404859 -707.01263844 10.9927658457
0.654102739394 1.67335962188 -72.2777851976 36.4899419496 970.248383801 -707.013235718 10.9927380923
0.654102868889 1.67335930271 -72.277800966 36.489956424 970.248398832 -707.012980296 10.9927694779
0.654102719048 1.67335963256 -72.2777909446 36.4899500795 970.248387 -707.013091558 10.992739955
0.65410273169 1.6733596695 -72.2777953015 36.489957287 970.248385012 -707.012949394 10.992744565
0.654102771287 1.67335949732 -72.2777933411 36.4899502063 970.248392059 -707.013094261 10.9927434009
0.654102475423 1.67335959268 -72.277804554 36.4899568597 970.248491048 -707.012966642 10.992739955
0.65410246525 1.67335959802 -72.2778074275 36.4899609246 970.248492648 -707.012894562 10.9927418642
0.654102418634 1.67335949267 -72.2778143156 36.4899689702 970.248520778 -707.012797732 10.9927434009
0.654102842974 1.67335957027 -72.2777919573 36.4899521781 970.248354129 -707.013024145 10.9927449841
0.654102494889 1.67335953747 -72.27781155 36.4899623067 970.248507118 -707.012849968 10.9927455895
0.65410249797 1.6733595017 -72.277808299 36.489959808 970.248496352 -707.012920058 10.9927457292
0.654102471571 1.67335961649 -72.2778096059 36.4899645284 970.248491654 -707.01282348 10.9927380923
0.65410246688 1.67335960706 -72.2778057069 36.4899627703 970.248475734 -707.012884742 10.9927380923
0.65410199343 1.67335958653 -72.2778298827 36.4899764296 970.248669256 -707.012664096 10.9927380923
0.654102276035 1.67335969542 -72.2778127135 36.489962124 970.248552101 -707.012845964 10.9927446116
0.654102382984 1.67335954335 -72.2778139151 36.4899672586 970.248528609 -707.01280979 10.9927474055
0.654102341512 1.67335958998 -72.2778167581 36.4899681491 970.248544975 -707.012760523 10.9927418642
0.654102339166 1.67335958527 -72.2778148086 36.48996727 970.248537015 -707.012791154 10.9927373473
0.654102102441 1.673359575 -72.2778268965 36.4899740997 970.248633776 -707.012680831 10.9927380923
0.654102343438 1.67335957808 -72.2778142321 36.4899643148 970.248544672 -707.012832104 10.9927380923
0.654102338351 1.67335958075 -72.2778156689 36.4899663472 970.248545472 -707.012796064 10.9927380923
0.654102315043 1.67335952807 -72.277819113 36.48997037 970.248559537 -707.012747649 10.9927477781
0.654102243744 1.67335962945 -72.2778183119 36.4899669469 970.248575198 -707.012771765 10.9927380923
0.654102184686 1.67335958069 -72.2778211847 36.489968767 970.248599835 -707.012762638 10.9927380923
0.654102223892 1.67335958301 -72.277820078 36.4899686126 970.24858612 -707.012762109 10.9927380923
0.654102302306 1.67335958766 -72.2778178647 36.4899683036 970.24855869 -707.012761052 10.9927411191
0.654102243496 1.67335958418 -72.2778195247 36.4899685353 970.248579262 -707.012761845 10.9927380923
0.654102275309 1.67335957437 -72.2778193594 36.4899695199 970.248567655 -707.01274436 10.9927418642
0.654102156947 1.67335956924 -72.2778254034 36.4899729348 970.248616036 -707.012689198 10.9927380923
0.654102277445 1.67335957078 -72.2778190712 36.4899680423 970.248571484 -707.012764835 10.9927418642
0.654102274902 1.67335957211 -72.2778197896 36.4899690585 970.248571884 -707.012746815 10.9927418642
0.654102227598 1.67335959646 -72.2778211111 36.4899693584 970.248586747 -707.012734665 10.9927380923
0.654102217673 1.67335957325 -72.2778219942 36.4899701912 970.248592208 -707.012729838 10.9927380923
 final_simplex: (array([[  6.541e-01,   1.673e+00,  -7.228e+01,   3.649e+01,   9.702e+02,
         -7.070e+02],
       [  6.541e-01,   1.673e+00,  -7.228e+01,   3.649e+01,   9.702e+02,
         -7.070e+02],
       [  6.541e-01,   1.673e+00,  -7.228e+01,   3.649e+01,   9.702e+02,
         -7.070e+02],
       [  6.541e-01,   1.673e+00,  -7.228e+01,   3.649e+01,   9.702e+02,
         -7.070e+02],
       [  6.541e-01,   1.673e+00,  -7.228e+01,   3.649e+01,   9.702e+02,
         -7.070e+02],
       [  6.541e-01,   1.673e+00,  -7.228e+01,   3.649e+01,   9.702e+02,
         -7.070e+02],
       [  6.541e-01,   1.673e+00,  -7.228e+01,   3.649e+01,   9.702e+02,
         -7.070e+02]]), array([ 10.993,  10.993,  10.993,  10.993,  10.993,  10.993,  10.993]))
           fun: 10.992737347260118
       message: 'Optimization terminated successfully.'
          nfev: 280
           nit: 125
        status: 0
       success: True
             x: array([  6.541e-01,   1.673e+00,  -7.228e+01,   3.649e+01,   9.702e+02,
        -7.070e+02])
